        -:    0:Source:C:/QTbun/6.8.0/mingw_64/include/QtCore/qobject.h
        -:    0:Graph:C:\Users\Next\CLionProjects\qt1\cmake-build-debug-coverage\CMakeFiles\qt1.dir\main.cpp.gcno
        -:    0:Data:C:\Users\Next\CLionProjects\qt1\cmake-build-debug-coverage\CMakeFiles\qt1.dir\main.cpp.gcda
        -:    0:Runs:1
        -:    1:// Copyright (C) 2020 The Qt Company Ltd.
        -:    2:// Copyright (C) 2013 Olivier Goffart <ogoffart@woboq.com>
        -:    3:// SPDX-License-Identifier: LicenseRef-Qt-Commercial OR LGPL-3.0-only OR GPL-2.0-only OR GPL-3.0-only
        -:    4:
        -:    5:#ifndef QOBJECT_H
        -:    6:#define QOBJECT_H
        -:    7:
        -:    8:#ifndef QT_NO_QOBJECT
        -:    9:
        -:   10:#include <QtCore/qobjectdefs.h>
        -:   11:#include <QtCore/qstring.h>
        -:   12:#include <QtCore/qbytearray.h>
        -:   13:#include <QtCore/qlist.h>
        -:   14:#ifdef QT_INCLUDE_COMPAT
        -:   15:#include <QtCore/qcoreevent.h>
        -:   16:#endif
        -:   17:#include <QtCore/qscopedpointer.h>
        -:   18:#include <QtCore/qmetatype.h>
        -:   19:
        -:   20:#include <QtCore/qobject_impl.h>
        -:   21:#include <QtCore/qbindingstorage.h>
        -:   22:
        -:   23:#include <chrono>
        -:   24:
        -:   25:QT_BEGIN_NAMESPACE
        -:   26:
        -:   27:
        -:   28:template <typename T> class QBindable;
        -:   29:class QEvent;
        -:   30:class QTimerEvent;
        -:   31:class QChildEvent;
        -:   32:struct QMetaObject;
        -:   33:class QVariant;
        -:   34:class QObjectPrivate;
        -:   35:class QObject;
        -:   36:class QThread;
        -:   37:class QWidget;
        -:   38:class QAccessibleWidget;
        -:   39:#if QT_CONFIG(regularexpression)
        -:   40:class QRegularExpression;
        -:   41:#endif
        -:   42:struct QDynamicMetaObjectData;
        -:   43:
        -:   44:typedef QList<QObject*> QObjectList;
        -:   45:
        -:   46:#if QT_CORE_REMOVED_SINCE(6, 7)
        -:   47:Q_CORE_EXPORT void qt_qFindChildren_helper(const QObject *parent, const QString &name,
        -:   48:                                           const QMetaObject &mo, QList<void *> *list, Qt::FindChildOptions options);
        -:   49:#endif
        -:   50:Q_CORE_EXPORT void qt_qFindChildren_helper(const QObject *parent, QAnyStringView name,
        -:   51:                                           const QMetaObject &mo, QList<void *> *list,
        -:   52:                                           Qt::FindChildOptions options);
        -:   53:#if QT_CORE_REMOVED_SINCE(6, 7)
        -:   54:Q_CORE_EXPORT void qt_qFindChildren_helper(const QObject *parent, const QMetaObject &mo,
        -:   55:                                           QList<void *> *list, Qt::FindChildOptions options);
        -:   56:#endif
        -:   57:Q_CORE_EXPORT void qt_qFindChildren_helper(const QObject *parent, const QRegularExpression &re,
        -:   58:                                           const QMetaObject &mo, QList<void *> *list, Qt::FindChildOptions options);
        -:   59:#if QT_CORE_REMOVED_SINCE(6, 7)
        -:   60:Q_CORE_EXPORT QObject *qt_qFindChild_helper(const QObject *parent, const QString &name, const QMetaObject &mo, Qt::FindChildOptions options);
        -:   61:#endif
        -:   62:Q_CORE_EXPORT QObject *qt_qFindChild_helper(const QObject *parent, QAnyStringView name,
        -:   63:                                            const QMetaObject &mo, Qt::FindChildOptions options);
        -:   64:
        -:   65:class Q_CORE_EXPORT QObjectData
        -:   66:{
        -:   67:    Q_DISABLE_COPY(QObjectData)
        -:   68:public:
        -:   69:    QObjectData() = default;
        -:   70:    virtual ~QObjectData() = 0;
        -:   71:    QObject *q_ptr;
        -:   72:    QObject *parent;
        -:   73:    QObjectList children;
        -:   74:
        -:   75:    uint isWidget : 1;
        -:   76:    uint blockSig : 1;
        -:   77:    uint wasDeleted : 1;
        -:   78:    uint isDeletingChildren : 1;
        -:   79:    uint sendChildEvents : 1;
        -:   80:    uint receiveChildEvents : 1;
        -:   81:    uint isWindow : 1; // for QWindow
        -:   82:    uint deleteLaterCalled : 1;
        -:   83:    uint isQuickItem : 1;
        -:   84:    uint willBeWidget : 1; // for handling widget-specific bits in QObject's ctor
        -:   85:    uint wasWidget : 1; // for properly cleaning up in QObject's dtor
        -:   86:    uint receiveParentEvents: 1;
        -:   87:    uint unused : 20;
        -:   88:    QAtomicInt postedEvents;
        -:   89:    QDynamicMetaObjectData *metaObject;
        -:   90:    QBindingStorage bindingStorage;
        -:   91:
        -:   92:    // ### Qt7: Make this return a const QMetaObject *. You should not mess with
        -:   93:    //          the metaobjects of existing objects.
        -:   94:    QMetaObject *dynamicMetaObject() const;
        -:   95:
        -:   96:#ifdef QT_DEBUG
        -:   97:    enum { CheckForParentChildLoopsWarnDepth = 4096 };
        -:   98:#endif
        -:   99:};
        -:  100:
        -:  101:class Q_CORE_EXPORT QObject
        -:  102:{
        -:  103:    Q_OBJECT
        -:  104:
        -:  105:    Q_PROPERTY(QString objectName READ objectName WRITE setObjectName NOTIFY objectNameChanged
        -:  106:               BINDABLE bindableObjectName)
        -:  107:    Q_DECLARE_PRIVATE(QObject)
        -:  108:
        -:  109:public:
        -:  110:    Q_INVOKABLE explicit QObject(QObject *parent = nullptr);
        -:  111:    virtual ~QObject();
        -:  112:
        -:  113:    virtual bool event(QEvent *event);
        -:  114:    virtual bool eventFilter(QObject *watched, QEvent *event);
        -:  115:
        -:  116:#if defined(QT_NO_TRANSLATION) || defined(Q_QDOC)
        -:  117:    static QString tr(const char *sourceText, const char * = nullptr, int = -1)
        -:  118:        { return QString::fromUtf8(sourceText); }
        -:  119:#endif // QT_NO_TRANSLATION
        -:  120:
        -:  121:    QString objectName() const;
        -:  122:#if QT_CORE_REMOVED_SINCE(6, 4)
        -:  123:    void setObjectName(const QString &name);
        -:  124:#endif
        -:  125:    Q_WEAK_OVERLOAD
        -:  126:    void setObjectName(const QString &name) { doSetObjectName(name); }
        -:  127:    void setObjectName(QAnyStringView name);
        -:  128:    QBindable<QString> bindableObjectName();
        -:  129:
        -:  130:    inline bool isWidgetType() const { return d_ptr->isWidget; }
        -:  131:    inline bool isWindowType() const { return d_ptr->isWindow; }
        -:  132:    inline bool isQuickItemType() const { return d_ptr->isQuickItem; }
        -:  133:
        -:  134:    inline bool signalsBlocked() const noexcept { return d_ptr->blockSig; }
        -:  135:    bool blockSignals(bool b) noexcept;
        -:  136:
        -:  137:    QThread *thread() const;
        -:  138:    void moveToThread(QThread *thread);
        -:  139:
        -:  140:    int startTimer(int interval, Qt::TimerType timerType = Qt::CoarseTimer);
        -:  141:    int startTimer(std::chrono::milliseconds time, Qt::TimerType timerType = Qt::CoarseTimer);
        -:  142:    void killTimer(int id);
        -:  143:
        -:  144:    template<typename T>
        -:  145:    T findChild(QAnyStringView aName, Qt::FindChildOptions options = Qt::FindChildrenRecursively) const
        -:  146:    {
        -:  147:        typedef typename std::remove_cv<typename std::remove_pointer<T>::type>::type ObjType;
        -:  148:        return static_cast<T>(qt_qFindChild_helper(this, aName, ObjType::staticMetaObject, options));
        -:  149:    }
        -:  150:
        -:  151:    template<typename T>
        -:  152:    QList<T> findChildren(QAnyStringView aName, Qt::FindChildOptions options = Qt::FindChildrenRecursively) const
        -:  153:    {
        -:  154:        typedef typename std::remove_cv<typename std::remove_pointer<T>::type>::type ObjType;
        -:  155:        QList<T> list;
        -:  156:        qt_qFindChildren_helper(this, aName, ObjType::staticMetaObject,
        -:  157:                                reinterpret_cast<QList<void *> *>(&list), options);
        -:  158:        return list;
        -:  159:    }
        -:  160:
        -:  161:    template<typename T>
        -:  162:    T findChild(Qt::FindChildOptions options = Qt::FindChildrenRecursively) const
        -:  163:    {
        -:  164:        return findChild<T>({}, options);
        -:  165:    }
        -:  166:
        -:  167:    template<typename T>
        -:  168:    QList<T> findChildren(Qt::FindChildOptions options = Qt::FindChildrenRecursively) const
        -:  169:    {
        -:  170:        return findChildren<T>(QAnyStringView{}, options);
        -:  171:    }
        -:  172:
        -:  173:#if QT_CONFIG(regularexpression)
        -:  174:    template<typename T>
        -:  175:    inline QList<T> findChildren(const QRegularExpression &re, Qt::FindChildOptions options = Qt::FindChildrenRecursively) const
        -:  176:    {
        -:  177:        typedef typename std::remove_cv<typename std::remove_pointer<T>::type>::type ObjType;
        -:  178:        QList<T> list;
        -:  179:        qt_qFindChildren_helper(this, re, ObjType::staticMetaObject,
        -:  180:                                reinterpret_cast<QList<void *> *>(&list), options);
        -:  181:        return list;
        -:  182:    }
        -:  183:#endif // QT_CONFIG(regularexpression)
        -:  184:
        -:  185:    inline const QObjectList &children() const { return d_ptr->children; }
        -:  186:
        -:  187:    void setParent(QObject *parent);
        -:  188:    void installEventFilter(QObject *filterObj);
        -:  189:    void removeEventFilter(QObject *obj);
        -:  190:
        -:  191:    static QMetaObject::Connection connect(const QObject *sender, const char *signal,
        -:  192:                        const QObject *receiver, const char *member, Qt::ConnectionType = Qt::AutoConnection);
        -:  193:
        -:  194:    static QMetaObject::Connection connect(const QObject *sender, const QMetaMethod &signal,
        -:  195:                        const QObject *receiver, const QMetaMethod &method,
        -:  196:                        Qt::ConnectionType type = Qt::AutoConnection);
        -:  197:
        -:  198:    inline QMetaObject::Connection connect(const QObject *sender, const char *signal,
        -:  199:                        const char *member, Qt::ConnectionType type = Qt::AutoConnection) const;
        -:  200:
        -:  201:#ifdef Q_QDOC
        -:  202:    template<typename PointerToMemberFunction>
        -:  203:    static QMetaObject::Connection connect(const QObject *sender, PointerToMemberFunction signal, const QObject *receiver, PointerToMemberFunction method, Qt::ConnectionType type = Qt::AutoConnection);
        -:  204:    template<typename PointerToMemberFunction, typename Functor>
        -:  205:    static QMetaObject::Connection connect(const QObject *sender, PointerToMemberFunction signal, Functor functor);
        -:  206:    template<typename PointerToMemberFunction, typename Functor>
        -:  207:    static QMetaObject::Connection connect(const QObject *sender, PointerToMemberFunction signal, const QObject *context, Functor functor, Qt::ConnectionType type = Qt::AutoConnection);
        -:  208:#else
        -:  209:    //connect with context
        -:  210:    template <typename Func1, typename Func2>
        -:  211:    static inline QMetaObject::Connection
       20:  212:        connect(const typename QtPrivate::FunctionPointer<Func1>::Object *sender, Func1 signal,
        -:  213:                const typename QtPrivate::ContextTypeForFunctor<Func2>::ContextType *context, Func2 &&slot,
        -:  214:                Qt::ConnectionType type = Qt::AutoConnection)
        -:  215:    {
        -:  216:        typedef QtPrivate::FunctionPointer<Func1> SignalType;
        -:  217:        typedef QtPrivate::FunctionPointer<std::decay_t<Func2>> SlotType;
        -:  218:
        -:  219:        if constexpr (SlotType::ArgumentCount != -1) {
        -:  220:            static_assert((QtPrivate::AreArgumentsCompatible<typename SlotType::ReturnType, typename SignalType::ReturnType>::value),
        -:  221:                            "Return type of the slot is not compatible with the return type of the signal.");
        -:  222:        } else {
       20:  223:            constexpr int FunctorArgumentCount = QtPrivate::ComputeFunctorArgumentCount<std::decay_t<Func2>, typename SignalType::Arguments>::Value;
        -:  224:            [[maybe_unused]]
       20:  225:            constexpr int SlotArgumentCount = (FunctorArgumentCount >= 0) ? FunctorArgumentCount : 0;
        -:  226:            typedef typename QtPrivate::FunctorReturnType<std::decay_t<Func2>, typename QtPrivate::List_Left<typename SignalType::Arguments, SlotArgumentCount>::Value>::Value SlotReturnType;
        -:  227:
        -:  228:            static_assert((QtPrivate::AreArgumentsCompatible<SlotReturnType, typename SignalType::ReturnType>::value),
        -:  229:                            "Return type of the slot is not compatible with the return type of the signal.");
        -:  230:        }
        -:  231:
        -:  232:        static_assert(QtPrivate::HasQ_OBJECT_Macro<typename SignalType::Object>::Value,
        -:  233:                          "No Q_OBJECT in the class with the signal");
        -:  234:
        -:  235:        //compilation error if the arguments does not match.
        -:  236:        static_assert(int(SignalType::ArgumentCount) >= int(SlotType::ArgumentCount),
        -:  237:                          "The slot requires more arguments than the signal provides.");
        -:  238:
       20:  239:        const int *types = nullptr;
       20:  240:        if (type == Qt::QueuedConnection || type == Qt::BlockingQueuedConnection)
    #####:  241:            types = QtPrivate::ConnectionTypes<typename SignalType::Arguments>::types();
        -:  242:
       20:  243:        void **pSlot = nullptr;
        -:  244:        if constexpr (std::is_member_function_pointer_v<std::decay_t<Func2>>) {
        -:  245:            pSlot = const_cast<void **>(reinterpret_cast<void *const *>(&slot));
        -:  246:        } else {
      20*:  247:            Q_ASSERT_X((type & Qt::UniqueConnection) == 0, "",
        -:  248:                       "QObject::connect: Unique connection requires the slot to be a pointer to "
        -:  249:                       "a member function of a QObject subclass.");
        -:  250:        }
        -:  251:
        -:  252:        return connectImpl(sender, reinterpret_cast<void **>(&signal), context, pSlot,
        -:  253:                           QtPrivate::makeCallableObject<Func1>(std::forward<Func2>(slot)),
       20:  254:                           type, types, &SignalType::Object::staticMetaObject);
        -:  255:    }
------------------
_ZN7QObject7connectIM11QListWidgetFvP15QListWidgetItemEZN3GUI11initConnectEvEUlS3_E_EEN11QMetaObject10ConnectionEPKN9QtPrivate15FunctionPointerIT_E6ObjectESC_PKNSA_21ContextTypeForFunctorIT0_vE11ContextTypeEOSI_N2Qt14ConnectionTypeE:
function _ZN7QObject7connectIM11QListWidgetFvP15QListWidgetItemEZN3GUI11initConnectEvEUlS3_E_EEN11QMetaObject10ConnectionEPKN9QtPrivate15FunctionPointerIT_E6ObjectESC_PKNSA_21ContextTypeForFunctorIT0_vE11ContextTypeEOSI_N2Qt14ConnectionTypeE called 1 returned 100% blocks executed 78%
        1:  212:        connect(const typename QtPrivate::FunctionPointer<Func1>::Object *sender, Func1 signal,
        -:  213:                const typename QtPrivate::ContextTypeForFunctor<Func2>::ContextType *context, Func2 &&slot,
        -:  214:                Qt::ConnectionType type = Qt::AutoConnection)
        -:  215:    {
        -:  216:        typedef QtPrivate::FunctionPointer<Func1> SignalType;
        -:  217:        typedef QtPrivate::FunctionPointer<std::decay_t<Func2>> SlotType;
        -:  218:
        -:  219:        if constexpr (SlotType::ArgumentCount != -1) {
        -:  220:            static_assert((QtPrivate::AreArgumentsCompatible<typename SlotType::ReturnType, typename SignalType::ReturnType>::value),
        -:  221:                            "Return type of the slot is not compatible with the return type of the signal.");
        -:  222:        } else {
        1:  223:            constexpr int FunctorArgumentCount = QtPrivate::ComputeFunctorArgumentCount<std::decay_t<Func2>, typename SignalType::Arguments>::Value;
        -:  224:            [[maybe_unused]]
        1:  225:            constexpr int SlotArgumentCount = (FunctorArgumentCount >= 0) ? FunctorArgumentCount : 0;
        -:  226:            typedef typename QtPrivate::FunctorReturnType<std::decay_t<Func2>, typename QtPrivate::List_Left<typename SignalType::Arguments, SlotArgumentCount>::Value>::Value SlotReturnType;
        -:  227:
        -:  228:            static_assert((QtPrivate::AreArgumentsCompatible<SlotReturnType, typename SignalType::ReturnType>::value),
        -:  229:                            "Return type of the slot is not compatible with the return type of the signal.");
        -:  230:        }
        -:  231:
        -:  232:        static_assert(QtPrivate::HasQ_OBJECT_Macro<typename SignalType::Object>::Value,
        -:  233:                          "No Q_OBJECT in the class with the signal");
        -:  234:
        -:  235:        //compilation error if the arguments does not match.
        -:  236:        static_assert(int(SignalType::ArgumentCount) >= int(SlotType::ArgumentCount),
        -:  237:                          "The slot requires more arguments than the signal provides.");
        -:  238:
        1:  239:        const int *types = nullptr;
        1:  240:        if (type == Qt::QueuedConnection || type == Qt::BlockingQueuedConnection)
        1:  240-block  0
branch  0 taken 1 (fallthrough)
branch  1 taken 0
        1:  240-block  1
branch  2 taken 0 (fallthrough)
branch  3 taken 1
    #####:  241:            types = QtPrivate::ConnectionTypes<typename SignalType::Arguments>::types();
    %%%%%:  241-block  0
call    0 never executed
        -:  242:
        1:  243:        void **pSlot = nullptr;
        -:  244:        if constexpr (std::is_member_function_pointer_v<std::decay_t<Func2>>) {
        -:  245:            pSlot = const_cast<void **>(reinterpret_cast<void *const *>(&slot));
        -:  246:        } else {
       1*:  247:            Q_ASSERT_X((type & Qt::UniqueConnection) == 0, "",
        1:  247-block  0
branch  0 taken 0 (fallthrough)
branch  1 taken 1
    %%%%%:  247-block  1
call    2 never executed
        -:  248:                       "QObject::connect: Unique connection requires the slot to be a pointer to "
        -:  249:                       "a member function of a QObject subclass.");
        -:  250:        }
        -:  251:
        -:  252:        return connectImpl(sender, reinterpret_cast<void **>(&signal), context, pSlot,
        -:  253:                           QtPrivate::makeCallableObject<Func1>(std::forward<Func2>(slot)),
        1:  254:                           type, types, &SignalType::Object::staticMetaObject);
        1:  254-block  0
call    0 returned 1
call    1 returned 1
call    2 returned 1
        -:  255:    }
------------------
_ZN7QObject7connectIM15QAbstractButtonFvbEZN7Sortare11initConnectEvEUlvE_EEN11QMetaObject10ConnectionEPKN9QtPrivate15FunctionPointerIT_E6ObjectESA_PKNS8_21ContextTypeForFunctorIT0_vE11ContextTypeEOSG_N2Qt14ConnectionTypeE:
function _ZN7QObject7connectIM15QAbstractButtonFvbEZN7Sortare11initConnectEvEUlvE_EEN11QMetaObject10ConnectionEPKN9QtPrivate15FunctionPointerIT_E6ObjectESA_PKNS8_21ContextTypeForFunctorIT0_vE11ContextTypeEOSG_N2Qt14ConnectionTypeE called 1 returned 100% blocks executed 70%
        1:  212:        connect(const typename QtPrivate::FunctionPointer<Func1>::Object *sender, Func1 signal,
        -:  213:                const typename QtPrivate::ContextTypeForFunctor<Func2>::ContextType *context, Func2 &&slot,
        -:  214:                Qt::ConnectionType type = Qt::AutoConnection)
        -:  215:    {
        -:  216:        typedef QtPrivate::FunctionPointer<Func1> SignalType;
        -:  217:        typedef QtPrivate::FunctionPointer<std::decay_t<Func2>> SlotType;
        -:  218:
        -:  219:        if constexpr (SlotType::ArgumentCount != -1) {
        -:  220:            static_assert((QtPrivate::AreArgumentsCompatible<typename SlotType::ReturnType, typename SignalType::ReturnType>::value),
        -:  221:                            "Return type of the slot is not compatible with the return type of the signal.");
        -:  222:        } else {
        1:  223:            constexpr int FunctorArgumentCount = QtPrivate::ComputeFunctorArgumentCount<std::decay_t<Func2>, typename SignalType::Arguments>::Value;
        -:  224:            [[maybe_unused]]
        1:  225:            constexpr int SlotArgumentCount = (FunctorArgumentCount >= 0) ? FunctorArgumentCount : 0;
        -:  226:            typedef typename QtPrivate::FunctorReturnType<std::decay_t<Func2>, typename QtPrivate::List_Left<typename SignalType::Arguments, SlotArgumentCount>::Value>::Value SlotReturnType;
        -:  227:
        -:  228:            static_assert((QtPrivate::AreArgumentsCompatible<SlotReturnType, typename SignalType::ReturnType>::value),
        -:  229:                            "Return type of the slot is not compatible with the return type of the signal.");
        -:  230:        }
        -:  231:
        -:  232:        static_assert(QtPrivate::HasQ_OBJECT_Macro<typename SignalType::Object>::Value,
        -:  233:                          "No Q_OBJECT in the class with the signal");
        -:  234:
        -:  235:        //compilation error if the arguments does not match.
        -:  236:        static_assert(int(SignalType::ArgumentCount) >= int(SlotType::ArgumentCount),
        -:  237:                          "The slot requires more arguments than the signal provides.");
        -:  238:
        1:  239:        const int *types = nullptr;
        1:  240:        if (type == Qt::QueuedConnection || type == Qt::BlockingQueuedConnection)
        1:  240-block  0
branch  0 taken 1 (fallthrough)
branch  1 taken 0
        1:  240-block  1
branch  2 taken 0 (fallthrough)
branch  3 taken 1
    #####:  241:            types = QtPrivate::ConnectionTypes<typename SignalType::Arguments>::types();
    %%%%%:  241-block  0
call    0 never executed
        -:  242:
        1:  243:        void **pSlot = nullptr;
        -:  244:        if constexpr (std::is_member_function_pointer_v<std::decay_t<Func2>>) {
        -:  245:            pSlot = const_cast<void **>(reinterpret_cast<void *const *>(&slot));
        -:  246:        } else {
       1*:  247:            Q_ASSERT_X((type & Qt::UniqueConnection) == 0, "",
        1:  247-block  0
branch  0 taken 0 (fallthrough)
branch  1 taken 1
    %%%%%:  247-block  1
call    2 never executed
        -:  248:                       "QObject::connect: Unique connection requires the slot to be a pointer to "
        -:  249:                       "a member function of a QObject subclass.");
        -:  250:        }
        -:  251:
        -:  252:        return connectImpl(sender, reinterpret_cast<void **>(&signal), context, pSlot,
        -:  253:                           QtPrivate::makeCallableObject<Func1>(std::forward<Func2>(slot)),
        1:  254:                           type, types, &SignalType::Object::staticMetaObject);
        1:  254-block  0
call    0 returned 1
call    1 returned 1
call    2 returned 1
        -:  255:    }
------------------
_ZN7QObject7connectIM15QAbstractButtonFvbEZN7Sortare11initConnectEvEUlvE0_EEN11QMetaObject10ConnectionEPKN9QtPrivate15FunctionPointerIT_E6ObjectESA_PKNS8_21ContextTypeForFunctorIT0_vE11ContextTypeEOSG_N2Qt14ConnectionTypeE:
function _ZN7QObject7connectIM15QAbstractButtonFvbEZN7Sortare11initConnectEvEUlvE0_EEN11QMetaObject10ConnectionEPKN9QtPrivate15FunctionPointerIT_E6ObjectESA_PKNS8_21ContextTypeForFunctorIT0_vE11ContextTypeEOSG_N2Qt14ConnectionTypeE called 1 returned 100% blocks executed 70%
        1:  212:        connect(const typename QtPrivate::FunctionPointer<Func1>::Object *sender, Func1 signal,
        -:  213:                const typename QtPrivate::ContextTypeForFunctor<Func2>::ContextType *context, Func2 &&slot,
        -:  214:                Qt::ConnectionType type = Qt::AutoConnection)
        -:  215:    {
        -:  216:        typedef QtPrivate::FunctionPointer<Func1> SignalType;
        -:  217:        typedef QtPrivate::FunctionPointer<std::decay_t<Func2>> SlotType;
        -:  218:
        -:  219:        if constexpr (SlotType::ArgumentCount != -1) {
        -:  220:            static_assert((QtPrivate::AreArgumentsCompatible<typename SlotType::ReturnType, typename SignalType::ReturnType>::value),
        -:  221:                            "Return type of the slot is not compatible with the return type of the signal.");
        -:  222:        } else {
        1:  223:            constexpr int FunctorArgumentCount = QtPrivate::ComputeFunctorArgumentCount<std::decay_t<Func2>, typename SignalType::Arguments>::Value;
        -:  224:            [[maybe_unused]]
        1:  225:            constexpr int SlotArgumentCount = (FunctorArgumentCount >= 0) ? FunctorArgumentCount : 0;
        -:  226:            typedef typename QtPrivate::FunctorReturnType<std::decay_t<Func2>, typename QtPrivate::List_Left<typename SignalType::Arguments, SlotArgumentCount>::Value>::Value SlotReturnType;
        -:  227:
        -:  228:            static_assert((QtPrivate::AreArgumentsCompatible<SlotReturnType, typename SignalType::ReturnType>::value),
        -:  229:                            "Return type of the slot is not compatible with the return type of the signal.");
        -:  230:        }
        -:  231:
        -:  232:        static_assert(QtPrivate::HasQ_OBJECT_Macro<typename SignalType::Object>::Value,
        -:  233:                          "No Q_OBJECT in the class with the signal");
        -:  234:
        -:  235:        //compilation error if the arguments does not match.
        -:  236:        static_assert(int(SignalType::ArgumentCount) >= int(SlotType::ArgumentCount),
        -:  237:                          "The slot requires more arguments than the signal provides.");
        -:  238:
        1:  239:        const int *types = nullptr;
        1:  240:        if (type == Qt::QueuedConnection || type == Qt::BlockingQueuedConnection)
        1:  240-block  0
branch  0 taken 1 (fallthrough)
branch  1 taken 0
        1:  240-block  1
branch  2 taken 0 (fallthrough)
branch  3 taken 1
    #####:  241:            types = QtPrivate::ConnectionTypes<typename SignalType::Arguments>::types();
    %%%%%:  241-block  0
call    0 never executed
        -:  242:
        1:  243:        void **pSlot = nullptr;
        -:  244:        if constexpr (std::is_member_function_pointer_v<std::decay_t<Func2>>) {
        -:  245:            pSlot = const_cast<void **>(reinterpret_cast<void *const *>(&slot));
        -:  246:        } else {
       1*:  247:            Q_ASSERT_X((type & Qt::UniqueConnection) == 0, "",
        1:  247-block  0
branch  0 taken 0 (fallthrough)
branch  1 taken 1
    %%%%%:  247-block  1
call    2 never executed
        -:  248:                       "QObject::connect: Unique connection requires the slot to be a pointer to "
        -:  249:                       "a member function of a QObject subclass.");
        -:  250:        }
        -:  251:
        -:  252:        return connectImpl(sender, reinterpret_cast<void **>(&signal), context, pSlot,
        -:  253:                           QtPrivate::makeCallableObject<Func1>(std::forward<Func2>(slot)),
        1:  254:                           type, types, &SignalType::Object::staticMetaObject);
        1:  254-block  0
call    0 returned 1
call    1 returned 1
call    2 returned 1
        -:  255:    }
------------------
_ZN7QObject7connectIM15QAbstractButtonFvbEZN7Sortare11initConnectEvEUlvE1_EEN11QMetaObject10ConnectionEPKN9QtPrivate15FunctionPointerIT_E6ObjectESA_PKNS8_21ContextTypeForFunctorIT0_vE11ContextTypeEOSG_N2Qt14ConnectionTypeE:
function _ZN7QObject7connectIM15QAbstractButtonFvbEZN7Sortare11initConnectEvEUlvE1_EEN11QMetaObject10ConnectionEPKN9QtPrivate15FunctionPointerIT_E6ObjectESA_PKNS8_21ContextTypeForFunctorIT0_vE11ContextTypeEOSG_N2Qt14ConnectionTypeE called 1 returned 100% blocks executed 70%
        1:  212:        connect(const typename QtPrivate::FunctionPointer<Func1>::Object *sender, Func1 signal,
        -:  213:                const typename QtPrivate::ContextTypeForFunctor<Func2>::ContextType *context, Func2 &&slot,
        -:  214:                Qt::ConnectionType type = Qt::AutoConnection)
        -:  215:    {
        -:  216:        typedef QtPrivate::FunctionPointer<Func1> SignalType;
        -:  217:        typedef QtPrivate::FunctionPointer<std::decay_t<Func2>> SlotType;
        -:  218:
        -:  219:        if constexpr (SlotType::ArgumentCount != -1) {
        -:  220:            static_assert((QtPrivate::AreArgumentsCompatible<typename SlotType::ReturnType, typename SignalType::ReturnType>::value),
        -:  221:                            "Return type of the slot is not compatible with the return type of the signal.");
        -:  222:        } else {
        1:  223:            constexpr int FunctorArgumentCount = QtPrivate::ComputeFunctorArgumentCount<std::decay_t<Func2>, typename SignalType::Arguments>::Value;
        -:  224:            [[maybe_unused]]
        1:  225:            constexpr int SlotArgumentCount = (FunctorArgumentCount >= 0) ? FunctorArgumentCount : 0;
        -:  226:            typedef typename QtPrivate::FunctorReturnType<std::decay_t<Func2>, typename QtPrivate::List_Left<typename SignalType::Arguments, SlotArgumentCount>::Value>::Value SlotReturnType;
        -:  227:
        -:  228:            static_assert((QtPrivate::AreArgumentsCompatible<SlotReturnType, typename SignalType::ReturnType>::value),
        -:  229:                            "Return type of the slot is not compatible with the return type of the signal.");
        -:  230:        }
        -:  231:
        -:  232:        static_assert(QtPrivate::HasQ_OBJECT_Macro<typename SignalType::Object>::Value,
        -:  233:                          "No Q_OBJECT in the class with the signal");
        -:  234:
        -:  235:        //compilation error if the arguments does not match.
        -:  236:        static_assert(int(SignalType::ArgumentCount) >= int(SlotType::ArgumentCount),
        -:  237:                          "The slot requires more arguments than the signal provides.");
        -:  238:
        1:  239:        const int *types = nullptr;
        1:  240:        if (type == Qt::QueuedConnection || type == Qt::BlockingQueuedConnection)
        1:  240-block  0
branch  0 taken 1 (fallthrough)
branch  1 taken 0
        1:  240-block  1
branch  2 taken 0 (fallthrough)
branch  3 taken 1
    #####:  241:            types = QtPrivate::ConnectionTypes<typename SignalType::Arguments>::types();
    %%%%%:  241-block  0
call    0 never executed
        -:  242:
        1:  243:        void **pSlot = nullptr;
        -:  244:        if constexpr (std::is_member_function_pointer_v<std::decay_t<Func2>>) {
        -:  245:            pSlot = const_cast<void **>(reinterpret_cast<void *const *>(&slot));
        -:  246:        } else {
       1*:  247:            Q_ASSERT_X((type & Qt::UniqueConnection) == 0, "",
        1:  247-block  0
branch  0 taken 0 (fallthrough)
branch  1 taken 1
    %%%%%:  247-block  1
call    2 never executed
        -:  248:                       "QObject::connect: Unique connection requires the slot to be a pointer to "
        -:  249:                       "a member function of a QObject subclass.");
        -:  250:        }
        -:  251:
        -:  252:        return connectImpl(sender, reinterpret_cast<void **>(&signal), context, pSlot,
        -:  253:                           QtPrivate::makeCallableObject<Func1>(std::forward<Func2>(slot)),
        1:  254:                           type, types, &SignalType::Object::staticMetaObject);
        1:  254-block  0
call    0 returned 1
call    1 returned 1
call    2 returned 1
        -:  255:    }
------------------
_ZN7QObject7connectIM15QAbstractButtonFvbEZN8Filtrare11initConnectEvEUlvE_EEN11QMetaObject10ConnectionEPKN9QtPrivate15FunctionPointerIT_E6ObjectESA_PKNS8_21ContextTypeForFunctorIT0_vE11ContextTypeEOSG_N2Qt14ConnectionTypeE:
function _ZN7QObject7connectIM15QAbstractButtonFvbEZN8Filtrare11initConnectEvEUlvE_EEN11QMetaObject10ConnectionEPKN9QtPrivate15FunctionPointerIT_E6ObjectESA_PKNS8_21ContextTypeForFunctorIT0_vE11ContextTypeEOSG_N2Qt14ConnectionTypeE called 1 returned 100% blocks executed 70%
        1:  212:        connect(const typename QtPrivate::FunctionPointer<Func1>::Object *sender, Func1 signal,
        -:  213:                const typename QtPrivate::ContextTypeForFunctor<Func2>::ContextType *context, Func2 &&slot,
        -:  214:                Qt::ConnectionType type = Qt::AutoConnection)
        -:  215:    {
        -:  216:        typedef QtPrivate::FunctionPointer<Func1> SignalType;
        -:  217:        typedef QtPrivate::FunctionPointer<std::decay_t<Func2>> SlotType;
        -:  218:
        -:  219:        if constexpr (SlotType::ArgumentCount != -1) {
        -:  220:            static_assert((QtPrivate::AreArgumentsCompatible<typename SlotType::ReturnType, typename SignalType::ReturnType>::value),
        -:  221:                            "Return type of the slot is not compatible with the return type of the signal.");
        -:  222:        } else {
        1:  223:            constexpr int FunctorArgumentCount = QtPrivate::ComputeFunctorArgumentCount<std::decay_t<Func2>, typename SignalType::Arguments>::Value;
        -:  224:            [[maybe_unused]]
        1:  225:            constexpr int SlotArgumentCount = (FunctorArgumentCount >= 0) ? FunctorArgumentCount : 0;
        -:  226:            typedef typename QtPrivate::FunctorReturnType<std::decay_t<Func2>, typename QtPrivate::List_Left<typename SignalType::Arguments, SlotArgumentCount>::Value>::Value SlotReturnType;
        -:  227:
        -:  228:            static_assert((QtPrivate::AreArgumentsCompatible<SlotReturnType, typename SignalType::ReturnType>::value),
        -:  229:                            "Return type of the slot is not compatible with the return type of the signal.");
        -:  230:        }
        -:  231:
        -:  232:        static_assert(QtPrivate::HasQ_OBJECT_Macro<typename SignalType::Object>::Value,
        -:  233:                          "No Q_OBJECT in the class with the signal");
        -:  234:
        -:  235:        //compilation error if the arguments does not match.
        -:  236:        static_assert(int(SignalType::ArgumentCount) >= int(SlotType::ArgumentCount),
        -:  237:                          "The slot requires more arguments than the signal provides.");
        -:  238:
        1:  239:        const int *types = nullptr;
        1:  240:        if (type == Qt::QueuedConnection || type == Qt::BlockingQueuedConnection)
        1:  240-block  0
branch  0 taken 1 (fallthrough)
branch  1 taken 0
        1:  240-block  1
branch  2 taken 0 (fallthrough)
branch  3 taken 1
    #####:  241:            types = QtPrivate::ConnectionTypes<typename SignalType::Arguments>::types();
    %%%%%:  241-block  0
call    0 never executed
        -:  242:
        1:  243:        void **pSlot = nullptr;
        -:  244:        if constexpr (std::is_member_function_pointer_v<std::decay_t<Func2>>) {
        -:  245:            pSlot = const_cast<void **>(reinterpret_cast<void *const *>(&slot));
        -:  246:        } else {
       1*:  247:            Q_ASSERT_X((type & Qt::UniqueConnection) == 0, "",
        1:  247-block  0
branch  0 taken 0 (fallthrough)
branch  1 taken 1
    %%%%%:  247-block  1
call    2 never executed
        -:  248:                       "QObject::connect: Unique connection requires the slot to be a pointer to "
        -:  249:                       "a member function of a QObject subclass.");
        -:  250:        }
        -:  251:
        -:  252:        return connectImpl(sender, reinterpret_cast<void **>(&signal), context, pSlot,
        -:  253:                           QtPrivate::makeCallableObject<Func1>(std::forward<Func2>(slot)),
        1:  254:                           type, types, &SignalType::Object::staticMetaObject);
        1:  254-block  0
call    0 returned 1
call    1 returned 1
call    2 returned 1
        -:  255:    }
------------------
_ZN7QObject7connectIM15QAbstractButtonFvbEZN8Filtrare11initConnectEvEUlvE0_EEN11QMetaObject10ConnectionEPKN9QtPrivate15FunctionPointerIT_E6ObjectESA_PKNS8_21ContextTypeForFunctorIT0_vE11ContextTypeEOSG_N2Qt14ConnectionTypeE:
function _ZN7QObject7connectIM15QAbstractButtonFvbEZN8Filtrare11initConnectEvEUlvE0_EEN11QMetaObject10ConnectionEPKN9QtPrivate15FunctionPointerIT_E6ObjectESA_PKNS8_21ContextTypeForFunctorIT0_vE11ContextTypeEOSG_N2Qt14ConnectionTypeE called 1 returned 100% blocks executed 70%
        1:  212:        connect(const typename QtPrivate::FunctionPointer<Func1>::Object *sender, Func1 signal,
        -:  213:                const typename QtPrivate::ContextTypeForFunctor<Func2>::ContextType *context, Func2 &&slot,
        -:  214:                Qt::ConnectionType type = Qt::AutoConnection)
        -:  215:    {
        -:  216:        typedef QtPrivate::FunctionPointer<Func1> SignalType;
        -:  217:        typedef QtPrivate::FunctionPointer<std::decay_t<Func2>> SlotType;
        -:  218:
        -:  219:        if constexpr (SlotType::ArgumentCount != -1) {
        -:  220:            static_assert((QtPrivate::AreArgumentsCompatible<typename SlotType::ReturnType, typename SignalType::ReturnType>::value),
        -:  221:                            "Return type of the slot is not compatible with the return type of the signal.");
        -:  222:        } else {
        1:  223:            constexpr int FunctorArgumentCount = QtPrivate::ComputeFunctorArgumentCount<std::decay_t<Func2>, typename SignalType::Arguments>::Value;
        -:  224:            [[maybe_unused]]
        1:  225:            constexpr int SlotArgumentCount = (FunctorArgumentCount >= 0) ? FunctorArgumentCount : 0;
        -:  226:            typedef typename QtPrivate::FunctorReturnType<std::decay_t<Func2>, typename QtPrivate::List_Left<typename SignalType::Arguments, SlotArgumentCount>::Value>::Value SlotReturnType;
        -:  227:
        -:  228:            static_assert((QtPrivate::AreArgumentsCompatible<SlotReturnType, typename SignalType::ReturnType>::value),
        -:  229:                            "Return type of the slot is not compatible with the return type of the signal.");
        -:  230:        }
        -:  231:
        -:  232:        static_assert(QtPrivate::HasQ_OBJECT_Macro<typename SignalType::Object>::Value,
        -:  233:                          "No Q_OBJECT in the class with the signal");
        -:  234:
        -:  235:        //compilation error if the arguments does not match.
        -:  236:        static_assert(int(SignalType::ArgumentCount) >= int(SlotType::ArgumentCount),
        -:  237:                          "The slot requires more arguments than the signal provides.");
        -:  238:
        1:  239:        const int *types = nullptr;
        1:  240:        if (type == Qt::QueuedConnection || type == Qt::BlockingQueuedConnection)
        1:  240-block  0
branch  0 taken 1 (fallthrough)
branch  1 taken 0
        1:  240-block  1
branch  2 taken 0 (fallthrough)
branch  3 taken 1
    #####:  241:            types = QtPrivate::ConnectionTypes<typename SignalType::Arguments>::types();
    %%%%%:  241-block  0
call    0 never executed
        -:  242:
        1:  243:        void **pSlot = nullptr;
        -:  244:        if constexpr (std::is_member_function_pointer_v<std::decay_t<Func2>>) {
        -:  245:            pSlot = const_cast<void **>(reinterpret_cast<void *const *>(&slot));
        -:  246:        } else {
       1*:  247:            Q_ASSERT_X((type & Qt::UniqueConnection) == 0, "",
        1:  247-block  0
branch  0 taken 0 (fallthrough)
branch  1 taken 1
    %%%%%:  247-block  1
call    2 never executed
        -:  248:                       "QObject::connect: Unique connection requires the slot to be a pointer to "
        -:  249:                       "a member function of a QObject subclass.");
        -:  250:        }
        -:  251:
        -:  252:        return connectImpl(sender, reinterpret_cast<void **>(&signal), context, pSlot,
        -:  253:                           QtPrivate::makeCallableObject<Func1>(std::forward<Func2>(slot)),
        1:  254:                           type, types, &SignalType::Object::staticMetaObject);
        1:  254-block  0
call    0 returned 1
call    1 returned 1
call    2 returned 1
        -:  255:    }
------------------
_ZN7QObject7connectIM15QAbstractButtonFvbEZN5Cosul11initConnectEvEUlvE_EEN11QMetaObject10ConnectionEPKN9QtPrivate15FunctionPointerIT_E6ObjectESA_PKNS8_21ContextTypeForFunctorIT0_vE11ContextTypeEOSG_N2Qt14ConnectionTypeE:
function _ZN7QObject7connectIM15QAbstractButtonFvbEZN5Cosul11initConnectEvEUlvE_EEN11QMetaObject10ConnectionEPKN9QtPrivate15FunctionPointerIT_E6ObjectESA_PKNS8_21ContextTypeForFunctorIT0_vE11ContextTypeEOSG_N2Qt14ConnectionTypeE called 1 returned 100% blocks executed 70%
        1:  212:        connect(const typename QtPrivate::FunctionPointer<Func1>::Object *sender, Func1 signal,
        -:  213:                const typename QtPrivate::ContextTypeForFunctor<Func2>::ContextType *context, Func2 &&slot,
        -:  214:                Qt::ConnectionType type = Qt::AutoConnection)
        -:  215:    {
        -:  216:        typedef QtPrivate::FunctionPointer<Func1> SignalType;
        -:  217:        typedef QtPrivate::FunctionPointer<std::decay_t<Func2>> SlotType;
        -:  218:
        -:  219:        if constexpr (SlotType::ArgumentCount != -1) {
        -:  220:            static_assert((QtPrivate::AreArgumentsCompatible<typename SlotType::ReturnType, typename SignalType::ReturnType>::value),
        -:  221:                            "Return type of the slot is not compatible with the return type of the signal.");
        -:  222:        } else {
        1:  223:            constexpr int FunctorArgumentCount = QtPrivate::ComputeFunctorArgumentCount<std::decay_t<Func2>, typename SignalType::Arguments>::Value;
        -:  224:            [[maybe_unused]]
        1:  225:            constexpr int SlotArgumentCount = (FunctorArgumentCount >= 0) ? FunctorArgumentCount : 0;
        -:  226:            typedef typename QtPrivate::FunctorReturnType<std::decay_t<Func2>, typename QtPrivate::List_Left<typename SignalType::Arguments, SlotArgumentCount>::Value>::Value SlotReturnType;
        -:  227:
        -:  228:            static_assert((QtPrivate::AreArgumentsCompatible<SlotReturnType, typename SignalType::ReturnType>::value),
        -:  229:                            "Return type of the slot is not compatible with the return type of the signal.");
        -:  230:        }
        -:  231:
        -:  232:        static_assert(QtPrivate::HasQ_OBJECT_Macro<typename SignalType::Object>::Value,
        -:  233:                          "No Q_OBJECT in the class with the signal");
        -:  234:
        -:  235:        //compilation error if the arguments does not match.
        -:  236:        static_assert(int(SignalType::ArgumentCount) >= int(SlotType::ArgumentCount),
        -:  237:                          "The slot requires more arguments than the signal provides.");
        -:  238:
        1:  239:        const int *types = nullptr;
        1:  240:        if (type == Qt::QueuedConnection || type == Qt::BlockingQueuedConnection)
        1:  240-block  0
branch  0 taken 1 (fallthrough)
branch  1 taken 0
        1:  240-block  1
branch  2 taken 0 (fallthrough)
branch  3 taken 1
    #####:  241:            types = QtPrivate::ConnectionTypes<typename SignalType::Arguments>::types();
    %%%%%:  241-block  0
call    0 never executed
        -:  242:
        1:  243:        void **pSlot = nullptr;
        -:  244:        if constexpr (std::is_member_function_pointer_v<std::decay_t<Func2>>) {
        -:  245:            pSlot = const_cast<void **>(reinterpret_cast<void *const *>(&slot));
        -:  246:        } else {
       1*:  247:            Q_ASSERT_X((type & Qt::UniqueConnection) == 0, "",
        1:  247-block  0
branch  0 taken 0 (fallthrough)
branch  1 taken 1
    %%%%%:  247-block  1
call    2 never executed
        -:  248:                       "QObject::connect: Unique connection requires the slot to be a pointer to "
        -:  249:                       "a member function of a QObject subclass.");
        -:  250:        }
        -:  251:
        -:  252:        return connectImpl(sender, reinterpret_cast<void **>(&signal), context, pSlot,
        -:  253:                           QtPrivate::makeCallableObject<Func1>(std::forward<Func2>(slot)),
        1:  254:                           type, types, &SignalType::Object::staticMetaObject);
        1:  254-block  0
call    0 returned 1
call    1 returned 1
call    2 returned 1
        -:  255:    }
------------------
_ZN7QObject7connectIM15QAbstractButtonFvbEZN5Cosul11initConnectEvEUlvE0_EEN11QMetaObject10ConnectionEPKN9QtPrivate15FunctionPointerIT_E6ObjectESA_PKNS8_21ContextTypeForFunctorIT0_vE11ContextTypeEOSG_N2Qt14ConnectionTypeE:
function _ZN7QObject7connectIM15QAbstractButtonFvbEZN5Cosul11initConnectEvEUlvE0_EEN11QMetaObject10ConnectionEPKN9QtPrivate15FunctionPointerIT_E6ObjectESA_PKNS8_21ContextTypeForFunctorIT0_vE11ContextTypeEOSG_N2Qt14ConnectionTypeE called 1 returned 100% blocks executed 70%
        1:  212:        connect(const typename QtPrivate::FunctionPointer<Func1>::Object *sender, Func1 signal,
        -:  213:                const typename QtPrivate::ContextTypeForFunctor<Func2>::ContextType *context, Func2 &&slot,
        -:  214:                Qt::ConnectionType type = Qt::AutoConnection)
        -:  215:    {
        -:  216:        typedef QtPrivate::FunctionPointer<Func1> SignalType;
        -:  217:        typedef QtPrivate::FunctionPointer<std::decay_t<Func2>> SlotType;
        -:  218:
        -:  219:        if constexpr (SlotType::ArgumentCount != -1) {
        -:  220:            static_assert((QtPrivate::AreArgumentsCompatible<typename SlotType::ReturnType, typename SignalType::ReturnType>::value),
        -:  221:                            "Return type of the slot is not compatible with the return type of the signal.");
        -:  222:        } else {
        1:  223:            constexpr int FunctorArgumentCount = QtPrivate::ComputeFunctorArgumentCount<std::decay_t<Func2>, typename SignalType::Arguments>::Value;
        -:  224:            [[maybe_unused]]
        1:  225:            constexpr int SlotArgumentCount = (FunctorArgumentCount >= 0) ? FunctorArgumentCount : 0;
        -:  226:            typedef typename QtPrivate::FunctorReturnType<std::decay_t<Func2>, typename QtPrivate::List_Left<typename SignalType::Arguments, SlotArgumentCount>::Value>::Value SlotReturnType;
        -:  227:
        -:  228:            static_assert((QtPrivate::AreArgumentsCompatible<SlotReturnType, typename SignalType::ReturnType>::value),
        -:  229:                            "Return type of the slot is not compatible with the return type of the signal.");
        -:  230:        }
        -:  231:
        -:  232:        static_assert(QtPrivate::HasQ_OBJECT_Macro<typename SignalType::Object>::Value,
        -:  233:                          "No Q_OBJECT in the class with the signal");
        -:  234:
        -:  235:        //compilation error if the arguments does not match.
        -:  236:        static_assert(int(SignalType::ArgumentCount) >= int(SlotType::ArgumentCount),
        -:  237:                          "The slot requires more arguments than the signal provides.");
        -:  238:
        1:  239:        const int *types = nullptr;
        1:  240:        if (type == Qt::QueuedConnection || type == Qt::BlockingQueuedConnection)
        1:  240-block  0
branch  0 taken 1 (fallthrough)
branch  1 taken 0
        1:  240-block  1
branch  2 taken 0 (fallthrough)
branch  3 taken 1
    #####:  241:            types = QtPrivate::ConnectionTypes<typename SignalType::Arguments>::types();
    %%%%%:  241-block  0
call    0 never executed
        -:  242:
        1:  243:        void **pSlot = nullptr;
        -:  244:        if constexpr (std::is_member_function_pointer_v<std::decay_t<Func2>>) {
        -:  245:            pSlot = const_cast<void **>(reinterpret_cast<void *const *>(&slot));
        -:  246:        } else {
       1*:  247:            Q_ASSERT_X((type & Qt::UniqueConnection) == 0, "",
        1:  247-block  0
branch  0 taken 0 (fallthrough)
branch  1 taken 1
    %%%%%:  247-block  1
call    2 never executed
        -:  248:                       "QObject::connect: Unique connection requires the slot to be a pointer to "
        -:  249:                       "a member function of a QObject subclass.");
        -:  250:        }
        -:  251:
        -:  252:        return connectImpl(sender, reinterpret_cast<void **>(&signal), context, pSlot,
        -:  253:                           QtPrivate::makeCallableObject<Func1>(std::forward<Func2>(slot)),
        1:  254:                           type, types, &SignalType::Object::staticMetaObject);
        1:  254-block  0
call    0 returned 1
call    1 returned 1
call    2 returned 1
        -:  255:    }
------------------
_ZN7QObject7connectIM15QAbstractButtonFvbEZN5Cosul11initConnectEvEUlvE1_EEN11QMetaObject10ConnectionEPKN9QtPrivate15FunctionPointerIT_E6ObjectESA_PKNS8_21ContextTypeForFunctorIT0_vE11ContextTypeEOSG_N2Qt14ConnectionTypeE:
function _ZN7QObject7connectIM15QAbstractButtonFvbEZN5Cosul11initConnectEvEUlvE1_EEN11QMetaObject10ConnectionEPKN9QtPrivate15FunctionPointerIT_E6ObjectESA_PKNS8_21ContextTypeForFunctorIT0_vE11ContextTypeEOSG_N2Qt14ConnectionTypeE called 1 returned 100% blocks executed 70%
        1:  212:        connect(const typename QtPrivate::FunctionPointer<Func1>::Object *sender, Func1 signal,
        -:  213:                const typename QtPrivate::ContextTypeForFunctor<Func2>::ContextType *context, Func2 &&slot,
        -:  214:                Qt::ConnectionType type = Qt::AutoConnection)
        -:  215:    {
        -:  216:        typedef QtPrivate::FunctionPointer<Func1> SignalType;
        -:  217:        typedef QtPrivate::FunctionPointer<std::decay_t<Func2>> SlotType;
        -:  218:
        -:  219:        if constexpr (SlotType::ArgumentCount != -1) {
        -:  220:            static_assert((QtPrivate::AreArgumentsCompatible<typename SlotType::ReturnType, typename SignalType::ReturnType>::value),
        -:  221:                            "Return type of the slot is not compatible with the return type of the signal.");
        -:  222:        } else {
        1:  223:            constexpr int FunctorArgumentCount = QtPrivate::ComputeFunctorArgumentCount<std::decay_t<Func2>, typename SignalType::Arguments>::Value;
        -:  224:            [[maybe_unused]]
        1:  225:            constexpr int SlotArgumentCount = (FunctorArgumentCount >= 0) ? FunctorArgumentCount : 0;
        -:  226:            typedef typename QtPrivate::FunctorReturnType<std::decay_t<Func2>, typename QtPrivate::List_Left<typename SignalType::Arguments, SlotArgumentCount>::Value>::Value SlotReturnType;
        -:  227:
        -:  228:            static_assert((QtPrivate::AreArgumentsCompatible<SlotReturnType, typename SignalType::ReturnType>::value),
        -:  229:                            "Return type of the slot is not compatible with the return type of the signal.");
        -:  230:        }
        -:  231:
        -:  232:        static_assert(QtPrivate::HasQ_OBJECT_Macro<typename SignalType::Object>::Value,
        -:  233:                          "No Q_OBJECT in the class with the signal");
        -:  234:
        -:  235:        //compilation error if the arguments does not match.
        -:  236:        static_assert(int(SignalType::ArgumentCount) >= int(SlotType::ArgumentCount),
        -:  237:                          "The slot requires more arguments than the signal provides.");
        -:  238:
        1:  239:        const int *types = nullptr;
        1:  240:        if (type == Qt::QueuedConnection || type == Qt::BlockingQueuedConnection)
        1:  240-block  0
branch  0 taken 1 (fallthrough)
branch  1 taken 0
        1:  240-block  1
branch  2 taken 0 (fallthrough)
branch  3 taken 1
    #####:  241:            types = QtPrivate::ConnectionTypes<typename SignalType::Arguments>::types();
    %%%%%:  241-block  0
call    0 never executed
        -:  242:
        1:  243:        void **pSlot = nullptr;
        -:  244:        if constexpr (std::is_member_function_pointer_v<std::decay_t<Func2>>) {
        -:  245:            pSlot = const_cast<void **>(reinterpret_cast<void *const *>(&slot));
        -:  246:        } else {
       1*:  247:            Q_ASSERT_X((type & Qt::UniqueConnection) == 0, "",
        1:  247-block  0
branch  0 taken 0 (fallthrough)
branch  1 taken 1
    %%%%%:  247-block  1
call    2 never executed
        -:  248:                       "QObject::connect: Unique connection requires the slot to be a pointer to "
        -:  249:                       "a member function of a QObject subclass.");
        -:  250:        }
        -:  251:
        -:  252:        return connectImpl(sender, reinterpret_cast<void **>(&signal), context, pSlot,
        -:  253:                           QtPrivate::makeCallableObject<Func1>(std::forward<Func2>(slot)),
        1:  254:                           type, types, &SignalType::Object::staticMetaObject);
        1:  254-block  0
call    0 returned 1
call    1 returned 1
call    2 returned 1
        -:  255:    }
------------------
_ZN7QObject7connectIM15QAbstractButtonFvbEZN5Cosul11initConnectEvEUlvE2_EEN11QMetaObject10ConnectionEPKN9QtPrivate15FunctionPointerIT_E6ObjectESA_PKNS8_21ContextTypeForFunctorIT0_vE11ContextTypeEOSG_N2Qt14ConnectionTypeE:
function _ZN7QObject7connectIM15QAbstractButtonFvbEZN5Cosul11initConnectEvEUlvE2_EEN11QMetaObject10ConnectionEPKN9QtPrivate15FunctionPointerIT_E6ObjectESA_PKNS8_21ContextTypeForFunctorIT0_vE11ContextTypeEOSG_N2Qt14ConnectionTypeE called 1 returned 100% blocks executed 70%
        1:  212:        connect(const typename QtPrivate::FunctionPointer<Func1>::Object *sender, Func1 signal,
        -:  213:                const typename QtPrivate::ContextTypeForFunctor<Func2>::ContextType *context, Func2 &&slot,
        -:  214:                Qt::ConnectionType type = Qt::AutoConnection)
        -:  215:    {
        -:  216:        typedef QtPrivate::FunctionPointer<Func1> SignalType;
        -:  217:        typedef QtPrivate::FunctionPointer<std::decay_t<Func2>> SlotType;
        -:  218:
        -:  219:        if constexpr (SlotType::ArgumentCount != -1) {
        -:  220:            static_assert((QtPrivate::AreArgumentsCompatible<typename SlotType::ReturnType, typename SignalType::ReturnType>::value),
        -:  221:                            "Return type of the slot is not compatible with the return type of the signal.");
        -:  222:        } else {
        1:  223:            constexpr int FunctorArgumentCount = QtPrivate::ComputeFunctorArgumentCount<std::decay_t<Func2>, typename SignalType::Arguments>::Value;
        -:  224:            [[maybe_unused]]
        1:  225:            constexpr int SlotArgumentCount = (FunctorArgumentCount >= 0) ? FunctorArgumentCount : 0;
        -:  226:            typedef typename QtPrivate::FunctorReturnType<std::decay_t<Func2>, typename QtPrivate::List_Left<typename SignalType::Arguments, SlotArgumentCount>::Value>::Value SlotReturnType;
        -:  227:
        -:  228:            static_assert((QtPrivate::AreArgumentsCompatible<SlotReturnType, typename SignalType::ReturnType>::value),
        -:  229:                            "Return type of the slot is not compatible with the return type of the signal.");
        -:  230:        }
        -:  231:
        -:  232:        static_assert(QtPrivate::HasQ_OBJECT_Macro<typename SignalType::Object>::Value,
        -:  233:                          "No Q_OBJECT in the class with the signal");
        -:  234:
        -:  235:        //compilation error if the arguments does not match.
        -:  236:        static_assert(int(SignalType::ArgumentCount) >= int(SlotType::ArgumentCount),
        -:  237:                          "The slot requires more arguments than the signal provides.");
        -:  238:
        1:  239:        const int *types = nullptr;
        1:  240:        if (type == Qt::QueuedConnection || type == Qt::BlockingQueuedConnection)
        1:  240-block  0
branch  0 taken 1 (fallthrough)
branch  1 taken 0
        1:  240-block  1
branch  2 taken 0 (fallthrough)
branch  3 taken 1
    #####:  241:            types = QtPrivate::ConnectionTypes<typename SignalType::Arguments>::types();
    %%%%%:  241-block  0
call    0 never executed
        -:  242:
        1:  243:        void **pSlot = nullptr;
        -:  244:        if constexpr (std::is_member_function_pointer_v<std::decay_t<Func2>>) {
        -:  245:            pSlot = const_cast<void **>(reinterpret_cast<void *const *>(&slot));
        -:  246:        } else {
       1*:  247:            Q_ASSERT_X((type & Qt::UniqueConnection) == 0, "",
        1:  247-block  0
branch  0 taken 0 (fallthrough)
branch  1 taken 1
    %%%%%:  247-block  1
call    2 never executed
        -:  248:                       "QObject::connect: Unique connection requires the slot to be a pointer to "
        -:  249:                       "a member function of a QObject subclass.");
        -:  250:        }
        -:  251:
        -:  252:        return connectImpl(sender, reinterpret_cast<void **>(&signal), context, pSlot,
        -:  253:                           QtPrivate::makeCallableObject<Func1>(std::forward<Func2>(slot)),
        1:  254:                           type, types, &SignalType::Object::staticMetaObject);
        1:  254-block  0
call    0 returned 1
call    1 returned 1
call    2 returned 1
        -:  255:    }
------------------
_ZN7QObject7connectIM15QAbstractButtonFvbEZN3GUI11initConnectEvEUlvE8_EEN11QMetaObject10ConnectionEPKN9QtPrivate15FunctionPointerIT_E6ObjectESA_PKNS8_21ContextTypeForFunctorIT0_vE11ContextTypeEOSG_N2Qt14ConnectionTypeE:
function _ZN7QObject7connectIM15QAbstractButtonFvbEZN3GUI11initConnectEvEUlvE8_EEN11QMetaObject10ConnectionEPKN9QtPrivate15FunctionPointerIT_E6ObjectESA_PKNS8_21ContextTypeForFunctorIT0_vE11ContextTypeEOSG_N2Qt14ConnectionTypeE called 1 returned 100% blocks executed 70%
        1:  212:        connect(const typename QtPrivate::FunctionPointer<Func1>::Object *sender, Func1 signal,
        -:  213:                const typename QtPrivate::ContextTypeForFunctor<Func2>::ContextType *context, Func2 &&slot,
        -:  214:                Qt::ConnectionType type = Qt::AutoConnection)
        -:  215:    {
        -:  216:        typedef QtPrivate::FunctionPointer<Func1> SignalType;
        -:  217:        typedef QtPrivate::FunctionPointer<std::decay_t<Func2>> SlotType;
        -:  218:
        -:  219:        if constexpr (SlotType::ArgumentCount != -1) {
        -:  220:            static_assert((QtPrivate::AreArgumentsCompatible<typename SlotType::ReturnType, typename SignalType::ReturnType>::value),
        -:  221:                            "Return type of the slot is not compatible with the return type of the signal.");
        -:  222:        } else {
        1:  223:            constexpr int FunctorArgumentCount = QtPrivate::ComputeFunctorArgumentCount<std::decay_t<Func2>, typename SignalType::Arguments>::Value;
        -:  224:            [[maybe_unused]]
        1:  225:            constexpr int SlotArgumentCount = (FunctorArgumentCount >= 0) ? FunctorArgumentCount : 0;
        -:  226:            typedef typename QtPrivate::FunctorReturnType<std::decay_t<Func2>, typename QtPrivate::List_Left<typename SignalType::Arguments, SlotArgumentCount>::Value>::Value SlotReturnType;
        -:  227:
        -:  228:            static_assert((QtPrivate::AreArgumentsCompatible<SlotReturnType, typename SignalType::ReturnType>::value),
        -:  229:                            "Return type of the slot is not compatible with the return type of the signal.");
        -:  230:        }
        -:  231:
        -:  232:        static_assert(QtPrivate::HasQ_OBJECT_Macro<typename SignalType::Object>::Value,
        -:  233:                          "No Q_OBJECT in the class with the signal");
        -:  234:
        -:  235:        //compilation error if the arguments does not match.
        -:  236:        static_assert(int(SignalType::ArgumentCount) >= int(SlotType::ArgumentCount),
        -:  237:                          "The slot requires more arguments than the signal provides.");
        -:  238:
        1:  239:        const int *types = nullptr;
        1:  240:        if (type == Qt::QueuedConnection || type == Qt::BlockingQueuedConnection)
        1:  240-block  0
branch  0 taken 1 (fallthrough)
branch  1 taken 0
        1:  240-block  1
branch  2 taken 0 (fallthrough)
branch  3 taken 1
    #####:  241:            types = QtPrivate::ConnectionTypes<typename SignalType::Arguments>::types();
    %%%%%:  241-block  0
call    0 never executed
        -:  242:
        1:  243:        void **pSlot = nullptr;
        -:  244:        if constexpr (std::is_member_function_pointer_v<std::decay_t<Func2>>) {
        -:  245:            pSlot = const_cast<void **>(reinterpret_cast<void *const *>(&slot));
        -:  246:        } else {
       1*:  247:            Q_ASSERT_X((type & Qt::UniqueConnection) == 0, "",
        1:  247-block  0
branch  0 taken 0 (fallthrough)
branch  1 taken 1
    %%%%%:  247-block  1
call    2 never executed
        -:  248:                       "QObject::connect: Unique connection requires the slot to be a pointer to "
        -:  249:                       "a member function of a QObject subclass.");
        -:  250:        }
        -:  251:
        -:  252:        return connectImpl(sender, reinterpret_cast<void **>(&signal), context, pSlot,
        -:  253:                           QtPrivate::makeCallableObject<Func1>(std::forward<Func2>(slot)),
        1:  254:                           type, types, &SignalType::Object::staticMetaObject);
        1:  254-block  0
call    0 returned 1
call    1 returned 1
call    2 returned 1
        -:  255:    }
------------------
_ZN7QObject7connectIM15QAbstractButtonFvbEZN3GUI11initConnectEvEUlvE_EEN11QMetaObject10ConnectionEPKN9QtPrivate15FunctionPointerIT_E6ObjectESA_PKNS8_21ContextTypeForFunctorIT0_vE11ContextTypeEOSG_N2Qt14ConnectionTypeE:
function _ZN7QObject7connectIM15QAbstractButtonFvbEZN3GUI11initConnectEvEUlvE_EEN11QMetaObject10ConnectionEPKN9QtPrivate15FunctionPointerIT_E6ObjectESA_PKNS8_21ContextTypeForFunctorIT0_vE11ContextTypeEOSG_N2Qt14ConnectionTypeE called 1 returned 100% blocks executed 70%
        1:  212:        connect(const typename QtPrivate::FunctionPointer<Func1>::Object *sender, Func1 signal,
        -:  213:                const typename QtPrivate::ContextTypeForFunctor<Func2>::ContextType *context, Func2 &&slot,
        -:  214:                Qt::ConnectionType type = Qt::AutoConnection)
        -:  215:    {
        -:  216:        typedef QtPrivate::FunctionPointer<Func1> SignalType;
        -:  217:        typedef QtPrivate::FunctionPointer<std::decay_t<Func2>> SlotType;
        -:  218:
        -:  219:        if constexpr (SlotType::ArgumentCount != -1) {
        -:  220:            static_assert((QtPrivate::AreArgumentsCompatible<typename SlotType::ReturnType, typename SignalType::ReturnType>::value),
        -:  221:                            "Return type of the slot is not compatible with the return type of the signal.");
        -:  222:        } else {
        1:  223:            constexpr int FunctorArgumentCount = QtPrivate::ComputeFunctorArgumentCount<std::decay_t<Func2>, typename SignalType::Arguments>::Value;
        -:  224:            [[maybe_unused]]
        1:  225:            constexpr int SlotArgumentCount = (FunctorArgumentCount >= 0) ? FunctorArgumentCount : 0;
        -:  226:            typedef typename QtPrivate::FunctorReturnType<std::decay_t<Func2>, typename QtPrivate::List_Left<typename SignalType::Arguments, SlotArgumentCount>::Value>::Value SlotReturnType;
        -:  227:
        -:  228:            static_assert((QtPrivate::AreArgumentsCompatible<SlotReturnType, typename SignalType::ReturnType>::value),
        -:  229:                            "Return type of the slot is not compatible with the return type of the signal.");
        -:  230:        }
        -:  231:
        -:  232:        static_assert(QtPrivate::HasQ_OBJECT_Macro<typename SignalType::Object>::Value,
        -:  233:                          "No Q_OBJECT in the class with the signal");
        -:  234:
        -:  235:        //compilation error if the arguments does not match.
        -:  236:        static_assert(int(SignalType::ArgumentCount) >= int(SlotType::ArgumentCount),
        -:  237:                          "The slot requires more arguments than the signal provides.");
        -:  238:
        1:  239:        const int *types = nullptr;
        1:  240:        if (type == Qt::QueuedConnection || type == Qt::BlockingQueuedConnection)
        1:  240-block  0
branch  0 taken 1 (fallthrough)
branch  1 taken 0
        1:  240-block  1
branch  2 taken 0 (fallthrough)
branch  3 taken 1
    #####:  241:            types = QtPrivate::ConnectionTypes<typename SignalType::Arguments>::types();
    %%%%%:  241-block  0
call    0 never executed
        -:  242:
        1:  243:        void **pSlot = nullptr;
        -:  244:        if constexpr (std::is_member_function_pointer_v<std::decay_t<Func2>>) {
        -:  245:            pSlot = const_cast<void **>(reinterpret_cast<void *const *>(&slot));
        -:  246:        } else {
       1*:  247:            Q_ASSERT_X((type & Qt::UniqueConnection) == 0, "",
        1:  247-block  0
branch  0 taken 0 (fallthrough)
branch  1 taken 1
    %%%%%:  247-block  1
call    2 never executed
        -:  248:                       "QObject::connect: Unique connection requires the slot to be a pointer to "
        -:  249:                       "a member function of a QObject subclass.");
        -:  250:        }
        -:  251:
        -:  252:        return connectImpl(sender, reinterpret_cast<void **>(&signal), context, pSlot,
        -:  253:                           QtPrivate::makeCallableObject<Func1>(std::forward<Func2>(slot)),
        1:  254:                           type, types, &SignalType::Object::staticMetaObject);
        1:  254-block  0
call    0 returned 1
call    1 returned 1
call    2 returned 1
        -:  255:    }
------------------
_ZN7QObject7connectIM15QAbstractButtonFvbEZN3GUI11initConnectEvEUlvE0_EEN11QMetaObject10ConnectionEPKN9QtPrivate15FunctionPointerIT_E6ObjectESA_PKNS8_21ContextTypeForFunctorIT0_vE11ContextTypeEOSG_N2Qt14ConnectionTypeE:
function _ZN7QObject7connectIM15QAbstractButtonFvbEZN3GUI11initConnectEvEUlvE0_EEN11QMetaObject10ConnectionEPKN9QtPrivate15FunctionPointerIT_E6ObjectESA_PKNS8_21ContextTypeForFunctorIT0_vE11ContextTypeEOSG_N2Qt14ConnectionTypeE called 1 returned 100% blocks executed 70%
        1:  212:        connect(const typename QtPrivate::FunctionPointer<Func1>::Object *sender, Func1 signal,
        -:  213:                const typename QtPrivate::ContextTypeForFunctor<Func2>::ContextType *context, Func2 &&slot,
        -:  214:                Qt::ConnectionType type = Qt::AutoConnection)
        -:  215:    {
        -:  216:        typedef QtPrivate::FunctionPointer<Func1> SignalType;
        -:  217:        typedef QtPrivate::FunctionPointer<std::decay_t<Func2>> SlotType;
        -:  218:
        -:  219:        if constexpr (SlotType::ArgumentCount != -1) {
        -:  220:            static_assert((QtPrivate::AreArgumentsCompatible<typename SlotType::ReturnType, typename SignalType::ReturnType>::value),
        -:  221:                            "Return type of the slot is not compatible with the return type of the signal.");
        -:  222:        } else {
        1:  223:            constexpr int FunctorArgumentCount = QtPrivate::ComputeFunctorArgumentCount<std::decay_t<Func2>, typename SignalType::Arguments>::Value;
        -:  224:            [[maybe_unused]]
        1:  225:            constexpr int SlotArgumentCount = (FunctorArgumentCount >= 0) ? FunctorArgumentCount : 0;
        -:  226:            typedef typename QtPrivate::FunctorReturnType<std::decay_t<Func2>, typename QtPrivate::List_Left<typename SignalType::Arguments, SlotArgumentCount>::Value>::Value SlotReturnType;
        -:  227:
        -:  228:            static_assert((QtPrivate::AreArgumentsCompatible<SlotReturnType, typename SignalType::ReturnType>::value),
        -:  229:                            "Return type of the slot is not compatible with the return type of the signal.");
        -:  230:        }
        -:  231:
        -:  232:        static_assert(QtPrivate::HasQ_OBJECT_Macro<typename SignalType::Object>::Value,
        -:  233:                          "No Q_OBJECT in the class with the signal");
        -:  234:
        -:  235:        //compilation error if the arguments does not match.
        -:  236:        static_assert(int(SignalType::ArgumentCount) >= int(SlotType::ArgumentCount),
        -:  237:                          "The slot requires more arguments than the signal provides.");
        -:  238:
        1:  239:        const int *types = nullptr;
        1:  240:        if (type == Qt::QueuedConnection || type == Qt::BlockingQueuedConnection)
        1:  240-block  0
branch  0 taken 1 (fallthrough)
branch  1 taken 0
        1:  240-block  1
branch  2 taken 0 (fallthrough)
branch  3 taken 1
    #####:  241:            types = QtPrivate::ConnectionTypes<typename SignalType::Arguments>::types();
    %%%%%:  241-block  0
call    0 never executed
        -:  242:
        1:  243:        void **pSlot = nullptr;
        -:  244:        if constexpr (std::is_member_function_pointer_v<std::decay_t<Func2>>) {
        -:  245:            pSlot = const_cast<void **>(reinterpret_cast<void *const *>(&slot));
        -:  246:        } else {
       1*:  247:            Q_ASSERT_X((type & Qt::UniqueConnection) == 0, "",
        1:  247-block  0
branch  0 taken 0 (fallthrough)
branch  1 taken 1
    %%%%%:  247-block  1
call    2 never executed
        -:  248:                       "QObject::connect: Unique connection requires the slot to be a pointer to "
        -:  249:                       "a member function of a QObject subclass.");
        -:  250:        }
        -:  251:
        -:  252:        return connectImpl(sender, reinterpret_cast<void **>(&signal), context, pSlot,
        -:  253:                           QtPrivate::makeCallableObject<Func1>(std::forward<Func2>(slot)),
        1:  254:                           type, types, &SignalType::Object::staticMetaObject);
        1:  254-block  0
call    0 returned 1
call    1 returned 1
call    2 returned 1
        -:  255:    }
------------------
_ZN7QObject7connectIM15QAbstractButtonFvbEZN3GUI11initConnectEvEUlvE1_EEN11QMetaObject10ConnectionEPKN9QtPrivate15FunctionPointerIT_E6ObjectESA_PKNS8_21ContextTypeForFunctorIT0_vE11ContextTypeEOSG_N2Qt14ConnectionTypeE:
function _ZN7QObject7connectIM15QAbstractButtonFvbEZN3GUI11initConnectEvEUlvE1_EEN11QMetaObject10ConnectionEPKN9QtPrivate15FunctionPointerIT_E6ObjectESA_PKNS8_21ContextTypeForFunctorIT0_vE11ContextTypeEOSG_N2Qt14ConnectionTypeE called 1 returned 100% blocks executed 70%
        1:  212:        connect(const typename QtPrivate::FunctionPointer<Func1>::Object *sender, Func1 signal,
        -:  213:                const typename QtPrivate::ContextTypeForFunctor<Func2>::ContextType *context, Func2 &&slot,
        -:  214:                Qt::ConnectionType type = Qt::AutoConnection)
        -:  215:    {
        -:  216:        typedef QtPrivate::FunctionPointer<Func1> SignalType;
        -:  217:        typedef QtPrivate::FunctionPointer<std::decay_t<Func2>> SlotType;
        -:  218:
        -:  219:        if constexpr (SlotType::ArgumentCount != -1) {
        -:  220:            static_assert((QtPrivate::AreArgumentsCompatible<typename SlotType::ReturnType, typename SignalType::ReturnType>::value),
        -:  221:                            "Return type of the slot is not compatible with the return type of the signal.");
        -:  222:        } else {
        1:  223:            constexpr int FunctorArgumentCount = QtPrivate::ComputeFunctorArgumentCount<std::decay_t<Func2>, typename SignalType::Arguments>::Value;
        -:  224:            [[maybe_unused]]
        1:  225:            constexpr int SlotArgumentCount = (FunctorArgumentCount >= 0) ? FunctorArgumentCount : 0;
        -:  226:            typedef typename QtPrivate::FunctorReturnType<std::decay_t<Func2>, typename QtPrivate::List_Left<typename SignalType::Arguments, SlotArgumentCount>::Value>::Value SlotReturnType;
        -:  227:
        -:  228:            static_assert((QtPrivate::AreArgumentsCompatible<SlotReturnType, typename SignalType::ReturnType>::value),
        -:  229:                            "Return type of the slot is not compatible with the return type of the signal.");
        -:  230:        }
        -:  231:
        -:  232:        static_assert(QtPrivate::HasQ_OBJECT_Macro<typename SignalType::Object>::Value,
        -:  233:                          "No Q_OBJECT in the class with the signal");
        -:  234:
        -:  235:        //compilation error if the arguments does not match.
        -:  236:        static_assert(int(SignalType::ArgumentCount) >= int(SlotType::ArgumentCount),
        -:  237:                          "The slot requires more arguments than the signal provides.");
        -:  238:
        1:  239:        const int *types = nullptr;
        1:  240:        if (type == Qt::QueuedConnection || type == Qt::BlockingQueuedConnection)
        1:  240-block  0
branch  0 taken 1 (fallthrough)
branch  1 taken 0
        1:  240-block  1
branch  2 taken 0 (fallthrough)
branch  3 taken 1
    #####:  241:            types = QtPrivate::ConnectionTypes<typename SignalType::Arguments>::types();
    %%%%%:  241-block  0
call    0 never executed
        -:  242:
        1:  243:        void **pSlot = nullptr;
        -:  244:        if constexpr (std::is_member_function_pointer_v<std::decay_t<Func2>>) {
        -:  245:            pSlot = const_cast<void **>(reinterpret_cast<void *const *>(&slot));
        -:  246:        } else {
       1*:  247:            Q_ASSERT_X((type & Qt::UniqueConnection) == 0, "",
        1:  247-block  0
branch  0 taken 0 (fallthrough)
branch  1 taken 1
    %%%%%:  247-block  1
call    2 never executed
        -:  248:                       "QObject::connect: Unique connection requires the slot to be a pointer to "
        -:  249:                       "a member function of a QObject subclass.");
        -:  250:        }
        -:  251:
        -:  252:        return connectImpl(sender, reinterpret_cast<void **>(&signal), context, pSlot,
        -:  253:                           QtPrivate::makeCallableObject<Func1>(std::forward<Func2>(slot)),
        1:  254:                           type, types, &SignalType::Object::staticMetaObject);
        1:  254-block  0
call    0 returned 1
call    1 returned 1
call    2 returned 1
        -:  255:    }
------------------
_ZN7QObject7connectIM15QAbstractButtonFvbEZN3GUI11initConnectEvEUlvE2_EEN11QMetaObject10ConnectionEPKN9QtPrivate15FunctionPointerIT_E6ObjectESA_PKNS8_21ContextTypeForFunctorIT0_vE11ContextTypeEOSG_N2Qt14ConnectionTypeE:
function _ZN7QObject7connectIM15QAbstractButtonFvbEZN3GUI11initConnectEvEUlvE2_EEN11QMetaObject10ConnectionEPKN9QtPrivate15FunctionPointerIT_E6ObjectESA_PKNS8_21ContextTypeForFunctorIT0_vE11ContextTypeEOSG_N2Qt14ConnectionTypeE called 1 returned 100% blocks executed 70%
        1:  212:        connect(const typename QtPrivate::FunctionPointer<Func1>::Object *sender, Func1 signal,
        -:  213:                const typename QtPrivate::ContextTypeForFunctor<Func2>::ContextType *context, Func2 &&slot,
        -:  214:                Qt::ConnectionType type = Qt::AutoConnection)
        -:  215:    {
        -:  216:        typedef QtPrivate::FunctionPointer<Func1> SignalType;
        -:  217:        typedef QtPrivate::FunctionPointer<std::decay_t<Func2>> SlotType;
        -:  218:
        -:  219:        if constexpr (SlotType::ArgumentCount != -1) {
        -:  220:            static_assert((QtPrivate::AreArgumentsCompatible<typename SlotType::ReturnType, typename SignalType::ReturnType>::value),
        -:  221:                            "Return type of the slot is not compatible with the return type of the signal.");
        -:  222:        } else {
        1:  223:            constexpr int FunctorArgumentCount = QtPrivate::ComputeFunctorArgumentCount<std::decay_t<Func2>, typename SignalType::Arguments>::Value;
        -:  224:            [[maybe_unused]]
        1:  225:            constexpr int SlotArgumentCount = (FunctorArgumentCount >= 0) ? FunctorArgumentCount : 0;
        -:  226:            typedef typename QtPrivate::FunctorReturnType<std::decay_t<Func2>, typename QtPrivate::List_Left<typename SignalType::Arguments, SlotArgumentCount>::Value>::Value SlotReturnType;
        -:  227:
        -:  228:            static_assert((QtPrivate::AreArgumentsCompatible<SlotReturnType, typename SignalType::ReturnType>::value),
        -:  229:                            "Return type of the slot is not compatible with the return type of the signal.");
        -:  230:        }
        -:  231:
        -:  232:        static_assert(QtPrivate::HasQ_OBJECT_Macro<typename SignalType::Object>::Value,
        -:  233:                          "No Q_OBJECT in the class with the signal");
        -:  234:
        -:  235:        //compilation error if the arguments does not match.
        -:  236:        static_assert(int(SignalType::ArgumentCount) >= int(SlotType::ArgumentCount),
        -:  237:                          "The slot requires more arguments than the signal provides.");
        -:  238:
        1:  239:        const int *types = nullptr;
        1:  240:        if (type == Qt::QueuedConnection || type == Qt::BlockingQueuedConnection)
        1:  240-block  0
branch  0 taken 1 (fallthrough)
branch  1 taken 0
        1:  240-block  1
branch  2 taken 0 (fallthrough)
branch  3 taken 1
    #####:  241:            types = QtPrivate::ConnectionTypes<typename SignalType::Arguments>::types();
    %%%%%:  241-block  0
call    0 never executed
[...]
        1:  212:        connect(const typename QtPrivate::FunctionPointer<Func1>::Object *sender, Func1 signal,
        -:  213:                const typename QtPrivate::ContextTypeForFunctor<Func2>::ContextType *context, Func2 &&slot,
        -:  214:                Qt::ConnectionType type = Qt::AutoConnection)
        -:  215:    {
        -:  216:        typedef QtPrivate::FunctionPointer<Func1> SignalType;
        -:  217:        typedef QtPrivate::FunctionPointer<std::decay_t<Func2>> SlotType;
        -:  218:
        -:  219:        if constexpr (SlotType::ArgumentCount != -1) {
        -:  220:            static_assert((QtPrivate::AreArgumentsCompatible<typename SlotType::ReturnType, typename SignalType::ReturnType>::value),
        -:  221:                            "Return type of the slot is not compatible with the return type of the signal.");
        -:  222:        } else {
        1:  223:            constexpr int FunctorArgumentCount = QtPrivate::ComputeFunctorArgumentCount<std::decay_t<Func2>, typename SignalType::Arguments>::Value;
        -:  224:            [[maybe_unused]]
        1:  225:            constexpr int SlotArgumentCount = (FunctorArgumentCount >= 0) ? FunctorArgumentCount : 0;
        -:  226:            typedef typename QtPrivate::FunctorReturnType<std::decay_t<Func2>, typename QtPrivate::List_Left<typename SignalType::Arguments, SlotArgumentCount>::Value>::Value SlotReturnType;
        -:  227:
        -:  228:            static_assert((QtPrivate::AreArgumentsCompatible<SlotReturnType, typename SignalType::ReturnType>::value),
        -:  229:                            "Return type of the slot is not compatible with the return type of the signal.");
        -:  230:        }
        -:  231:
        -:  232:        static_assert(QtPrivate::HasQ_OBJECT_Macro<typename SignalType::Object>::Value,
        -:  233:                          "No Q_OBJECT in the class with the signal");
        -:  234:
        -:  235:        //compilation error if the arguments does not match.
        -:  236:        static_assert(int(SignalType::ArgumentCount) >= int(SlotType::ArgumentCount),
        -:  237:                          "The slot requires more arguments than the signal provides.");
        -:  238:
        1:  239:        const int *types = nullptr;
        1:  240:        if (type == Qt::QueuedConnection || type == Qt::BlockingQueuedConnection)
        1:  240-block  0
branch  0 taken 1 (fallthrough)
branch  1 taken 0
        1:  240-block  1
branch  2 taken 0 (fallthrough)
branch  3 taken 1
    #####:  241:            types = QtPrivate::ConnectionTypes<typename SignalType::Arguments>::types();
    %%%%%:  241-block  0
call    0 never executed
        -:  242:
        1:  243:        void **pSlot = nullptr;
        -:  244:        if constexpr (std::is_member_function_pointer_v<std::decay_t<Func2>>) {
        -:  245:            pSlot = const_cast<void **>(reinterpret_cast<void *const *>(&slot));
        -:  246:        } else {
       1*:  247:            Q_ASSERT_X((type & Qt::UniqueConnection) == 0, "",
        1:  247-block  0
branch  0 taken 0 (fallthrough)
branch  1 taken 1
    %%%%%:  247-block  1
call    2 never executed
        -:  248:                       "QObject::connect: Unique connection requires the slot to be a pointer to "
        -:  249:                       "a member function of a QObject subclass.");
        -:  250:        }
        -:  251:
        -:  252:        return connectImpl(sender, reinterpret_cast<void **>(&signal), context, pSlot,
        -:  253:                           QtPrivate::makeCallableObject<Func1>(std::forward<Func2>(slot)),
        1:  254:                           type, types, &SignalType::Object::staticMetaObject);
        1:  254-block  0
call    0 returned 1
call    1 returned 1
call    2 returned 1
        -:  255:    }
------------------
        -:  256:
        -:  257:#ifndef QT_NO_CONTEXTLESS_CONNECT
        -:  258:    //connect without context
        -:  259:    template <typename Func1, typename Func2>
        -:  260:    static inline QMetaObject::Connection
       20:  261:        connect(const typename QtPrivate::FunctionPointer<Func1>::Object *sender, Func1 signal, Func2 &&slot)
        -:  262:    {
       20:  263:        return connect(sender, signal, sender, std::forward<Func2>(slot), Qt::DirectConnection);
        -:  264:    }
        -:  265:#endif // QT_NO_CONTEXTLESS_CONNECT
        -:  266:#endif //Q_QDOC
        -:  267:
        -:  268:    static bool disconnect(const QObject *sender, const char *signal,
        -:  269:                           const QObject *receiver, const char *member);
        -:  270:    static bool disconnect(const QObject *sender, const QMetaMethod &signal,
        -:  271:                           const QObject *receiver, const QMetaMethod &member);
        -:  272:    inline bool disconnect(const char *signal = nullptr,
        -:  273:                           const QObject *receiver = nullptr, const char *member = nullptr) const
        -:  274:        { return disconnect(this, signal, receiver, member); }
        -:  275:    inline bool disconnect(const QObject *receiver, const char *member = nullptr) const
        -:  276:        { return disconnect(this, nullptr, receiver, member); }
        -:  277:    static bool disconnect(const QMetaObject::Connection &);
        -:  278:
        -:  279:#ifdef Q_QDOC
        -:  280:    template<typename PointerToMemberFunction>
        -:  281:    static bool disconnect(const QObject *sender, PointerToMemberFunction signal, const QObject *receiver, PointerToMemberFunction method);
        -:  282:#else
        -:  283:    template <typename Func1, typename Func2>
        -:  284:    static inline bool disconnect(const typename QtPrivate::FunctionPointer<Func1>::Object *sender, Func1 signal,
        -:  285:                                  const typename QtPrivate::FunctionPointer<Func2>::Object *receiver, Func2 slot)
        -:  286:    {
        -:  287:        typedef QtPrivate::FunctionPointer<Func1> SignalType;
        -:  288:        typedef QtPrivate::FunctionPointer<Func2> SlotType;
        -:  289:
        -:  290:        static_assert(QtPrivate::HasQ_OBJECT_Macro<typename SignalType::Object>::Value,
        -:  291:                          "No Q_OBJECT in the class with the signal");
        -:  292:
        -:  293:        //compilation error if the arguments does not match.
        -:  294:        static_assert((QtPrivate::CheckCompatibleArguments<typename SignalType::Arguments, typename SlotType::Arguments>::value),
        -:  295:                          "Signal and slot arguments are not compatible.");
        -:  296:
        -:  297:        return disconnectImpl(sender, reinterpret_cast<void **>(&signal), receiver, reinterpret_cast<void **>(&slot),
        -:  298:                              &SignalType::Object::staticMetaObject);
        -:  299:    }
        -:  300:    template <typename Func1>
        -:  301:    static inline bool disconnect(const typename QtPrivate::FunctionPointer<Func1>::Object *sender, Func1 signal,
        -:  302:                                  const QObject *receiver, void **zero)
        -:  303:    {
        -:  304:        // This is the overload for when one wish to disconnect a signal from any slot. (slot=nullptr)
        -:  305:        // Since the function template parameter cannot be deduced from '0', we use a
        -:  306:        // dummy void ** parameter that must be equal to 0
        -:  307:        Q_ASSERT(!zero);
        -:  308:        typedef QtPrivate::FunctionPointer<Func1> SignalType;
        -:  309:        return disconnectImpl(sender, reinterpret_cast<void **>(&signal), receiver, zero,
        -:  310:                              &SignalType::Object::staticMetaObject);
        -:  311:    }
        -:  312:#endif //Q_QDOC
        -:  313:
        -:  314:    void dumpObjectTree() const;
        -:  315:    void dumpObjectInfo() const;
        -:  316:
        -:  317:    QT_CORE_INLINE_SINCE(6, 6)
        -:  318:    bool setProperty(const char *name, const QVariant &value);
        -:  319:    inline bool setProperty(const char *name, QVariant &&value);
        -:  320:    QVariant property(const char *name) const;
        -:  321:    QList<QByteArray> dynamicPropertyNames() const;
        -:  322:    QBindingStorage *bindingStorage() { return &d_ptr->bindingStorage; }
        -:  323:    const QBindingStorage *bindingStorage() const { return &d_ptr->bindingStorage; }
        -:  324:
        -:  325:Q_SIGNALS:
        -:  326:    void destroyed(QObject * = nullptr);
        -:  327:    void objectNameChanged(const QString &objectName, QPrivateSignal);
        -:  328:
        -:  329:public:
        -:  330:    inline QObject *parent() const { return d_ptr->parent; }
        -:  331:
        -:  332:    inline bool inherits(const char *classname) const
        -:  333:    {
        -:  334:        return const_cast<QObject *>(this)->qt_metacast(classname) != nullptr;
        -:  335:    }
        -:  336:
        -:  337:public Q_SLOTS:
        -:  338:    void deleteLater();
        -:  339:
        -:  340:protected:
        -:  341:    QObject *sender() const;
        -:  342:    int senderSignalIndex() const;
        -:  343:    int receivers(const char *signal) const;
        -:  344:    bool isSignalConnected(const QMetaMethod &signal) const;
        -:  345:
        -:  346:    virtual void timerEvent(QTimerEvent *event);
        -:  347:    virtual void childEvent(QChildEvent *event);
        -:  348:    virtual void customEvent(QEvent *event);
        -:  349:
        -:  350:    virtual void connectNotify(const QMetaMethod &signal);
        -:  351:    virtual void disconnectNotify(const QMetaMethod &signal);
        -:  352:
        -:  353:protected:
        -:  354:    QObject(QObjectPrivate &dd, QObject *parent = nullptr);
        -:  355:
        -:  356:protected:
        -:  357:    QScopedPointer<QObjectData> d_ptr;
        -:  358:
        -:  359:    friend struct QMetaObject;
        -:  360:    friend struct QMetaObjectPrivate;
        -:  361:    friend class QMetaCallEvent;
        -:  362:    friend class QApplication;
        -:  363:    friend class QApplicationPrivate;
        -:  364:    friend class QCoreApplication;
        -:  365:    friend class QCoreApplicationPrivate;
        -:  366:    friend class QWidget;
        -:  367:    friend class QAccessibleWidget;
        -:  368:    friend class QThreadData;
        -:  369:
        -:  370:private:
        -:  371:    void doSetObjectName(const QString &name);
        -:  372:    bool doSetProperty(const char *name, const QVariant *lvalue, QVariant *rvalue);
        -:  373:
        -:  374:    Q_DISABLE_COPY(QObject)
        -:  375:
        -:  376:private:
        -:  377:    static QMetaObject::Connection connectImpl(const QObject *sender, void **signal,
        -:  378:                                               const QObject *receiver, void **slotPtr,
        -:  379:                                               QtPrivate::QSlotObjectBase *slot, Qt::ConnectionType type,
        -:  380:                                               const int *types, const QMetaObject *senderMetaObject);
        -:  381:
        -:  382:    static bool disconnectImpl(const QObject *sender, void **signal, const QObject *receiver, void **slot,
        -:  383:                               const QMetaObject *senderMetaObject);
        -:  384:
        -:  385:};
        -:  386:
        -:  387:inline QMetaObject::Connection QObject::connect(const QObject *asender, const char *asignal,
        -:  388:                                            const char *amember, Qt::ConnectionType atype) const
        -:  389:{ return connect(asender, asignal, this, amember, atype); }
        -:  390:
        -:  391:#if QT_CORE_INLINE_IMPL_SINCE(6, 6)
        -:  392:bool QObject::setProperty(const char *name, const QVariant &value)
        -:  393:{
        -:  394:    return doSetProperty(name, &value, nullptr);
        -:  395:}
        -:  396:#endif // inline since 6.6
        -:  397:bool QObject::setProperty(const char *name, QVariant &&value)
        -:  398:{
        -:  399:    return doSetProperty(name, &value, &value);
        -:  400:}
        -:  401:
        -:  402:template <class T>
        -:  403:inline T qobject_cast(QObject *object)
        -:  404:{
        -:  405:    static_assert(std::is_pointer_v<T>,
        -:  406:                  "qobject_cast requires to cast towards a pointer type");
        -:  407:    typedef typename std::remove_cv<typename std::remove_pointer<T>::type>::type ObjType;
        -:  408:    static_assert(QtPrivate::HasQ_OBJECT_Macro<ObjType>::Value,
        -:  409:                    "qobject_cast requires the type to have a Q_OBJECT macro");
        -:  410:    return static_cast<T>(ObjType::staticMetaObject.cast(object));
        -:  411:}
        -:  412:
        -:  413:template <class T>
        -:  414:inline T qobject_cast(const QObject *object)
        -:  415:{
        -:  416:    static_assert(std::is_pointer_v<T>,
        -:  417:                  "qobject_cast requires to cast towards a pointer type");
        -:  418:    static_assert(std::is_const_v<std::remove_pointer_t<T>>,
        -:  419:                  "qobject_cast cannot cast away constness (use const_cast)");
        -:  420:    typedef typename std::remove_cv<typename std::remove_pointer<T>::type>::type ObjType;
        -:  421:    static_assert(QtPrivate::HasQ_OBJECT_Macro<ObjType>::Value,
        -:  422:                      "qobject_cast requires the type to have a Q_OBJECT macro");
        -:  423:    return static_cast<T>(ObjType::staticMetaObject.cast(object));
        -:  424:}
        -:  425:
        -:  426:
        -:  427:template <class T> constexpr const char * qobject_interface_iid() = delete;
        -:  428:template <class T> inline T *
        -:  429:qobject_iid_cast(QObject *object, const char *IId = qobject_interface_iid<T *>())
        -:  430:{
        -:  431:    return reinterpret_cast<T *>((object ? object->qt_metacast(IId) : nullptr));
        -:  432:}
        -:  433:template <class T> inline std::enable_if_t<std::is_const<T>::value, T *>
        -:  434:qobject_iid_cast(const QObject *object)
        -:  435:{
        -:  436:    // NOLINTNEXTLINE(cppcoreguidelines-pro-type-const-cast)
        -:  437:    QObject *o = const_cast<QObject *>(object);
        -:  438:    return qobject_iid_cast<std::remove_cv_t<T>>(o);
        -:  439:}
        -:  440:
        -:  441:#if defined(Q_QDOC)
        -:  442:#  define Q_DECLARE_INTERFACE(IFace, IId)
        -:  443:#elif !defined(Q_MOC_RUN)
        -:  444:#  define Q_DECLARE_INTERFACE(IFace, IId) \
        -:  445:    template <> constexpr const char *qobject_interface_iid<IFace *>() \
        -:  446:    { return IId; } \
        -:  447:    template <> inline IFace *qobject_cast<IFace *>(QObject *object) \
        -:  448:    { return qobject_iid_cast<IFace>(object); } \
        -:  449:    template <> inline const IFace *qobject_cast<const IFace *>(const QObject *object) \
        -:  450:    { return qobject_iid_cast<const IFace>(object); }
        -:  451:#endif // Q_MOC_RUN
        -:  452:
        -:  453:inline const QBindingStorage *qGetBindingStorage(const QObject *o)
        -:  454:{
        -:  455:    return o->bindingStorage();
        -:  456:}
        -:  457:inline QBindingStorage *qGetBindingStorage(QObject *o)
        -:  458:{
        -:  459:    return o->bindingStorage();
        -:  460:}
        -:  461:
        -:  462:#ifndef QT_NO_DEBUG_STREAM
        -:  463:Q_CORE_EXPORT QDebug operator<<(QDebug, const QObject *);
        -:  464:#endif
        -:  465:
        -:  466:class QSignalBlocker
        -:  467:{
        -:  468:public:
        -:  469:    Q_NODISCARD_CTOR
        -:  470:    inline explicit QSignalBlocker(QObject *o) noexcept;
        -:  471:    Q_NODISCARD_CTOR
        -:  472:    inline explicit QSignalBlocker(QObject &o) noexcept;
        -:  473:    inline ~QSignalBlocker();
        -:  474:
        -:  475:    Q_NODISCARD_CTOR
        -:  476:    inline QSignalBlocker(QSignalBlocker &&other) noexcept;
        -:  477:    inline QSignalBlocker &operator=(QSignalBlocker &&other) noexcept;
        -:  478:
        -:  479:    inline void reblock() noexcept;
        -:  480:    inline void unblock() noexcept;
        -:  481:    inline void dismiss() noexcept;
        -:  482:
        -:  483:private:
        -:  484:    Q_DISABLE_COPY(QSignalBlocker)
        -:  485:    QObject *m_o;
        -:  486:    bool m_blocked;
        -:  487:    bool m_inhibited;
        -:  488:};
        -:  489:
        -:  490:QSignalBlocker::QSignalBlocker(QObject *o) noexcept
        -:  491:    : m_o(o),
        -:  492:      m_blocked(o && o->blockSignals(true)),
        -:  493:      m_inhibited(false)
        -:  494:{}
        -:  495:
        -:  496:QSignalBlocker::QSignalBlocker(QObject &o) noexcept
        -:  497:    : m_o(&o),
        -:  498:      m_blocked(o.blockSignals(true)),
        -:  499:      m_inhibited(false)
        -:  500:{}
        -:  501:
        -:  502:QSignalBlocker::QSignalBlocker(QSignalBlocker &&other) noexcept
        -:  503:    : m_o(other.m_o),
        -:  504:      m_blocked(other.m_blocked),
        -:  505:      m_inhibited(other.m_inhibited)
        -:  506:{
        -:  507:    other.m_o = nullptr;
        -:  508:}
        -:  509:
        -:  510:QSignalBlocker &QSignalBlocker::operator=(QSignalBlocker &&other) noexcept
        -:  511:{
        -:  512:    if (this != &other) {
        -:  513:        // if both *this and other block the same object's signals:
        -:  514:        // unblock *this iff our dtor would unblock, but other's wouldn't
        -:  515:        if (m_o != other.m_o || (!m_inhibited && other.m_inhibited))
        -:  516:            unblock();
        -:  517:        m_o = other.m_o;
        -:  518:        m_blocked = other.m_blocked;
        -:  519:        m_inhibited = other.m_inhibited;
        -:  520:        // disable other:
        -:  521:        other.m_o = nullptr;
        -:  522:    }
        -:  523:    return *this;
        -:  524:}
        -:  525:
        -:  526:QSignalBlocker::~QSignalBlocker()
        -:  527:{
        -:  528:    if (m_o && !m_inhibited)
        -:  529:        m_o->blockSignals(m_blocked);
        -:  530:}
        -:  531:
        -:  532:void QSignalBlocker::reblock() noexcept
        -:  533:{
        -:  534:    if (m_o)
        -:  535:        m_o->blockSignals(true);
        -:  536:    m_inhibited = false;
        -:  537:}
        -:  538:
        -:  539:void QSignalBlocker::unblock() noexcept
        -:  540:{
        -:  541:    if (m_o)
        -:  542:        m_o->blockSignals(m_blocked);
        -:  543:    m_inhibited = true;
        -:  544:}
        -:  545:
        -:  546:void QSignalBlocker::dismiss() noexcept
        -:  547:{
        -:  548:    m_o = nullptr;
        -:  549:}
        -:  550:
        -:  551:namespace QtPrivate {
        -:  552:    inline QObject & deref_for_methodcall(QObject &o) { return  o; }
        -:  553:    inline QObject & deref_for_methodcall(QObject *o) { return *o; }
        -:  554:}
        -:  555:#define Q_SET_OBJECT_NAME(obj) QT_PREPEND_NAMESPACE(QtPrivate)::deref_for_methodcall(obj).setObjectName(QLatin1StringView(#obj))
        -:  556:
        -:  557:QT_END_NAMESPACE
        -:  558:
        -:  559:#endif
        -:  560:
        -:  561:#endif // QOBJECT_H
