        -:    0:Source:C:/QTbun/6.8.0/mingw_64/include/QtCore/qarraydata.h
        -:    0:Graph:C:\Users\Next\CLionProjects\qt1\cmake-build-debug-coverage\CMakeFiles\qt1.dir\main.cpp.gcno
        -:    0:Data:C:\Users\Next\CLionProjects\qt1\cmake-build-debug-coverage\CMakeFiles\qt1.dir\main.cpp.gcda
        -:    0:Runs:1
        -:    1:// Copyright (C) 2020 The Qt Company Ltd.
        -:    2:// Copyright (C) 2019 Intel Corporation.
        -:    3:// SPDX-License-Identifier: LicenseRef-Qt-Commercial OR LGPL-3.0-only OR GPL-2.0-only OR GPL-3.0-only
        -:    4:
        -:    5:#ifndef QARRAYDATA_H
        -:    6:#define QARRAYDATA_H
        -:    7:
        -:    8:#include <QtCore/qpair.h>
        -:    9:#include <QtCore/qatomic.h>
        -:   10:#include <QtCore/qflags.h>
        -:   11:#include <string.h>
        -:   12:
        -:   13:QT_BEGIN_NAMESPACE
        -:   14:
        -:   15:#if __has_cpp_attribute(gnu::malloc)
        -:   16:#  define Q_DECL_MALLOCLIKE [[nodiscard, gnu::malloc]]
        -:   17:#else
        -:   18:#  define Q_DECL_MALLOCLIKE [[nodiscard]]
        -:   19:#endif
        -:   20:
        -:   21:template <class T> struct QTypedArrayData;
        -:   22:
        -:   23:struct QArrayData
        -:   24:{
        -:   25:    enum AllocationOption {
        -:   26:        Grow,
        -:   27:        KeepSize
        -:   28:    };
        -:   29:
        -:   30:    enum GrowthPosition {
        -:   31:        GrowsAtEnd,
        -:   32:        GrowsAtBeginning
        -:   33:    };
        -:   34:
        -:   35:   enum ArrayOption {
        -:   36:        ArrayOptionDefault = 0,
        -:   37:        CapacityReserved     = 0x1  //!< the capacity was reserved by the user, try to keep it
        -:   38:    };
        -:   39:    Q_DECLARE_FLAGS(ArrayOptions, ArrayOption)
        -:   40:
        -:   41:    QBasicAtomicInt ref_;
        -:   42:    ArrayOptions flags;
        -:   43:    qsizetype alloc;
        -:   44:
        -:   45:    qsizetype allocatedCapacity() noexcept
        -:   46:    {
        -:   47:        return alloc;
        -:   48:    }
        -:   49:
function _ZNK10QArrayData22constAllocatedCapacityEv called 10 returned 100% blocks executed 100%
       10:   50:    qsizetype constAllocatedCapacity() const noexcept
        -:   51:    {
       10:   52:        return alloc;
       10:   52-block  0
        -:   53:    }
        -:   54:
        -:   55:    /// Returns true if sharing took place
function _ZN10QArrayData3refEv called 4 returned 100% blocks executed 100%
        4:   56:    bool ref() noexcept
        -:   57:    {
        4:   58:        ref_.ref();
        4:   58-block  0
call    0 returned 4
        4:   59:        return true;
        -:   60:    }
        -:   61:
        -:   62:    /// Returns false if deallocation is necessary
function _ZN10QArrayData5derefEv called 70 returned 100% blocks executed 100%
       70:   63:    bool deref() noexcept
        -:   64:    {
       70:   65:        return ref_.deref();
       70:   65-block  0
call    0 returned 70
        -:   66:    }
        -:   67:
function _ZNK10QArrayData8isSharedEv called 0 returned 0% blocks executed 0%
    #####:   68:    bool isShared() const noexcept
        -:   69:    {
    #####:   70:        return ref_.loadRelaxed() != 1;
    %%%%%:   70-block  0
call    0 never executed
        -:   71:    }
        -:   72:
        -:   73:    // Returns true if a detach is necessary before modifying the data
        -:   74:    // This method is intentionally not const: if you want to know whether
        -:   75:    // detaching is necessary, you should be in a non-const function already
function _ZN10QArrayData11needsDetachEv called 10 returned 100% blocks executed 100%
       10:   76:    bool needsDetach() noexcept
        -:   77:    {
       10:   78:        return ref_.loadRelaxed() > 1;
       10:   78-block  0
call    0 returned 10
        -:   79:    }
        -:   80:
function _ZNK10QArrayData14detachCapacityEx called 0 returned 0% blocks executed 0%
    #####:   81:    qsizetype detachCapacity(qsizetype newSize) const noexcept
        -:   82:    {
    #####:   83:        if (flags & CapacityReserved && newSize < constAllocatedCapacity())
    %%%%%:   83-block  0
call    0 never executed
call    1 never executed
branch  2 never executed (fallthrough)
branch  3 never executed
    %%%%%:   83-block  1
call    4 never executed
branch  5 never executed (fallthrough)
branch  6 never executed
    %%%%%:   83-block  2
    %%%%%:   83-block  3
    %%%%%:   83-block  4
branch  7 never executed (fallthrough)
branch  8 never executed
    #####:   84:            return constAllocatedCapacity();
    %%%%%:   84-block  0
call    0 never executed
    #####:   85:        return newSize;
    %%%%%:   85-block  0
        -:   86:    }
        -:   87:
        -:   88:    Q_DECL_MALLOCLIKE
        -:   89:    static Q_CORE_EXPORT void *allocate(QArrayData **pdata, qsizetype objectSize, qsizetype alignment,
        -:   90:            qsizetype capacity, AllocationOption option = QArrayData::KeepSize) noexcept;
        -:   91:    Q_DECL_MALLOCLIKE
        -:   92:    static Q_CORE_EXPORT void *allocate1(QArrayData **pdata, qsizetype capacity,
        -:   93:                                         AllocationOption option = QArrayData::KeepSize) noexcept;
        -:   94:    Q_DECL_MALLOCLIKE
        -:   95:    static Q_CORE_EXPORT void *allocate2(QArrayData **pdata, qsizetype capacity,
        -:   96:                                         AllocationOption option = QArrayData::KeepSize) noexcept;
        -:   97:
        -:   98:    [[nodiscard]] static Q_CORE_EXPORT std::pair<QArrayData *, void *> reallocateUnaligned(QArrayData *data, void *dataPointer,
        -:   99:            qsizetype objectSize, qsizetype newCapacity, AllocationOption option) noexcept;
        -:  100:    static Q_CORE_EXPORT void deallocate(QArrayData *data, qsizetype objectSize,
        -:  101:            qsizetype alignment) noexcept;
        -:  102:};
        -:  103:
        -:  104:Q_DECLARE_OPERATORS_FOR_FLAGS(QArrayData::ArrayOptions)
        -:  105:
        -:  106:namespace QtPrivate {
        -:  107:// QArrayData with strictest alignment requirements supported by malloc()
        -:  108:#if defined(Q_PROCESSOR_X86_32) && defined(Q_CC_GNU)
        -:  109:// GCC's definition is incorrect since GCC 8 (commit r240248 in SVN; commit
        -:  110:// 63012d9a57edc950c5f30242d1e19318b5708060 in Git). This is applied to all
        -:  111:// GCC-like compilers in case they decide to follow GCC's lead in being wrong.
        -:  112:constexpr size_t MaxPrimitiveAlignment = 2 * sizeof(void *);
        -:  113:#else
        -:  114:constexpr size_t MaxPrimitiveAlignment = alignof(std::max_align_t);
        -:  115:#endif
        -:  116:
        -:  117:struct alignas(MaxPrimitiveAlignment) AlignedQArrayData : QArrayData
        -:  118:{
        -:  119:};
        -:  120:}
        -:  121:
        -:  122:template <class T>
        -:  123:struct QTypedArrayData
        -:  124:    : QArrayData
        -:  125:{
        -:  126:    struct AlignmentDummy { QtPrivate::AlignedQArrayData header; T data; };
        -:  127:
function _ZN15QTypedArrayDataI7QStringE8allocateExN10QArrayData16AllocationOptionE called 1 returned 100% blocks executed 100%
        1:  128:    [[nodiscard]] static std::pair<QTypedArrayData *, T *> allocate(qsizetype capacity, AllocationOption option = QArrayData::KeepSize)
        -:  129:    {
        -:  130:        static_assert(sizeof(QTypedArrayData) == sizeof(QArrayData));
        -:  131:        QArrayData *d;
        -:  132:        void *result;
        -:  133:        if constexpr (sizeof(T) == 1) {
        -:  134:            // necessarily, alignof(T) == 1
        -:  135:            result = allocate1(&d, capacity, option);
        -:  136:        } else if constexpr (sizeof(T) == 2) {
        -:  137:            // alignof(T) may be 1, but that makes no difference
        -:  138:            result = allocate2(&d, capacity, option);
        -:  139:        } else {
        1:  140:            result = QArrayData::allocate(&d, sizeof(T), alignof(AlignmentDummy), capacity, option);
        1:  140-block  0
call    0 returned 1
        -:  141:        }
        -:  142:#if __has_builtin(__builtin_assume_aligned)
        -:  143:        // and yet we do offer results that have stricter alignment
        1:  144:        result = __builtin_assume_aligned(result, Q_ALIGNOF(AlignmentDummy));
        -:  145:#endif
        1:  146:        return {static_cast<QTypedArrayData *>(d), static_cast<T *>(result)};
call    0 returned 1
        -:  147:    }
        -:  148:
        -:  149:    static std::pair<QTypedArrayData *, T *>
function _ZN15QTypedArrayDataI7QStringE19reallocateUnalignedEPS1_PS0_xN10QArrayData16AllocationOptionE called 1 returned 100% blocks executed 100%
        1:  150:    reallocateUnaligned(QTypedArrayData *data, T *dataPointer, qsizetype capacity, AllocationOption option)
        -:  151:    {
        -:  152:        static_assert(sizeof(QTypedArrayData) == sizeof(QArrayData));
        -:  153:        std::pair<QArrayData *, void *> pair =
        1:  154:                QArrayData::reallocateUnaligned(data, dataPointer, sizeof(T), capacity, option);
        1:  154-block  0
call    0 returned 1
        1:  155:        return {static_cast<QTypedArrayData *>(pair.first), static_cast<T *>(pair.second)};
call    0 returned 1
        -:  156:    }
        -:  157:
        -:  158:    static void deallocate(QArrayData *data) noexcept
        -:  159:    {
        -:  160:        static_assert(sizeof(QTypedArrayData) == sizeof(QArrayData));
        -:  161:        QArrayData::deallocate(data, sizeof(T), alignof(AlignmentDummy));
        -:  162:    }
        -:  163:
function _ZN15QTypedArrayDataI7QStringE9dataStartEP10QArrayDatax called 9 returned 100% blocks executed 83%
        9:  164:    static T *dataStart(QArrayData *data, qsizetype alignment) noexcept
        -:  165:    {
        -:  166:        // Alignment is a power of two
       9*:  167:        Q_ASSERT(alignment >= qsizetype(alignof(QArrayData)) && !(alignment & (alignment - 1)));
        9:  167-block  0
branch  0 taken 9 (fallthrough)
branch  1 taken 0
        9:  167-block  1
branch  2 taken 9 (fallthrough)
branch  3 taken 0
        9:  167-block  2
    %%%%%:  167-block  3
call    4 never executed
        9:  168:        void *start =  reinterpret_cast<void *>(
        9:  169:            (quintptr(data) + sizeof(QArrayData) + alignment - 1) & ~(alignment - 1));
        9:  170:        return static_cast<T *>(start);
        9:  170-block  0
        -:  171:    }
        -:  172:};
        -:  173:
        -:  174:namespace QtPrivate {
        -:  175:struct Q_CORE_EXPORT QContainerImplHelper
        -:  176:{
        -:  177:    enum CutResult { Null, Empty, Full, Subset };
        -:  178:    static constexpr CutResult mid(qsizetype originalLength, qsizetype *_position, qsizetype *_length)
        -:  179:    {
        -:  180:        qsizetype &position = *_position;
        -:  181:        qsizetype &length = *_length;
        -:  182:        if (position > originalLength) {
        -:  183:            position = 0;
        -:  184:            length = 0;
        -:  185:            return Null;
        -:  186:        }
        -:  187:
        -:  188:        if (position < 0) {
        -:  189:            if (length < 0 || length + position >= originalLength) {
        -:  190:                position = 0;
        -:  191:                length = originalLength;
        -:  192:                return Full;
        -:  193:            }
        -:  194:            if (length + position <= 0) {
        -:  195:                position = length = 0;
        -:  196:                return Null;
        -:  197:            }
        -:  198:            length += position;
        -:  199:            position = 0;
        -:  200:        } else if (size_t(length) > size_t(originalLength - position)) {
        -:  201:            length = originalLength - position;
        -:  202:        }
        -:  203:
        -:  204:        if (position == 0 && length == originalLength)
        -:  205:            return Full;
        -:  206:
        -:  207:        return length > 0 ? Subset : Empty;
        -:  208:    }
        -:  209:};
        -:  210:}
        -:  211:
        -:  212:#undef Q_DECL_MALLOCLIKE
        -:  213:
        -:  214:QT_END_NAMESPACE
        -:  215:
        -:  216:#endif // include guard
