        -:    0:Source:C:/Users/Next/CLionProjects/lab9/cos.h
        -:    0:Graph:C:\Users\Next\CLionProjects\lab9\cmake-build-debug-coverage\CMakeFiles\lab9.dir\teste.cpp.gcno
        -:    0:Data:C:\Users\Next\CLionProjects\lab9\cmake-build-debug-coverage\CMakeFiles\lab9.dir\teste.cpp.gcda
        -:    0:Runs:1
        -:    1:#ifndef LAB9_COS_H
        -:    2:#define LAB9_COS_H
        -:    3:#include "carte.h"
        -:    4:#include <vector>
        -:    5:#include <random>
        -:    6:#include <chrono>
        -:    7:#include <fstream>
        -:    8:
        -:    9:class Cos{
        -:   10:
        -:   11:private:
        -:   12:
        -:   13:    vector<Carte> cos;
        -:   14:
        -:   15:public:
        -:   16:
        -:   17:    Cos()=default;
        -:   18:
function _ZN3Cos7get_cosEv called 0 returned 0% blocks executed 0%
    #####:   19:    const vector<Carte>& get_cos(){
    #####:   20:        return this->cos;
    %%%%%:   20-block  0
        -:   21:    }
        -:   22:
        -:   23:
        -:   24:
function _ZN3Cos15adaugare_in_cosERK5Carte called 0 returned 0% blocks executed 0%
    #####:   25:    void adaugare_in_cos(const Carte& carte){
        -:   26:
    #####:   27:        this->cos.push_back(carte);
    %%%%%:   27-block  0
call    0 never executed
        -:   28:
    #####:   29:    }
        -:   30:
function _ZN3Cos10golire_cosEv called 0 returned 0% blocks executed 0%
    #####:   31:    void golire_cos(){
        -:   32:
    #####:   33:        this->cos.clear();
    %%%%%:   33-block  0
call    0 never executed
        -:   34:
    #####:   35:    }
        -:   36:
function _ZN3Cos12random_cartiESt6vectorI5CarteSaIS1_EEi called 0 returned 0% blocks executed 0%
    #####:   37:    void random_carti(vector<Carte> lista_carti, int nr) {
    #####:   38:        shuffle(lista_carti.begin(), lista_carti.end(), std::default_random_engine(std::random_device{}())); //amesteca vectorul v
    %%%%%:   38-block  0
call    0 never executed
branch  1 never executed (fallthrough)
branch  2 never executed (throw)
    %%%%%:   38-block  1
call    3 never executed
branch  4 never executed (fallthrough)
branch  5 never executed (throw)
    %%%%%:   38-block  2
call    6 never executed
branch  7 never executed (fallthrough)
branch  8 never executed (throw)
    %%%%%:   38-block  3
call    9 never executed
call   10 never executed
call   11 never executed
branch 12 never executed (fallthrough)
branch 13 never executed (throw)
    %%%%%:   38-block  4
call   14 never executed
    $$$$$:   38-block  5
call   15 never executed
    $$$$$:   38-block  6
    #####:   39:        while (cos.size() < nr && lista_carti.size() > 0) {
    %%%%%:   39-block  0
call    0 never executed
branch  1 never executed (fallthrough)
branch  2 never executed
    %%%%%:   39-block  1
call    3 never executed
branch  4 never executed (fallthrough)
branch  5 never executed
    %%%%%:   39-block  2
    %%%%%:   39-block  3
    %%%%%:   39-block  4
branch  6 never executed
branch  7 never executed (fallthrough)
    #####:   40:            cos.push_back(lista_carti.back());
    %%%%%:   40-block  0
call    0 never executed
call    1 never executed
    #####:   41:            lista_carti.pop_back();
call    0 never executed
        -:   42:        }
    #####:   43:    }
    %%%%%:   43-block  0
        -:   44:
function _ZN3Cos11export_htmlERKNSt7__cxx1112basic_stringIcSt11char_traitsIcESaIcEEE called 0 returned 0% blocks executed 0%
    #####:   45:    void export_html(const string& file_name){
        -:   46:
    #####:   47:        std::ofstream file(file_name);
    %%%%%:   47-block  0
call    0 never executed
branch  1 never executed (fallthrough)
branch  2 never executed (throw)
        -:   48:/*
        -:   49:        file << "<html>\n";
        -:   50:        file << "<head><title>Export cos</title></head>\n";
        -:   51:        file << "<body>\n";
        -:   52:        file << "<h1>Continut cos:</h1>\n";
        -:   53:        file << "<table border=\"1\">\n";
        -:   54:        file << "<tr><th>Titlu</th><th>Autor</th><th>Gen</th><th>An</th><tr>\n";
        -:   55:*/
    #####:   56:        file << "<html>\n";
    %%%%%:   56-block  0
call    0 never executed
branch  1 never executed (fallthrough)
branch  2 never executed (throw)
    #####:   57:        file << "<head><title>Export cos</title></head>\n";
    %%%%%:   57-block  0
call    0 never executed
branch  1 never executed (fallthrough)
branch  2 never executed (throw)
    #####:   58:        file << "<style>\n";
    %%%%%:   58-block  0
call    0 never executed
branch  1 never executed (fallthrough)
branch  2 never executed (throw)
    #####:   59:        file << "body {";
    %%%%%:   59-block  0
call    0 never executed
branch  1 never executed (fallthrough)
branch  2 never executed (throw)
    #####:   60:        file << "    background-color: #c8fab8;";
    %%%%%:   60-block  0
call    0 never executed
branch  1 never executed (fallthrough)
branch  2 never executed (throw)
    #####:   61:        file << "    font-family: 'Segoe UI', Tahoma, Geneva, Verdana, sans-serif;";
    %%%%%:   61-block  0
call    0 never executed
branch  1 never executed (fallthrough)
branch  2 never executed (throw)
    #####:   62:        file << "}";
    %%%%%:   62-block  0
call    0 never executed
branch  1 never executed (fallthrough)
branch  2 never executed (throw)
    #####:   63:        file << "h1 {";
    %%%%%:   63-block  0
call    0 never executed
branch  1 never executed (fallthrough)
branch  2 never executed (throw)
    #####:   64:        file << "    color: #058322;";
    %%%%%:   64-block  0
call    0 never executed
branch  1 never executed (fallthrough)
branch  2 never executed (throw)
    #####:   65:        file << "}";
    %%%%%:   65-block  0
call    0 never executed
branch  1 never executed (fallthrough)
branch  2 never executed (throw)
    #####:   66:        file << "table {";
    %%%%%:   66-block  0
call    0 never executed
branch  1 never executed (fallthrough)
branch  2 never executed (throw)
    #####:   67:        file << "    border-collapse: collapse;";
    %%%%%:   67-block  0
call    0 never executed
branch  1 never executed (fallthrough)
branch  2 never executed (throw)
    #####:   68:        file << "    width: 100%;";
    %%%%%:   68-block  0
call    0 never executed
branch  1 never executed (fallthrough)
branch  2 never executed (throw)
    #####:   69:        file << "    border-radius: 8px;";
    %%%%%:   69-block  0
call    0 never executed
branch  1 never executed (fallthrough)
branch  2 never executed (throw)
    #####:   70:        file << "}";
    %%%%%:   70-block  0
call    0 never executed
branch  1 never executed (fallthrough)
branch  2 never executed (throw)
    #####:   71:        file << "th, td {";
    %%%%%:   71-block  0
call    0 never executed
branch  1 never executed (fallthrough)
branch  2 never executed (throw)
    #####:   72:        file << "    padding: 12px;";
    %%%%%:   72-block  0
call    0 never executed
branch  1 never executed (fallthrough)
branch  2 never executed (throw)
    #####:   73:        file << "    text-align: left;";
    %%%%%:   73-block  0
call    0 never executed
branch  1 never executed (fallthrough)
branch  2 never executed (throw)
    #####:   74:        file << "}";
    %%%%%:   74-block  0
call    0 never executed
branch  1 never executed (fallthrough)
branch  2 never executed (throw)
    #####:   75:        file << "th {";
    %%%%%:   75-block  0
call    0 never executed
branch  1 never executed (fallthrough)
branch  2 never executed (throw)
    #####:   76:        file << "    background-color: #30ef88;";
    %%%%%:   76-block  0
call    0 never executed
branch  1 never executed (fallthrough)
branch  2 never executed (throw)
    #####:   77:        file << "    color: #08803b;";
    %%%%%:   77-block  0
call    0 never executed
branch  1 never executed (fallthrough)
branch  2 never executed (throw)
    #####:   78:        file << "}";
    %%%%%:   78-block  0
call    0 never executed
branch  1 never executed (fallthrough)
branch  2 never executed (throw)
    #####:   79:        file << "tr:nth-child(even) {";
    %%%%%:   79-block  0
call    0 never executed
branch  1 never executed (fallthrough)
branch  2 never executed (throw)
    #####:   80:        file << "    background-color: #30ef88;";
    %%%%%:   80-block  0
call    0 never executed
branch  1 never executed (fallthrough)
branch  2 never executed (throw)
    #####:   81:        file << "}";
    %%%%%:   81-block  0
call    0 never executed
branch  1 never executed (fallthrough)
branch  2 never executed (throw)
    #####:   82:        file << "tr:hover {";
    %%%%%:   82-block  0
call    0 never executed
branch  1 never executed (fallthrough)
branch  2 never executed (throw)
    #####:   83:        file << "    background-color: #30ef88;";
    %%%%%:   83-block  0
call    0 never executed
branch  1 never executed (fallthrough)
branch  2 never executed (throw)
    #####:   84:        file << "}";
    %%%%%:   84-block  0
call    0 never executed
branch  1 never executed (fallthrough)
branch  2 never executed (throw)
    #####:   85:        file << "</style>\n";
    %%%%%:   85-block  0
call    0 never executed
branch  1 never executed (fallthrough)
branch  2 never executed (throw)
    #####:   86:        file << "<body>\n";
    %%%%%:   86-block  0
call    0 never executed
branch  1 never executed (fallthrough)
branch  2 never executed (throw)
    #####:   87:        file << "<h1>Shopping cart:</h1>\n";
    %%%%%:   87-block  0
call    0 never executed
branch  1 never executed (fallthrough)
branch  2 never executed (throw)
    #####:   88:        file << "<table>\n";
    %%%%%:   88-block  0
call    0 never executed
branch  1 never executed (fallthrough)
branch  2 never executed (throw)
    #####:   89:        file << "<tr><th>Titlu</th><th>Autor</th><th>Gen</th><th>An</th><tr>\n";
    %%%%%:   89-block  0
call    0 never executed
branch  1 never executed (fallthrough)
branch  2 never executed (throw)
        -:   90:
    #####:   91:        const vector<Carte>& cos_carti = get_cos();
    %%%%%:   91-block  0
call    0 never executed
        -:   92:
    #####:   93:        for(const Carte& carte : cos_carti){
call    0 never executed
call    1 never executed
    %%%%%:   93-block  0
call    2 never executed
    %%%%%:   93-block  1
call    3 never executed
branch  4 never executed
branch  5 never executed (fallthrough)
    #####:   94:            file << "<tr><td> " << carte.get_titlu() << " </td><td> " << carte.get_autor() << " </td><td> " << carte.get_gen() << " </td><td> " << carte.get_an() <<" </td><tr>\n";
call    0 never executed
branch  1 never executed (fallthrough)
branch  2 never executed (throw)
    %%%%%:   94-block  0
call    3 never executed
branch  4 never executed (fallthrough)
branch  5 never executed (throw)
    %%%%%:   94-block  1
call    6 never executed
branch  7 never executed (fallthrough)
branch  8 never executed (throw)
    %%%%%:   94-block  2
call    9 never executed
branch 10 never executed (fallthrough)
branch 11 never executed (throw)
    %%%%%:   94-block  3
call   12 never executed
branch 13 never executed (fallthrough)
branch 14 never executed (throw)
    %%%%%:   94-block  4
call   15 never executed
branch 16 never executed (fallthrough)
branch 17 never executed (throw)
    %%%%%:   94-block  5
call   18 never executed
branch 19 never executed (fallthrough)
branch 20 never executed (throw)
    %%%%%:   94-block  6
call   21 never executed
branch 22 never executed (fallthrough)
branch 23 never executed (throw)
    %%%%%:   94-block  7
call   24 never executed
branch 25 never executed (fallthrough)
branch 26 never executed (throw)
    %%%%%:   94-block  8
call   27 never executed
branch 28 never executed (fallthrough)
branch 29 never executed (throw)
    %%%%%:   94-block  9
call   30 never executed
branch 31 never executed (fallthrough)
branch 32 never executed (throw)
    %%%%%:   94-block 10
call   33 never executed
branch 34 never executed (fallthrough)
branch 35 never executed (throw)
    %%%%%:   94-block 11
call   36 never executed
branch 37 never executed (fallthrough)
branch 38 never executed (throw)
    %%%%%:   94-block 12
call   39 never executed
call   40 never executed
call   41 never executed
call   42 never executed
    $$$$$:   94-block 13
call   43 never executed
    $$$$$:   94-block 14
    $$$$$:   94-block 15
call   44 never executed
    $$$$$:   94-block 16
    $$$$$:   94-block 17
call   45 never executed
    $$$$$:   94-block 18
        -:   95:        }
        -:   96:
    #####:   97:        file << "</table>\n";
    %%%%%:   97-block  0
call    0 never executed
branch  1 never executed (fallthrough)
branch  2 never executed (throw)
    #####:   98:        file << "</body>\n";
    %%%%%:   98-block  0
call    0 never executed
branch  1 never executed (fallthrough)
branch  2 never executed (throw)
    #####:   99:        file << "<html>\n";
    %%%%%:   99-block  0
call    0 never executed
branch  1 never executed (fallthrough)
branch  2 never executed (throw)
        -:  100:
    #####:  101:        file.close();
    %%%%%:  101-block  0
call    0 never executed
branch  1 never executed (fallthrough)
branch  2 never executed (throw)
        -:  102:
    #####:  103:    }
    %%%%%:  103-block  0
call    0 never executed
    $$$$$:  103-block  1
call    1 never executed
        -:  104:
        -:  105:};
        -:  106:#endif //LAB9_COS_H
