        -:    0:Source:C:/Users/Next/CLionProjects/lab9/teste.cpp
        -:    0:Graph:C:\Users\Next\CLionProjects\lab9\cmake-build-debug-coverage\CMakeFiles\lab9.dir\teste.cpp.gcno
        -:    0:Data:C:\Users\Next\CLionProjects\lab9\cmake-build-debug-coverage\CMakeFiles\lab9.dir\teste.cpp.gcda
        -:    0:Runs:1
        -:    1:#include "teste.h"
        -:    2:#include "exceptions.h"
        -:    3:#include <cassert>
        -:    4:#include "vector_dinamic.h"
        -:    5:#include "cos.h"
        -:    6:
        -:    7:
function _ZN4Test17test_create_carteEv called 1 returned 100% blocks executed 52%
        1:    8:void Test::test_create_carte() {
        -:    9:
        6:   10:    Carte carte = Carte("Harry Potter", "JK", "SF", 2000);
        1:   10-block  0
        1:   10-block  1
call    0 returned 1
branch  1 taken 1 (fallthrough)
branch  2 taken 0 (throw)
        1:   10-block  2
call    3 returned 1
branch  4 taken 1 (fallthrough)
branch  5 taken 0 (throw)
        1:   10-block  3
call    6 returned 1
branch  7 taken 1 (fallthrough)
branch  8 taken 0 (throw)
        1:   10-block  4
call    9 returned 1
branch 10 taken 1 (fallthrough)
branch 11 taken 0 (throw)
        1:   10-block  5
call   12 returned 1
        1:   10-block  6
call   13 returned 1
        1:   10-block  7
call   14 returned 1
    $$$$$:   10-block  8
call   15 never executed
    $$$$$:   10-block  9
    $$$$$:   10-block 10
    $$$$$:   10-block 11
call   16 never executed
    $$$$$:   10-block 12
    $$$$$:   10-block 13
    $$$$$:   10-block 14
call   17 never executed
    $$$$$:   10-block 15
    $$$$$:   10-block 16
    $$$$$:   10-block 17
       1*:   11:    assert(carte.get_titlu() == "Harry Potter");
        1:   11-block  0
call    0 returned 1
branch  1 taken 1 (fallthrough)
branch  2 taken 0 (throw)
        1:   11-block  1
call    3 returned 1
branch  4 taken 1 (fallthrough)
branch  5 taken 0 (throw)
        1:   11-block  2
branch  6 taken 0 (fallthrough)
branch  7 taken 1
    %%%%%:   11-block  3
call    8 never executed
        1:   11-block  4
        1:   11-block  5
branch  9 taken 1 (fallthrough)
branch 10 taken 0
        1:   11-block  6
call   11 returned 1
    $$$$$:   11-block  7
branch 12 never executed (fallthrough)
branch 13 never executed
    $$$$$:   11-block  8
call   14 never executed
    $$$$$:   11-block  9
       1*:   12:    assert(carte.get_autor() == "JK");
        1:   12-block  0
call    0 returned 1
branch  1 taken 1 (fallthrough)
branch  2 taken 0 (throw)
        1:   12-block  1
call    3 returned 1
branch  4 taken 1 (fallthrough)
branch  5 taken 0 (throw)
        1:   12-block  2
branch  6 taken 0 (fallthrough)
branch  7 taken 1
    %%%%%:   12-block  3
call    8 never executed
        1:   12-block  4
        1:   12-block  5
branch  9 taken 1 (fallthrough)
branch 10 taken 0
        1:   12-block  6
call   11 returned 1
    $$$$$:   12-block  7
branch 12 never executed (fallthrough)
branch 13 never executed
    $$$$$:   12-block  8
call   14 never executed
    $$$$$:   12-block  9
       1*:   13:    assert(carte.get_gen() == "SF");
        1:   13-block  0
call    0 returned 1
branch  1 taken 1 (fallthrough)
branch  2 taken 0 (throw)
        1:   13-block  1
call    3 returned 1
branch  4 taken 1 (fallthrough)
branch  5 taken 0 (throw)
        1:   13-block  2
branch  6 taken 0 (fallthrough)
branch  7 taken 1
    %%%%%:   13-block  3
call    8 never executed
        1:   13-block  4
        1:   13-block  5
branch  9 taken 1 (fallthrough)
branch 10 taken 0
        1:   13-block  6
call   11 returned 1
    $$$$$:   13-block  7
branch 12 never executed (fallthrough)
branch 13 never executed
    $$$$$:   13-block  8
call   14 never executed
    $$$$$:   13-block  9
       1*:   14:    assert(carte.get_an() == 2000);
        1:   14-block  0
call    0 returned 1
branch  1 taken 1 (fallthrough)
branch  2 taken 0 (throw)
        1:   14-block  1
branch  3 taken 0 (fallthrough)
branch  4 taken 1
    %%%%%:   14-block  2
call    5 never executed
        1:   14-block  3
        -:   15:
        1:   16:}
        1:   16-block  0
call    0 returned 1
    $$$$$:   16-block  1
call    1 never executed
        -:   17:
function _ZN4Test14test_get_titluEv called 1 returned 100% blocks executed 49%
        1:   18:void Test::test_get_titlu() {
        -:   19:
        6:   20:    Carte carte = Carte("Harry Potter", "JK", "SF", 2000);
        1:   20-block  0
        1:   20-block  1
call    0 returned 1
branch  1 taken 1 (fallthrough)
branch  2 taken 0 (throw)
        1:   20-block  2
call    3 returned 1
branch  4 taken 1 (fallthrough)
branch  5 taken 0 (throw)
        1:   20-block  3
call    6 returned 1
branch  7 taken 1 (fallthrough)
branch  8 taken 0 (throw)
        1:   20-block  4
call    9 returned 1
branch 10 taken 1 (fallthrough)
branch 11 taken 0 (throw)
        1:   20-block  5
call   12 returned 1
        1:   20-block  6
call   13 returned 1
        1:   20-block  7
call   14 returned 1
    $$$$$:   20-block  8
call   15 never executed
    $$$$$:   20-block  9
    $$$$$:   20-block 10
    $$$$$:   20-block 11
call   16 never executed
    $$$$$:   20-block 12
    $$$$$:   20-block 13
    $$$$$:   20-block 14
call   17 never executed
    $$$$$:   20-block 15
    $$$$$:   20-block 16
    $$$$$:   20-block 17
       1*:   21:    assert(carte.get_titlu() == "Harry Potter");
        1:   21-block  0
call    0 returned 1
branch  1 taken 1 (fallthrough)
branch  2 taken 0 (throw)
        1:   21-block  1
call    3 returned 1
branch  4 taken 1 (fallthrough)
branch  5 taken 0 (throw)
        1:   21-block  2
branch  6 taken 0 (fallthrough)
branch  7 taken 1
    %%%%%:   21-block  3
call    8 never executed
        1:   21-block  4
        1:   21-block  5
branch  9 taken 1 (fallthrough)
branch 10 taken 0
        1:   21-block  6
call   11 returned 1
    $$$$$:   21-block  7
branch 12 never executed (fallthrough)
branch 13 never executed
    $$$$$:   21-block  8
call   14 never executed
    $$$$$:   21-block  9
        -:   22:
        1:   23:}
        1:   23-block  0
call    0 returned 1
    $$$$$:   23-block  1
call    1 never executed
        -:   24:
function _ZN4Test14test_get_autorEv called 1 returned 100% blocks executed 49%
        1:   25:void Test::test_get_autor() {
        -:   26:
        6:   27:    Carte carte = Carte("Harry Potter", "JK", "SF", 2000);
        1:   27-block  0
        1:   27-block  1
call    0 returned 1
branch  1 taken 1 (fallthrough)
branch  2 taken 0 (throw)
        1:   27-block  2
call    3 returned 1
branch  4 taken 1 (fallthrough)
branch  5 taken 0 (throw)
        1:   27-block  3
call    6 returned 1
branch  7 taken 1 (fallthrough)
branch  8 taken 0 (throw)
        1:   27-block  4
call    9 returned 1
branch 10 taken 1 (fallthrough)
branch 11 taken 0 (throw)
        1:   27-block  5
call   12 returned 1
        1:   27-block  6
call   13 returned 1
        1:   27-block  7
call   14 returned 1
    $$$$$:   27-block  8
call   15 never executed
    $$$$$:   27-block  9
    $$$$$:   27-block 10
    $$$$$:   27-block 11
call   16 never executed
    $$$$$:   27-block 12
    $$$$$:   27-block 13
    $$$$$:   27-block 14
call   17 never executed
    $$$$$:   27-block 15
    $$$$$:   27-block 16
    $$$$$:   27-block 17
       1*:   28:    assert(carte.get_autor() == "JK");
        1:   28-block  0
call    0 returned 1
branch  1 taken 1 (fallthrough)
branch  2 taken 0 (throw)
        1:   28-block  1
call    3 returned 1
branch  4 taken 1 (fallthrough)
branch  5 taken 0 (throw)
        1:   28-block  2
branch  6 taken 0 (fallthrough)
branch  7 taken 1
    %%%%%:   28-block  3
call    8 never executed
        1:   28-block  4
        1:   28-block  5
branch  9 taken 1 (fallthrough)
branch 10 taken 0
        1:   28-block  6
call   11 returned 1
    $$$$$:   28-block  7
branch 12 never executed (fallthrough)
branch 13 never executed
    $$$$$:   28-block  8
call   14 never executed
    $$$$$:   28-block  9
        -:   29:
        1:   30:}
        1:   30-block  0
call    0 returned 1
    $$$$$:   30-block  1
call    1 never executed
        -:   31:
function _ZN4Test12test_get_genEv called 1 returned 100% blocks executed 49%
        1:   32:void Test::test_get_gen() {
        -:   33:
        6:   34:    Carte carte = Carte("Harry Potter", "JK", "SF", 2000);
        1:   34-block  0
        1:   34-block  1
call    0 returned 1
branch  1 taken 1 (fallthrough)
branch  2 taken 0 (throw)
        1:   34-block  2
call    3 returned 1
branch  4 taken 1 (fallthrough)
branch  5 taken 0 (throw)
        1:   34-block  3
call    6 returned 1
branch  7 taken 1 (fallthrough)
branch  8 taken 0 (throw)
        1:   34-block  4
call    9 returned 1
branch 10 taken 1 (fallthrough)
branch 11 taken 0 (throw)
        1:   34-block  5
call   12 returned 1
        1:   34-block  6
call   13 returned 1
        1:   34-block  7
call   14 returned 1
    $$$$$:   34-block  8
call   15 never executed
    $$$$$:   34-block  9
    $$$$$:   34-block 10
    $$$$$:   34-block 11
call   16 never executed
    $$$$$:   34-block 12
    $$$$$:   34-block 13
    $$$$$:   34-block 14
call   17 never executed
    $$$$$:   34-block 15
    $$$$$:   34-block 16
    $$$$$:   34-block 17
       1*:   35:    assert(carte.get_gen() == "SF");
        1:   35-block  0
call    0 returned 1
branch  1 taken 1 (fallthrough)
branch  2 taken 0 (throw)
        1:   35-block  1
call    3 returned 1
branch  4 taken 1 (fallthrough)
branch  5 taken 0 (throw)
        1:   35-block  2
branch  6 taken 0 (fallthrough)
branch  7 taken 1
    %%%%%:   35-block  3
call    8 never executed
        1:   35-block  4
        1:   35-block  5
branch  9 taken 1 (fallthrough)
branch 10 taken 0
        1:   35-block  6
call   11 returned 1
    $$$$$:   35-block  7
branch 12 never executed (fallthrough)
branch 13 never executed
    $$$$$:   35-block  8
call   14 never executed
    $$$$$:   35-block  9
        -:   36:
        1:   37:}
        1:   37-block  0
call    0 returned 1
    $$$$$:   37-block  1
call    1 never executed
        -:   38:
function _ZN4Test11test_get_anEv called 1 returned 100% blocks executed 50%
        1:   39:void Test::test_get_an() {
        -:   40:
        6:   41:    Carte carte = Carte("Harry Potter", "JK", "SF", 2000);
        1:   41-block  0
        1:   41-block  1
call    0 returned 1
branch  1 taken 1 (fallthrough)
branch  2 taken 0 (throw)
        1:   41-block  2
call    3 returned 1
branch  4 taken 1 (fallthrough)
branch  5 taken 0 (throw)
        1:   41-block  3
call    6 returned 1
branch  7 taken 1 (fallthrough)
branch  8 taken 0 (throw)
        1:   41-block  4
call    9 returned 1
branch 10 taken 1 (fallthrough)
branch 11 taken 0 (throw)
        1:   41-block  5
call   12 returned 1
        1:   41-block  6
call   13 returned 1
        1:   41-block  7
call   14 returned 1
    $$$$$:   41-block  8
call   15 never executed
    $$$$$:   41-block  9
    $$$$$:   41-block 10
    $$$$$:   41-block 11
call   16 never executed
    $$$$$:   41-block 12
    $$$$$:   41-block 13
    $$$$$:   41-block 14
call   17 never executed
    $$$$$:   41-block 15
    $$$$$:   41-block 16
    $$$$$:   41-block 17
       1*:   42:    assert(carte.get_an() == 2000);
        1:   42-block  0
call    0 returned 1
branch  1 taken 1 (fallthrough)
branch  2 taken 0 (throw)
        1:   42-block  1
branch  3 taken 0 (fallthrough)
branch  4 taken 1
    %%%%%:   42-block  2
call    5 never executed
        1:   42-block  3
        -:   43:
        1:   44:}
        1:   44-block  0
call    0 returned 1
    $$$$$:   44-block  1
call    1 never executed
        -:   45:
function _ZN4Test14test_set_titluEv called 1 returned 100% blocks executed 49%
        1:   46:void Test::test_set_titlu(){
        -:   47:
        7:   48:    Carte carte = Carte("Harry Potter", "JK", "SF", 2000);
        1:   48-block  0
        1:   48-block  1
call    0 returned 1
branch  1 taken 1 (fallthrough)
branch  2 taken 0 (throw)
        1:   48-block  2
call    3 returned 1
branch  4 taken 1 (fallthrough)
branch  5 taken 0 (throw)
        1:   48-block  3
call    6 returned 1
branch  7 taken 1 (fallthrough)
branch  8 taken 0 (throw)
        1:   48-block  4
call    9 returned 1
branch 10 taken 1 (fallthrough)
branch 11 taken 0 (throw)
        1:   48-block  5
call   12 returned 1
        1:   48-block  6
call   13 returned 1
        1:   48-block  7
call   14 returned 1
        1:   48-block  8
    $$$$$:   48-block  9
call   15 never executed
    $$$$$:   48-block 10
    $$$$$:   48-block 11
    $$$$$:   48-block 12
call   16 never executed
    $$$$$:   48-block 13
    $$$$$:   48-block 14
    $$$$$:   48-block 15
call   17 never executed
    $$$$$:   48-block 16
    $$$$$:   48-block 17
    $$$$$:   48-block 18
        1:   49:    carte.set_titlu("blala");
        1:   49-block  0
call    0 returned 1
branch  1 taken 1 (fallthrough)
branch  2 taken 0 (throw)
        1:   49-block  1
call    3 returned 1
branch  4 taken 1 (fallthrough)
branch  5 taken 0 (throw)
        1:   49-block  2
call    6 returned 1
    $$$$$:   49-block  3
call    7 never executed
    $$$$$:   49-block  4
    $$$$$:   49-block  5
       1*:   50:    assert(carte.get_titlu() == "blala");
        1:   50-block  0
call    0 returned 1
branch  1 taken 1 (fallthrough)
branch  2 taken 0 (throw)
        1:   50-block  1
call    3 returned 1
branch  4 taken 1 (fallthrough)
branch  5 taken 0 (throw)
        1:   50-block  2
branch  6 taken 0 (fallthrough)
branch  7 taken 1
    %%%%%:   50-block  3
call    8 never executed
        1:   50-block  4
        1:   50-block  5
branch  9 taken 1 (fallthrough)
branch 10 taken 0
        1:   50-block  6
call   11 returned 1
    $$$$$:   50-block  7
branch 12 never executed (fallthrough)
branch 13 never executed
    $$$$$:   50-block  8
call   14 never executed
    $$$$$:   50-block  9
        -:   51:
        1:   52:}
        1:   52-block  0
call    0 returned 1
    $$$$$:   52-block  1
call    1 never executed
        -:   53:
function _ZN4Test14test_set_autorEv called 1 returned 100% blocks executed 49%
        1:   54:void Test::test_set_autor(){
        -:   55:
        7:   56:    Carte carte = Carte("Harry Potter", "JK", "SF", 2000);
        1:   56-block  0
        1:   56-block  1
call    0 returned 1
branch  1 taken 1 (fallthrough)
branch  2 taken 0 (throw)
        1:   56-block  2
call    3 returned 1
branch  4 taken 1 (fallthrough)
branch  5 taken 0 (throw)
        1:   56-block  3
call    6 returned 1
branch  7 taken 1 (fallthrough)
branch  8 taken 0 (throw)
        1:   56-block  4
call    9 returned 1
branch 10 taken 1 (fallthrough)
branch 11 taken 0 (throw)
        1:   56-block  5
call   12 returned 1
        1:   56-block  6
call   13 returned 1
        1:   56-block  7
call   14 returned 1
        1:   56-block  8
    $$$$$:   56-block  9
call   15 never executed
    $$$$$:   56-block 10
    $$$$$:   56-block 11
    $$$$$:   56-block 12
call   16 never executed
    $$$$$:   56-block 13
    $$$$$:   56-block 14
    $$$$$:   56-block 15
call   17 never executed
    $$$$$:   56-block 16
    $$$$$:   56-block 17
    $$$$$:   56-block 18
        1:   57:    carte.set_autor("haha");
        1:   57-block  0
call    0 returned 1
branch  1 taken 1 (fallthrough)
branch  2 taken 0 (throw)
        1:   57-block  1
call    3 returned 1
branch  4 taken 1 (fallthrough)
branch  5 taken 0 (throw)
        1:   57-block  2
call    6 returned 1
    $$$$$:   57-block  3
call    7 never executed
    $$$$$:   57-block  4
    $$$$$:   57-block  5
       1*:   58:    assert(carte.get_autor() == "haha");
        1:   58-block  0
call    0 returned 1
branch  1 taken 1 (fallthrough)
branch  2 taken 0 (throw)
        1:   58-block  1
call    3 returned 1
branch  4 taken 1 (fallthrough)
branch  5 taken 0 (throw)
        1:   58-block  2
branch  6 taken 0 (fallthrough)
branch  7 taken 1
    %%%%%:   58-block  3
call    8 never executed
        1:   58-block  4
        1:   58-block  5
branch  9 taken 1 (fallthrough)
branch 10 taken 0
        1:   58-block  6
call   11 returned 1
    $$$$$:   58-block  7
branch 12 never executed (fallthrough)
branch 13 never executed
    $$$$$:   58-block  8
call   14 never executed
    $$$$$:   58-block  9
        -:   59:
        1:   60:}
        1:   60-block  0
call    0 returned 1
    $$$$$:   60-block  1
call    1 never executed
        -:   61:
function _ZN4Test12test_set_genEv called 1 returned 100% blocks executed 49%
        1:   62:void Test::test_set_gen(){
        -:   63:
        7:   64:    Carte carte = Carte("Harry Potter", "JK", "SF", 2000);
        1:   64-block  0
        1:   64-block  1
call    0 returned 1
branch  1 taken 1 (fallthrough)
branch  2 taken 0 (throw)
        1:   64-block  2
call    3 returned 1
branch  4 taken 1 (fallthrough)
branch  5 taken 0 (throw)
        1:   64-block  3
call    6 returned 1
branch  7 taken 1 (fallthrough)
branch  8 taken 0 (throw)
        1:   64-block  4
call    9 returned 1
branch 10 taken 1 (fallthrough)
branch 11 taken 0 (throw)
        1:   64-block  5
call   12 returned 1
        1:   64-block  6
call   13 returned 1
        1:   64-block  7
call   14 returned 1
        1:   64-block  8
    $$$$$:   64-block  9
call   15 never executed
    $$$$$:   64-block 10
    $$$$$:   64-block 11
    $$$$$:   64-block 12
call   16 never executed
    $$$$$:   64-block 13
    $$$$$:   64-block 14
    $$$$$:   64-block 15
call   17 never executed
    $$$$$:   64-block 16
    $$$$$:   64-block 17
    $$$$$:   64-block 18
        1:   65:    carte.set_gen("horror");
        1:   65-block  0
call    0 returned 1
branch  1 taken 1 (fallthrough)
branch  2 taken 0 (throw)
        1:   65-block  1
call    3 returned 1
branch  4 taken 1 (fallthrough)
branch  5 taken 0 (throw)
        1:   65-block  2
call    6 returned 1
    $$$$$:   65-block  3
call    7 never executed
    $$$$$:   65-block  4
    $$$$$:   65-block  5
       1*:   66:    assert(carte.get_gen() == "horror");
        1:   66-block  0
call    0 returned 1
branch  1 taken 1 (fallthrough)
branch  2 taken 0 (throw)
        1:   66-block  1
call    3 returned 1
branch  4 taken 1 (fallthrough)
branch  5 taken 0 (throw)
        1:   66-block  2
branch  6 taken 0 (fallthrough)
branch  7 taken 1
    %%%%%:   66-block  3
call    8 never executed
        1:   66-block  4
        1:   66-block  5
branch  9 taken 1 (fallthrough)
branch 10 taken 0
        1:   66-block  6
call   11 returned 1
    $$$$$:   66-block  7
branch 12 never executed (fallthrough)
branch 13 never executed
    $$$$$:   66-block  8
call   14 never executed
    $$$$$:   66-block  9
        -:   67:
        1:   68:}
        1:   68-block  0
call    0 returned 1
    $$$$$:   68-block  1
call    1 never executed
        -:   69:
function _ZN4Test11test_set_anEv called 1 returned 100% blocks executed 51%
        1:   70:void Test::test_set_an(){
        -:   71:
        6:   72:    Carte carte = Carte("Harry Potter", "JK", "SF", 2000);
        1:   72-block  0
        1:   72-block  1
call    0 returned 1
branch  1 taken 1 (fallthrough)
branch  2 taken 0 (throw)
        1:   72-block  2
call    3 returned 1
branch  4 taken 1 (fallthrough)
branch  5 taken 0 (throw)
        1:   72-block  3
call    6 returned 1
branch  7 taken 1 (fallthrough)
branch  8 taken 0 (throw)
        1:   72-block  4
call    9 returned 1
branch 10 taken 1 (fallthrough)
branch 11 taken 0 (throw)
        1:   72-block  5
call   12 returned 1
        1:   72-block  6
call   13 returned 1
        1:   72-block  7
call   14 returned 1
    $$$$$:   72-block  8
call   15 never executed
    $$$$$:   72-block  9
    $$$$$:   72-block 10
    $$$$$:   72-block 11
call   16 never executed
    $$$$$:   72-block 12
    $$$$$:   72-block 13
    $$$$$:   72-block 14
call   17 never executed
    $$$$$:   72-block 15
    $$$$$:   72-block 16
    $$$$$:   72-block 17
        1:   73:    carte.set_an(3000);
        1:   73-block  0
call    0 returned 1
branch  1 taken 1 (fallthrough)
branch  2 taken 0 (throw)
       1*:   74:    assert(carte.get_an() == 3000);
        1:   74-block  0
call    0 returned 1
branch  1 taken 1 (fallthrough)
branch  2 taken 0 (throw)
        1:   74-block  1
branch  3 taken 0 (fallthrough)
branch  4 taken 1
    %%%%%:   74-block  2
call    5 never executed
        1:   74-block  3
        -:   75:
        1:   76:}
        1:   76-block  0
call    0 returned 1
    $$$$$:   76-block  1
call    1 never executed
        -:   77:
        -:   78:
        -:   79:
        -:   80:
        -:   81:
function _ZN4Test19test_adaugare_carteEv called 1 returned 100% blocks executed 53%
        1:   82:void Test::test_adaugare_carte() {
        -:   83:
        1:   84:    ListaCarti lista;
        -:   85:
        6:   86:    Carte carte = Carte("Harry Potter", "JK", "SF", 2000);
        1:   86-block  0
        1:   86-block  1
call    0 returned 1
branch  1 taken 1 (fallthrough)
branch  2 taken 0 (throw)
        1:   86-block  2
call    3 returned 1
branch  4 taken 1 (fallthrough)
branch  5 taken 0 (throw)
        1:   86-block  3
call    6 returned 1
branch  7 taken 1 (fallthrough)
branch  8 taken 0 (throw)
        1:   86-block  4
call    9 returned 1
branch 10 taken 1 (fallthrough)
branch 11 taken 0 (throw)
        1:   86-block  5
call   12 returned 1
        1:   86-block  6
call   13 returned 1
        1:   86-block  7
call   14 returned 1
    $$$$$:   86-block  8
call   15 never executed
    $$$$$:   86-block  9
    $$$$$:   86-block 10
    $$$$$:   86-block 11
call   16 never executed
    $$$$$:   86-block 12
    $$$$$:   86-block 13
    $$$$$:   86-block 14
call   17 never executed
    $$$$$:   86-block 15
    $$$$$:   86-block 16
    $$$$$:   86-block 17
        1:   87:    lista.add_carte(carte);
        1:   87-block  0
call    0 returned 1
branch  1 taken 1 (fallthrough)
branch  2 taken 0 (throw)
        -:   88:
       1*:   89:    assert(lista.get_all()[lista.get_lungime() - 1].get_titlu() == "Harry Potter");
        1:   89-block  0
call    0 returned 1
call    1 returned 1
branch  2 taken 1 (fallthrough)
branch  3 taken 0 (throw)
        1:   89-block  1
call    4 returned 1
call    5 returned 1
branch  6 taken 1 (fallthrough)
branch  7 taken 0 (throw)
        1:   89-block  2
call    8 returned 1
branch  9 taken 1 (fallthrough)
branch 10 taken 0 (throw)
        1:   89-block  3
branch 11 taken 0 (fallthrough)
branch 12 taken 1
    %%%%%:   89-block  4
call   13 never executed
        1:   89-block  5
        1:   89-block  6
branch 14 taken 1 (fallthrough)
branch 15 taken 0
        1:   89-block  7
call   16 returned 1
    $$$$$:   89-block  8
branch 17 never executed (fallthrough)
branch 18 never executed
    $$$$$:   89-block  9
call   19 never executed
    $$$$$:   89-block 10
       1*:   90:    assert(lista.get_lungime() == 1);
        1:   90-block  0
call    0 returned 1
branch  1 taken 1 (fallthrough)
branch  2 taken 0 (throw)
        1:   90-block  1
branch  3 taken 0 (fallthrough)
branch  4 taken 1
    %%%%%:   90-block  2
call    5 never executed
        1:   90-block  3
        -:   91:
        6:   92:    carte = Carte("Blala", "JK", "SF", 2000);
        1:   92-block  0
        1:   92-block  1
call    0 returned 1
branch  1 taken 1 (fallthrough)
branch  2 taken 0 (throw)
        1:   92-block  2
call    3 returned 1
branch  4 taken 1 (fallthrough)
branch  5 taken 0 (throw)
        1:   92-block  3
call    6 returned 1
branch  7 taken 1 (fallthrough)
branch  8 taken 0 (throw)
        1:   92-block  4
call    9 returned 1
branch 10 taken 1 (fallthrough)
branch 11 taken 0 (throw)
        1:   92-block  5
call   12 returned 1
branch 13 taken 1 (fallthrough)
branch 14 taken 0 (throw)
        1:   92-block  6
call   15 returned 1
call   16 returned 1
        1:   92-block  7
call   17 returned 1
        1:   92-block  8
call   18 returned 1
    $$$$$:   92-block  9
call   19 never executed
    $$$$$:   92-block 10
call   20 never executed
    $$$$$:   92-block 11
    $$$$$:   92-block 12
    $$$$$:   92-block 13
call   21 never executed
    $$$$$:   92-block 14
    $$$$$:   92-block 15
    $$$$$:   92-block 16
call   22 never executed
    $$$$$:   92-block 17
    $$$$$:   92-block 18
    $$$$$:   92-block 19
    $$$$$:   92-block 20
        1:   93:    lista.add_carte(carte);
        1:   93-block  0
call    0 returned 1
branch  1 taken 1 (fallthrough)
branch  2 taken 0 (throw)
        -:   94:
       1*:   95:    assert(lista.get_lungime() == 2);
        1:   95-block  0
call    0 returned 1
branch  1 taken 1 (fallthrough)
branch  2 taken 0 (throw)
        1:   95-block  1
branch  3 taken 0 (fallthrough)
branch  4 taken 1
    %%%%%:   95-block  2
call    5 never executed
        1:   95-block  3
       1*:   96:    assert(lista.get_all()[lista.get_lungime() - 1].get_titlu() == "Blala");
        1:   96-block  0
call    0 returned 1
call    1 returned 1
branch  2 taken 1 (fallthrough)
branch  3 taken 0 (throw)
        1:   96-block  1
call    4 returned 1
call    5 returned 1
branch  6 taken 1 (fallthrough)
branch  7 taken 0 (throw)
        1:   96-block  2
call    8 returned 1
branch  9 taken 1 (fallthrough)
branch 10 taken 0 (throw)
        1:   96-block  3
branch 11 taken 0 (fallthrough)
branch 12 taken 1
    %%%%%:   96-block  4
call   13 never executed
        1:   96-block  5
        1:   96-block  6
branch 14 taken 1 (fallthrough)
branch 15 taken 0
        1:   96-block  7
call   16 returned 1
    $$$$$:   96-block  8
branch 17 never executed (fallthrough)
branch 18 never executed
    $$$$$:   96-block  9
call   19 never executed
    $$$$$:   96-block 10
        -:   97:
        1:   98:}
        1:   98-block  0
call    0 returned 1
call    1 returned 1
    $$$$$:   98-block  1
call    2 never executed
    $$$$$:   98-block  2
call    3 never executed
        -:   99:
function _ZN4Test21test_modificare_carteEv called 1 returned 100% blocks executed 49%
        1:  100:void Test::test_modificare_carte() {
        -:  101:
        1:  102:    ListaCarti lista;
        -:  103:
        6:  104:    Carte carte1 = Carte("Harry Potter", "JK", "SF", 2000);
        1:  104-block  0
        1:  104-block  1
call    0 returned 1
branch  1 taken 1 (fallthrough)
branch  2 taken 0 (throw)
        1:  104-block  2
call    3 returned 1
branch  4 taken 1 (fallthrough)
branch  5 taken 0 (throw)
        1:  104-block  3
call    6 returned 1
branch  7 taken 1 (fallthrough)
branch  8 taken 0 (throw)
        1:  104-block  4
call    9 returned 1
branch 10 taken 1 (fallthrough)
branch 11 taken 0 (throw)
        1:  104-block  5
call   12 returned 1
        1:  104-block  6
call   13 returned 1
        1:  104-block  7
call   14 returned 1
    $$$$$:  104-block  8
call   15 never executed
    $$$$$:  104-block  9
    $$$$$:  104-block 10
    $$$$$:  104-block 11
call   16 never executed
    $$$$$:  104-block 12
    $$$$$:  104-block 13
    $$$$$:  104-block 14
call   17 never executed
    $$$$$:  104-block 15
    $$$$$:  104-block 16
    $$$$$:  104-block 17
        1:  105:    lista.add_carte(carte1);
        1:  105-block  0
call    0 returned 1
branch  1 taken 1 (fallthrough)
branch  2 taken 0 (throw)
        6:  106:    Carte carte2 = Carte("Blala", "JK", "SF", 2000);
        1:  106-block  0
        1:  106-block  1
call    0 returned 1
branch  1 taken 1 (fallthrough)
branch  2 taken 0 (throw)
        1:  106-block  2
call    3 returned 1
branch  4 taken 1 (fallthrough)
branch  5 taken 0 (throw)
        1:  106-block  3
call    6 returned 1
branch  7 taken 1 (fallthrough)
branch  8 taken 0 (throw)
        1:  106-block  4
call    9 returned 1
branch 10 taken 1 (fallthrough)
branch 11 taken 0 (throw)
        1:  106-block  5
call   12 returned 1
        1:  106-block  6
call   13 returned 1
        1:  106-block  7
call   14 returned 1
    $$$$$:  106-block  8
call   15 never executed
    $$$$$:  106-block  9
    $$$$$:  106-block 10
    $$$$$:  106-block 11
call   16 never executed
    $$$$$:  106-block 12
    $$$$$:  106-block 13
    $$$$$:  106-block 14
call   17 never executed
    $$$$$:  106-block 15
    $$$$$:  106-block 16
    $$$$$:  106-block 17
        1:  107:    lista.modificare_carte(carte1, carte2);
        1:  107-block  0
call    0 returned 1
branch  1 taken 1 (fallthrough)
branch  2 taken 0 (throw)
        -:  108:
       1*:  109:    assert(lista.get_all()[lista.get_lungime() - 1].get_titlu() == "Blala");
        1:  109-block  0
call    0 returned 1
call    1 returned 1
branch  2 taken 1 (fallthrough)
branch  3 taken 0 (throw)
        1:  109-block  1
call    4 returned 1
call    5 returned 1
branch  6 taken 1 (fallthrough)
branch  7 taken 0 (throw)
        1:  109-block  2
call    8 returned 1
branch  9 taken 1 (fallthrough)
branch 10 taken 0 (throw)
        1:  109-block  3
branch 11 taken 0 (fallthrough)
branch 12 taken 1
    %%%%%:  109-block  4
call   13 never executed
        1:  109-block  5
        1:  109-block  6
branch 14 taken 1 (fallthrough)
branch 15 taken 0
        1:  109-block  7
call   16 returned 1
    $$$$$:  109-block  8
branch 17 never executed (fallthrough)
branch 18 never executed
    $$$$$:  109-block  9
call   19 never executed
    $$$$$:  109-block 10
        -:  110:
        1:  111:}
        1:  111-block  0
call    0 returned 1
call    1 returned 1
call    2 returned 1
    $$$$$:  111-block  1
call    3 never executed
    $$$$$:  111-block  2
call    4 never executed
    $$$$$:  111-block  3
call    5 never executed
        -:  112:
function _ZN4Test19test_stergere_carteEv called 1 returned 100% blocks executed 50%
        1:  113:void Test::test_stergere_carte() {
        -:  114:
        1:  115:    ListaCarti lista;
        -:  116:
        6:  117:    Carte carte = Carte("Harry Potter", "JK", "SF", 2000);
        1:  117-block  0
        1:  117-block  1
call    0 returned 1
branch  1 taken 1 (fallthrough)
branch  2 taken 0 (throw)
        1:  117-block  2
call    3 returned 1
branch  4 taken 1 (fallthrough)
branch  5 taken 0 (throw)
        1:  117-block  3
call    6 returned 1
branch  7 taken 1 (fallthrough)
branch  8 taken 0 (throw)
        1:  117-block  4
call    9 returned 1
branch 10 taken 1 (fallthrough)
branch 11 taken 0 (throw)
        1:  117-block  5
call   12 returned 1
        1:  117-block  6
call   13 returned 1
        1:  117-block  7
call   14 returned 1
    $$$$$:  117-block  8
call   15 never executed
    $$$$$:  117-block  9
    $$$$$:  117-block 10
    $$$$$:  117-block 11
call   16 never executed
    $$$$$:  117-block 12
    $$$$$:  117-block 13
    $$$$$:  117-block 14
call   17 never executed
    $$$$$:  117-block 15
    $$$$$:  117-block 16
    $$$$$:  117-block 17
        6:  118:    Carte carte1 = Carte("Harry Potter", "JK", "SF", 2000);
        1:  118-block  0
        1:  118-block  1
call    0 returned 1
branch  1 taken 1 (fallthrough)
branch  2 taken 0 (throw)
        1:  118-block  2
call    3 returned 1
branch  4 taken 1 (fallthrough)
branch  5 taken 0 (throw)
        1:  118-block  3
call    6 returned 1
branch  7 taken 1 (fallthrough)
branch  8 taken 0 (throw)
        1:  118-block  4
call    9 returned 1
branch 10 taken 1 (fallthrough)
branch 11 taken 0 (throw)
        1:  118-block  5
call   12 returned 1
        1:  118-block  6
call   13 returned 1
        1:  118-block  7
call   14 returned 1
    $$$$$:  118-block  8
call   15 never executed
    $$$$$:  118-block  9
    $$$$$:  118-block 10
    $$$$$:  118-block 11
call   16 never executed
    $$$$$:  118-block 12
    $$$$$:  118-block 13
    $$$$$:  118-block 14
call   17 never executed
    $$$$$:  118-block 15
    $$$$$:  118-block 16
    $$$$$:  118-block 17
        1:  119:    lista.add_carte(carte);
        1:  119-block  0
call    0 returned 1
branch  1 taken 1 (fallthrough)
branch  2 taken 0 (throw)
        1:  120:    lista.add_carte(carte1);
        1:  120-block  0
call    0 returned 1
branch  1 taken 1 (fallthrough)
branch  2 taken 0 (throw)
        6:  121:    carte = Carte("Blala", "JK", "SF", 2000);
        1:  121-block  0
        1:  121-block  1
call    0 returned 1
branch  1 taken 1 (fallthrough)
branch  2 taken 0 (throw)
        1:  121-block  2
call    3 returned 1
branch  4 taken 1 (fallthrough)
branch  5 taken 0 (throw)
        1:  121-block  3
call    6 returned 1
branch  7 taken 1 (fallthrough)
branch  8 taken 0 (throw)
        1:  121-block  4
call    9 returned 1
branch 10 taken 1 (fallthrough)
branch 11 taken 0 (throw)
        1:  121-block  5
call   12 returned 1
branch 13 taken 1 (fallthrough)
branch 14 taken 0 (throw)
        1:  121-block  6
call   15 returned 1
call   16 returned 1
        1:  121-block  7
call   17 returned 1
        1:  121-block  8
call   18 returned 1
    $$$$$:  121-block  9
call   19 never executed
    $$$$$:  121-block 10
call   20 never executed
    $$$$$:  121-block 11
    $$$$$:  121-block 12
    $$$$$:  121-block 13
call   21 never executed
    $$$$$:  121-block 14
    $$$$$:  121-block 15
    $$$$$:  121-block 16
call   22 never executed
    $$$$$:  121-block 17
    $$$$$:  121-block 18
    $$$$$:  121-block 19
    $$$$$:  121-block 20
        1:  122:    lista.add_carte(carte);
        1:  122-block  0
call    0 returned 1
branch  1 taken 1 (fallthrough)
branch  2 taken 0 (throw)
        -:  123:
        1:  124:    lista.sterge_carte(carte);
        1:  124-block  0
call    0 returned 1
branch  1 taken 1 (fallthrough)
branch  2 taken 0 (throw)
       1*:  125:    assert(lista.get_lungime() == 2);
        1:  125-block  0
call    0 returned 1
branch  1 taken 1 (fallthrough)
branch  2 taken 0 (throw)
        1:  125-block  1
branch  3 taken 0 (fallthrough)
branch  4 taken 1
    %%%%%:  125-block  2
call    5 never executed
        1:  125-block  3
       1*:  126:    assert(lista.get_all()[lista.get_lungime() - 1].get_titlu() == "Harry Potter");
        1:  126-block  0
call    0 returned 1
call    1 returned 1
branch  2 taken 1 (fallthrough)
branch  3 taken 0 (throw)
        1:  126-block  1
call    4 returned 1
call    5 returned 1
branch  6 taken 1 (fallthrough)
branch  7 taken 0 (throw)
        1:  126-block  2
call    8 returned 1
branch  9 taken 1 (fallthrough)
branch 10 taken 0 (throw)
        1:  126-block  3
branch 11 taken 0 (fallthrough)
branch 12 taken 1
    %%%%%:  126-block  4
call   13 never executed
        1:  126-block  5
        1:  126-block  6
branch 14 taken 1 (fallthrough)
branch 15 taken 0
        1:  126-block  7
call   16 returned 1
    $$$$$:  126-block  8
branch 17 never executed (fallthrough)
branch 18 never executed
    $$$$$:  126-block  9
call   19 never executed
    $$$$$:  126-block 10
        -:  127:
        1:  128:}
        1:  128-block  0
call    0 returned 1
call    1 returned 1
call    2 returned 1
    $$$$$:  128-block  1
call    3 never executed
    $$$$$:  128-block  2
call    4 never executed
    $$$$$:  128-block  3
call    5 never executed
        -:  129:
function _ZN4Test15test_find_carteEv called 1 returned 100% blocks executed 48%
        1:  130:void Test::test_find_carte() {
        -:  131:
        1:  132:    ListaCarti lista;
        -:  133:
        6:  134:    Carte carte = Carte("Harry Potter", "JK", "SF", 2000);
        1:  134-block  0
        1:  134-block  1
call    0 returned 1
branch  1 taken 1 (fallthrough)
branch  2 taken 0 (throw)
        1:  134-block  2
call    3 returned 1
branch  4 taken 1 (fallthrough)
branch  5 taken 0 (throw)
        1:  134-block  3
call    6 returned 1
branch  7 taken 1 (fallthrough)
branch  8 taken 0 (throw)
        1:  134-block  4
call    9 returned 1
branch 10 taken 1 (fallthrough)
branch 11 taken 0 (throw)
        1:  134-block  5
call   12 returned 1
        1:  134-block  6
call   13 returned 1
        1:  134-block  7
call   14 returned 1
    $$$$$:  134-block  8
call   15 never executed
    $$$$$:  134-block  9
    $$$$$:  134-block 10
    $$$$$:  134-block 11
call   16 never executed
    $$$$$:  134-block 12
    $$$$$:  134-block 13
    $$$$$:  134-block 14
call   17 never executed
    $$$$$:  134-block 15
    $$$$$:  134-block 16
    $$$$$:  134-block 17
        1:  135:    lista.add_carte(carte);
        1:  135-block  0
call    0 returned 1
branch  1 taken 1 (fallthrough)
branch  2 taken 0 (throw)
        -:  136:
        5:  137:    Carte carte1 = *lista.find_carte("Harry Potter", "JK", "SF", 2000);
        1:  137-block  0
call    0 returned 1
branch  1 taken 1 (fallthrough)
branch  2 taken 0 (throw)
        1:  137-block  1
call    3 returned 1
branch  4 taken 1 (fallthrough)
branch  5 taken 0 (throw)
        1:  137-block  2
call    6 returned 1
branch  7 taken 1 (fallthrough)
branch  8 taken 0 (throw)
        1:  137-block  3
call    9 returned 1
branch 10 taken 1 (fallthrough)
branch 11 taken 0 (throw)
        1:  137-block  4
call   12 returned 1
branch 13 taken 1 (fallthrough)
branch 14 taken 0 (throw)
        1:  137-block  5
call   15 returned 1
        1:  137-block  6
call   16 returned 1
        1:  137-block  7
call   17 returned 1
    $$$$$:  137-block  8
call   18 never executed
    $$$$$:  137-block  9
    $$$$$:  137-block 10
    $$$$$:  137-block 11
call   19 never executed
    $$$$$:  137-block 12
    $$$$$:  137-block 13
    $$$$$:  137-block 14
call   20 never executed
    $$$$$:  137-block 15
    $$$$$:  137-block 16
       1*:  138:    assert(carte1.get_titlu() == "Harry Potter");
        1:  138-block  0
call    0 returned 1
branch  1 taken 1 (fallthrough)
branch  2 taken 0 (throw)
        1:  138-block  1
call    3 returned 1
branch  4 taken 1 (fallthrough)
branch  5 taken 0 (throw)
        1:  138-block  2
branch  6 taken 0 (fallthrough)
branch  7 taken 1
    %%%%%:  138-block  3
call    8 never executed
        1:  138-block  4
        1:  138-block  5
branch  9 taken 1 (fallthrough)
branch 10 taken 0
        1:  138-block  6
call   11 returned 1
        1:  138-block  7
    $$$$$:  138-block  8
branch 12 never executed (fallthrough)
branch 13 never executed
    $$$$$:  138-block  9
call   14 never executed
    $$$$$:  138-block 10
        -:  139:
        5:  140:    const Carte* carte_cautata_ptr = lista.find_carte("aaa", "aaaa", "aaaa", 10000);
        1:  140-block  0
call    0 returned 1
branch  1 taken 1 (fallthrough)
branch  2 taken 0 (throw)
        1:  140-block  1
call    3 returned 1
branch  4 taken 1 (fallthrough)
branch  5 taken 0 (throw)
        1:  140-block  2
call    6 returned 1
branch  7 taken 1 (fallthrough)
branch  8 taken 0 (throw)
        1:  140-block  3
call    9 returned 1
branch 10 taken 1 (fallthrough)
branch 11 taken 0 (throw)
        1:  140-block  4
call   12 returned 1
        1:  140-block  5
call   13 returned 1
        1:  140-block  6
call   14 returned 1
    $$$$$:  140-block  7
call   15 never executed
    $$$$$:  140-block  8
    $$$$$:  140-block  9
    $$$$$:  140-block 10
call   16 never executed
    $$$$$:  140-block 11
    $$$$$:  140-block 12
    $$$$$:  140-block 13
call   17 never executed
    $$$$$:  140-block 14
    $$$$$:  140-block 15
       1*:  141:    assert(carte_cautata_ptr == nullptr);
        1:  141-block  0
branch  0 taken 0 (fallthrough)
branch  1 taken 1
    %%%%%:  141-block  1
call    2 never executed
        1:  141-block  2
        -:  142:
        1:  143:}
        1:  143-block  0
call    0 returned 1
call    1 returned 1
call    2 returned 1
    $$$$$:  143-block  1
call    3 never executed
    $$$$$:  143-block  2
call    4 never executed
    $$$$$:  143-block  3
call    5 never executed
        -:  144:
        -:  145:
function _ZN4Test13test_add_fileEv called 1 returned 100% blocks executed 52%
        1:  146:void Test::test_add_file(){
        1:  146-block  0
        -:  147:
        1:  148:    RepoInFile lista("C:/Users/Next/CLionProjects/lab9/fisiertest.txt");
        1:  148-block  0
call    0 returned 1
branch  1 taken 1 (fallthrough)
branch  2 taken 0 (throw)
        1:  148-block  1
call    3 returned 1
branch  4 taken 1 (fallthrough)
branch  5 taken 0 (throw)
        1:  148-block  2
call    6 returned 1
    $$$$$:  148-block  3
call    7 never executed
    $$$$$:  148-block  4
    $$$$$:  148-block  5
        6:  149:    Carte carte = Carte("Harry", "JK", "SF", 2000);
        1:  149-block  0
        1:  149-block  1
call    0 returned 1
branch  1 taken 1 (fallthrough)
branch  2 taken 0 (throw)
        1:  149-block  2
call    3 returned 1
branch  4 taken 1 (fallthrough)
branch  5 taken 0 (throw)
        1:  149-block  3
call    6 returned 1
branch  7 taken 1 (fallthrough)
branch  8 taken 0 (throw)
        1:  149-block  4
call    9 returned 1
branch 10 taken 1 (fallthrough)
branch 11 taken 0 (throw)
        1:  149-block  5
call   12 returned 1
        1:  149-block  6
call   13 returned 1
        1:  149-block  7
call   14 returned 1
    $$$$$:  149-block  8
call   15 never executed
    $$$$$:  149-block  9
    $$$$$:  149-block 10
    $$$$$:  149-block 11
call   16 never executed
    $$$$$:  149-block 12
    $$$$$:  149-block 13
    $$$$$:  149-block 14
call   17 never executed
    $$$$$:  149-block 15
    $$$$$:  149-block 16
    $$$$$:  149-block 17
        -:  150:
        1:  151:    lista.add_carte(carte);
        1:  151-block  0
call    0 returned 1
branch  1 taken 1 (fallthrough)
branch  2 taken 0 (throw)
        1:  152:    carte = lista.get_all()[lista.get_lungime()-1];
        1:  152-block  0
call    0 returned 1
call    1 returned 1
branch  2 taken 1 (fallthrough)
branch  3 taken 0 (throw)
        1:  152-block  1
call    4 returned 1
call    5 returned 1
branch  6 taken 1 (fallthrough)
branch  7 taken 0 (throw)
       1*:  153:    assert(carte.get_titlu() == "Harry");
        1:  153-block  0
call    0 returned 1
branch  1 taken 1 (fallthrough)
branch  2 taken 0 (throw)
        1:  153-block  1
call    3 returned 1
branch  4 taken 1 (fallthrough)
branch  5 taken 0 (throw)
        1:  153-block  2
branch  6 taken 0 (fallthrough)
branch  7 taken 1
    %%%%%:  153-block  3
call    8 never executed
        1:  153-block  4
        1:  153-block  5
branch  9 taken 1 (fallthrough)
branch 10 taken 0
        1:  153-block  6
call   11 returned 1
    $$$$$:  153-block  7
branch 12 never executed (fallthrough)
branch 13 never executed
    $$$$$:  153-block  8
call   14 never executed
    $$$$$:  153-block  9
        -:  154:
        1:  155:}
        1:  155-block  0
call    0 returned 1
call    1 returned 1
    $$$$$:  155-block  1
call    2 never executed
    $$$$$:  155-block  2
call    3 never executed
        -:  156:
        -:  157:
function _ZN4Test18test_modifica_fileEv called 1 returned 100% blocks executed 48%
        1:  158:void Test::test_modifica_file(){
        1:  158-block  0
        -:  159:
        1:  160:    RepoInFile lista("C:/Users/Next/CLionProjects/lab9/fisiertest.txt");
        1:  160-block  0
call    0 returned 1
branch  1 taken 1 (fallthrough)
branch  2 taken 0 (throw)
        1:  160-block  1
call    3 returned 1
branch  4 taken 1 (fallthrough)
branch  5 taken 0 (throw)
        1:  160-block  2
call    6 returned 1
    $$$$$:  160-block  3
call    7 never executed
    $$$$$:  160-block  4
    $$$$$:  160-block  5
        6:  161:    Carte carte1 = Carte("haha", "haha", "haha", 2000);
        1:  161-block  0
        1:  161-block  1
call    0 returned 1
branch  1 taken 1 (fallthrough)
branch  2 taken 0 (throw)
        1:  161-block  2
call    3 returned 1
branch  4 taken 1 (fallthrough)
branch  5 taken 0 (throw)
        1:  161-block  3
call    6 returned 1
branch  7 taken 1 (fallthrough)
branch  8 taken 0 (throw)
        1:  161-block  4
call    9 returned 1
branch 10 taken 1 (fallthrough)
branch 11 taken 0 (throw)
        1:  161-block  5
call   12 returned 1
        1:  161-block  6
call   13 returned 1
        1:  161-block  7
call   14 returned 1
    $$$$$:  161-block  8
call   15 never executed
    $$$$$:  161-block  9
    $$$$$:  161-block 10
    $$$$$:  161-block 11
call   16 never executed
    $$$$$:  161-block 12
    $$$$$:  161-block 13
    $$$$$:  161-block 14
call   17 never executed
    $$$$$:  161-block 15
    $$$$$:  161-block 16
    $$$$$:  161-block 17
        6:  162:    Carte carte2 = Carte("Blala", "JK", "SF", 2000);
        1:  162-block  0
        1:  162-block  1
call    0 returned 1
branch  1 taken 1 (fallthrough)
branch  2 taken 0 (throw)
        1:  162-block  2
call    3 returned 1
branch  4 taken 1 (fallthrough)
branch  5 taken 0 (throw)
        1:  162-block  3
call    6 returned 1
branch  7 taken 1 (fallthrough)
branch  8 taken 0 (throw)
        1:  162-block  4
call    9 returned 1
branch 10 taken 1 (fallthrough)
branch 11 taken 0 (throw)
        1:  162-block  5
call   12 returned 1
        1:  162-block  6
call   13 returned 1
        1:  162-block  7
call   14 returned 1
    $$$$$:  162-block  8
call   15 never executed
    $$$$$:  162-block  9
    $$$$$:  162-block 10
    $$$$$:  162-block 11
call   16 never executed
    $$$$$:  162-block 12
    $$$$$:  162-block 13
    $$$$$:  162-block 14
call   17 never executed
    $$$$$:  162-block 15
    $$$$$:  162-block 16
    $$$$$:  162-block 17
        1:  163:    lista.add_carte(carte1);
        1:  163-block  0
call    0 returned 1
branch  1 taken 1 (fallthrough)
branch  2 taken 0 (throw)
        1:  164:    lista.add_carte(carte2);
        1:  164-block  0
call    0 returned 1
branch  1 taken 1 (fallthrough)
branch  2 taken 0 (throw)
        -:  165:
        1:  166:    lista.modificare_carte(carte2, carte1);
        1:  166-block  0
call    0 returned 1
branch  1 taken 1 (fallthrough)
branch  2 taken 0 (throw)
        -:  167:
        1:  168:}
        1:  168-block  0
call    0 returned 1
call    1 returned 1
call    2 returned 1
    $$$$$:  168-block  1
call    3 never executed
    $$$$$:  168-block  2
call    4 never executed
    $$$$$:  168-block  3
call    5 never executed
        -:  169:
        -:  170:
function _ZN4Test16test_sterge_fileEv called 1 returned 100% blocks executed 52%
        1:  171:void Test::test_sterge_file(){
        1:  171-block  0
        -:  172:
        1:  173:    RepoInFile lista("C:/Users/Next/CLionProjects/lab9/fisiertest.txt");
        1:  173-block  0
call    0 returned 1
branch  1 taken 1 (fallthrough)
branch  2 taken 0 (throw)
        1:  173-block  1
call    3 returned 1
branch  4 taken 1 (fallthrough)
branch  5 taken 0 (throw)
        1:  173-block  2
call    6 returned 1
    $$$$$:  173-block  3
call    7 never executed
    $$$$$:  173-block  4
    $$$$$:  173-block  5
        6:  174:    Carte carte = Carte("blala", "hihi", "bubu", 2000);
        1:  174-block  0
        1:  174-block  1
call    0 returned 1
branch  1 taken 1 (fallthrough)
branch  2 taken 0 (throw)
        1:  174-block  2
call    3 returned 1
branch  4 taken 1 (fallthrough)
branch  5 taken 0 (throw)
        1:  174-block  3
call    6 returned 1
branch  7 taken 1 (fallthrough)
branch  8 taken 0 (throw)
        1:  174-block  4
call    9 returned 1
branch 10 taken 1 (fallthrough)
branch 11 taken 0 (throw)
        1:  174-block  5
call   12 returned 1
        1:  174-block  6
call   13 returned 1
        1:  174-block  7
call   14 returned 1
    $$$$$:  174-block  8
call   15 never executed
    $$$$$:  174-block  9
    $$$$$:  174-block 10
    $$$$$:  174-block 11
call   16 never executed
    $$$$$:  174-block 12
    $$$$$:  174-block 13
    $$$$$:  174-block 14
call   17 never executed
    $$$$$:  174-block 15
    $$$$$:  174-block 16
    $$$$$:  174-block 17
        1:  175:    lista.add_carte(carte);
        1:  175-block  0
call    0 returned 1
branch  1 taken 1 (fallthrough)
branch  2 taken 0 (throw)
        -:  176:
        1:  177:    int lungime = lista.get_lungime();
        1:  177-block  0
call    0 returned 1
branch  1 taken 1 (fallthrough)
branch  2 taken 0 (throw)
        1:  178:    lista.sterge_carte(carte);
        1:  178-block  0
call    0 returned 1
branch  1 taken 1 (fallthrough)
branch  2 taken 0 (throw)
       1*:  179:    assert(lungime == lista.get_lungime()+1);
        1:  179-block  0
call    0 returned 1
branch  1 taken 1 (fallthrough)
branch  2 taken 0 (throw)
        1:  179-block  1
branch  3 taken 0 (fallthrough)
branch  4 taken 1
    %%%%%:  179-block  2
call    5 never executed
        1:  179-block  3
        -:  180:
        1:  181:}
        1:  181-block  0
call    0 returned 1
call    1 returned 1
    $$$$$:  181-block  1
call    2 never executed
    $$$$$:  181-block  2
call    3 never executed
        -:  182:
        -:  183:
function _ZN4Test18test_add_dictionarEv called 1 returned 100% blocks executed 51%
        1:  184:void Test::test_add_dictionar(){
        -:  185:
        1:  186:    RepoDictionar dictionar;
        1:  186-block  0
call    0 returned 1
        6:  187:    Carte carte = Carte("blala", "hihi", "bubu", 2000);
        1:  187-block  0
call    0 returned 1
branch  1 taken 1 (fallthrough)
branch  2 taken 0 (throw)
        1:  187-block  1
call    3 returned 1
branch  4 taken 1 (fallthrough)
branch  5 taken 0 (throw)
        1:  187-block  2
call    6 returned 1
branch  7 taken 1 (fallthrough)
branch  8 taken 0 (throw)
        1:  187-block  3
call    9 returned 1
branch 10 taken 1 (fallthrough)
branch 11 taken 0 (throw)
        1:  187-block  4
call   12 returned 1
        1:  187-block  5
call   13 returned 1
        1:  187-block  6
call   14 returned 1
    $$$$$:  187-block  7
call   15 never executed
    $$$$$:  187-block  8
    $$$$$:  187-block  9
    $$$$$:  187-block 10
call   16 never executed
    $$$$$:  187-block 11
    $$$$$:  187-block 12
    $$$$$:  187-block 13
call   17 never executed
    $$$$$:  187-block 14
    $$$$$:  187-block 15
    $$$$$:  187-block 16
        1:  188:    dictionar.add_carte(carte);
        1:  188-block  0
call    0 returned 1
branch  1 taken 1 (fallthrough)
branch  2 taken 0 (throw)
        -:  189:
       1*:  190:    assert(dictionar.get_lungime() == 1);
        1:  190-block  0
call    0 returned 1
branch  1 taken 0 (fallthrough)
branch  2 taken 1
    %%%%%:  190-block  1
call    3 never executed
        1:  190-block  2
        -:  191:
        1:  192:}
        1:  192-block  0
call    0 returned 1
call    1 returned 1
    $$$$$:  192-block  1
call    2 never executed
    $$$$$:  192-block  2
call    3 never executed
        -:  193:
        -:  194:
function _ZN4Test25test_modificare_dictionarEv called 1 returned 100% blocks executed 49%
        1:  195:void Test::test_modificare_dictionar(){
        -:  196:
        1:  197:    RepoDictionar dictionar;
        1:  197-block  0
call    0 returned 1
        6:  198:    Carte carte1 = Carte("blala", "hihi", "bubu", 2000);
        1:  198-block  0
call    0 returned 1
branch  1 taken 1 (fallthrough)
branch  2 taken 0 (throw)
        1:  198-block  1
call    3 returned 1
branch  4 taken 1 (fallthrough)
branch  5 taken 0 (throw)
        1:  198-block  2
call    6 returned 1
branch  7 taken 1 (fallthrough)
branch  8 taken 0 (throw)
        1:  198-block  3
call    9 returned 1
branch 10 taken 1 (fallthrough)
branch 11 taken 0 (throw)
        1:  198-block  4
call   12 returned 1
        1:  198-block  5
call   13 returned 1
        1:  198-block  6
call   14 returned 1
    $$$$$:  198-block  7
call   15 never executed
    $$$$$:  198-block  8
    $$$$$:  198-block  9
    $$$$$:  198-block 10
call   16 never executed
    $$$$$:  198-block 11
    $$$$$:  198-block 12
    $$$$$:  198-block 13
call   17 never executed
    $$$$$:  198-block 14
    $$$$$:  198-block 15
    $$$$$:  198-block 16
        6:  199:    Carte carte2 = Carte("haha", "hihi", "bubu", 2000);
        1:  199-block  0
        1:  199-block  1
call    0 returned 1
branch  1 taken 1 (fallthrough)
branch  2 taken 0 (throw)
        1:  199-block  2
call    3 returned 1
branch  4 taken 1 (fallthrough)
branch  5 taken 0 (throw)
        1:  199-block  3
call    6 returned 1
branch  7 taken 1 (fallthrough)
branch  8 taken 0 (throw)
        1:  199-block  4
call    9 returned 1
branch 10 taken 1 (fallthrough)
branch 11 taken 0 (throw)
        1:  199-block  5
call   12 returned 1
        1:  199-block  6
call   13 returned 1
        1:  199-block  7
call   14 returned 1
    $$$$$:  199-block  8
call   15 never executed
    $$$$$:  199-block  9
    $$$$$:  199-block 10
    $$$$$:  199-block 11
call   16 never executed
    $$$$$:  199-block 12
    $$$$$:  199-block 13
    $$$$$:  199-block 14
call   17 never executed
    $$$$$:  199-block 15
    $$$$$:  199-block 16
    $$$$$:  199-block 17
        1:  200:    dictionar.add_carte(carte1);
        1:  200-block  0
call    0 returned 1
branch  1 taken 1 (fallthrough)
branch  2 taken 0 (throw)
        1:  201:    dictionar.modificare_carte(carte1, carte2);
        1:  201-block  0
call    0 returned 1
branch  1 taken 1 (fallthrough)
branch  2 taken 0 (throw)
        -:  202:
       1*:  203:    assert(dictionar.get_lungime() == 1);
        1:  203-block  0
call    0 returned 1
branch  1 taken 0 (fallthrough)
branch  2 taken 1
    %%%%%:  203-block  1
call    3 never executed
        1:  203-block  2
        -:  204:
        1:  205:}
        1:  205-block  0
call    0 returned 1
call    1 returned 1
call    2 returned 1
    $$$$$:  205-block  1
call    3 never executed
    $$$$$:  205-block  2
call    4 never executed
    $$$$$:  205-block  3
call    5 never executed
        -:  206:
        -:  207:
function _ZN4Test21test_sterge_dictionarEv called 1 returned 100% blocks executed 52%
        1:  208:void Test::test_sterge_dictionar() {
        -:  209:
        1:  210:    RepoDictionar dictionar;
        1:  210-block  0
call    0 returned 1
        6:  211:    Carte carte = Carte("blala", "hihi", "bubu", 2000);
        1:  211-block  0
call    0 returned 1
branch  1 taken 1 (fallthrough)
branch  2 taken 0 (throw)
        1:  211-block  1
call    3 returned 1
branch  4 taken 1 (fallthrough)
branch  5 taken 0 (throw)
        1:  211-block  2
call    6 returned 1
branch  7 taken 1 (fallthrough)
branch  8 taken 0 (throw)
        1:  211-block  3
call    9 returned 1
branch 10 taken 1 (fallthrough)
branch 11 taken 0 (throw)
        1:  211-block  4
call   12 returned 1
        1:  211-block  5
call   13 returned 1
        1:  211-block  6
call   14 returned 1
    $$$$$:  211-block  7
call   15 never executed
    $$$$$:  211-block  8
    $$$$$:  211-block  9
    $$$$$:  211-block 10
call   16 never executed
    $$$$$:  211-block 11
    $$$$$:  211-block 12
    $$$$$:  211-block 13
call   17 never executed
    $$$$$:  211-block 14
    $$$$$:  211-block 15
    $$$$$:  211-block 16
        1:  212:    dictionar.add_carte(carte);
        1:  212-block  0
call    0 returned 1
branch  1 taken 1 (fallthrough)
branch  2 taken 0 (throw)
        -:  213:
        1:  214:    dictionar.sterge_carte(carte);
        1:  214-block  0
call    0 returned 1
branch  1 taken 1 (fallthrough)
branch  2 taken 0 (throw)
       1*:  215:    assert(dictionar.get_lungime() == 0);
        1:  215-block  0
call    0 returned 1
branch  1 taken 0 (fallthrough)
branch  2 taken 1
    %%%%%:  215-block  1
call    3 never executed
        1:  215-block  2
        -:  216:
        1:  217:}
        1:  217-block  0
call    0 returned 1
call    1 returned 1
    $$$$$:  217-block  1
call    2 never executed
    $$$$$:  217-block  2
call    3 never executed
        -:  218:
        -:  219:
function _ZN4Test19test_find_dictionarEv called 1 returned 100% blocks executed 49%
        1:  220:void Test::test_find_dictionar() {
        -:  221:
        1:  222:    RepoDictionar dictionar;
        1:  222-block  0
call    0 returned 1
        6:  223:    Carte carte = Carte("blala", "hihi", "bubu", 2000);
        1:  223-block  0
call    0 returned 1
branch  1 taken 1 (fallthrough)
branch  2 taken 0 (throw)
        1:  223-block  1
call    3 returned 1
branch  4 taken 1 (fallthrough)
branch  5 taken 0 (throw)
        1:  223-block  2
call    6 returned 1
branch  7 taken 1 (fallthrough)
branch  8 taken 0 (throw)
        1:  223-block  3
call    9 returned 1
branch 10 taken 1 (fallthrough)
branch 11 taken 0 (throw)
        1:  223-block  4
call   12 returned 1
        1:  223-block  5
call   13 returned 1
        1:  223-block  6
call   14 returned 1
    $$$$$:  223-block  7
call   15 never executed
    $$$$$:  223-block  8
    $$$$$:  223-block  9
    $$$$$:  223-block 10
call   16 never executed
    $$$$$:  223-block 11
    $$$$$:  223-block 12
    $$$$$:  223-block 13
call   17 never executed
    $$$$$:  223-block 14
    $$$$$:  223-block 15
    $$$$$:  223-block 16
        1:  224:    dictionar.add_carte(carte);
        1:  224-block  0
call    0 returned 1
branch  1 taken 1 (fallthrough)
branch  2 taken 0 (throw)
        5:  225:    carte = *dictionar.find_carte("blala", "hihi", "bubu", 2000);
        1:  225-block  0
call    0 returned 1
branch  1 taken 1 (fallthrough)
branch  2 taken 0 (throw)
        1:  225-block  1
call    3 returned 1
branch  4 taken 1 (fallthrough)
branch  5 taken 0 (throw)
        1:  225-block  2
call    6 returned 1
branch  7 taken 1 (fallthrough)
branch  8 taken 0 (throw)
        1:  225-block  3
call    9 returned 1
branch 10 taken 1 (fallthrough)
branch 11 taken 0 (throw)
        1:  225-block  4
call   12 returned 1
branch 13 taken 1 (fallthrough)
branch 14 taken 0 (throw)
        1:  225-block  5
call   15 returned 1
        1:  225-block  6
call   16 returned 1
        1:  225-block  7
call   17 returned 1
    $$$$$:  225-block  8
call   18 never executed
    $$$$$:  225-block  9
    $$$$$:  225-block 10
    $$$$$:  225-block 11
call   19 never executed
    $$$$$:  225-block 12
    $$$$$:  225-block 13
    $$$$$:  225-block 14
call   20 never executed
    $$$$$:  225-block 15
    $$$$$:  225-block 16
        -:  226:
       1*:  227:    assert(carte.get_titlu() == "blala");
        1:  227-block  0
call    0 returned 1
branch  1 taken 1 (fallthrough)
branch  2 taken 0 (throw)
        1:  227-block  1
call    3 returned 1
branch  4 taken 1 (fallthrough)
branch  5 taken 0 (throw)
        1:  227-block  2
branch  6 taken 0 (fallthrough)
branch  7 taken 1
    %%%%%:  227-block  3
call    8 never executed
        1:  227-block  4
        1:  227-block  5
branch  9 taken 1 (fallthrough)
branch 10 taken 0
        1:  227-block  6
call   11 returned 1
        1:  227-block  7
    $$$$$:  227-block  8
branch 12 never executed (fallthrough)
branch 13 never executed
    $$$$$:  227-block  9
call   14 never executed
    $$$$$:  227-block 10
        -:  228:
        5:  229:    const Carte *carte_prt = dictionar.find_carte("haha", "haha", "haha", 0);
        1:  229-block  0
call    0 returned 1
branch  1 taken 1 (fallthrough)
branch  2 taken 0 (throw)
        1:  229-block  1
call    3 returned 1
branch  4 taken 1 (fallthrough)
branch  5 taken 0 (throw)
        1:  229-block  2
call    6 returned 1
branch  7 taken 1 (fallthrough)
branch  8 taken 0 (throw)
        1:  229-block  3
call    9 returned 1
branch 10 taken 1 (fallthrough)
branch 11 taken 0 (throw)
        1:  229-block  4
call   12 returned 1
        1:  229-block  5
call   13 returned 1
        1:  229-block  6
call   14 returned 1
    $$$$$:  229-block  7
call   15 never executed
    $$$$$:  229-block  8
    $$$$$:  229-block  9
    $$$$$:  229-block 10
call   16 never executed
    $$$$$:  229-block 11
    $$$$$:  229-block 12
    $$$$$:  229-block 13
call   17 never executed
    $$$$$:  229-block 14
    $$$$$:  229-block 15
        -:  230:
       1*:  231:    assert(carte_prt == nullptr);
        1:  231-block  0
branch  0 taken 0 (fallthrough)
branch  1 taken 1
    %%%%%:  231-block  1
call    2 never executed
        1:  231-block  2
        -:  232:
        1:  233:}
        1:  233-block  0
call    0 returned 1
call    1 returned 1
    $$$$$:  233-block  1
call    2 never executed
    $$$$$:  233-block  2
call    3 never executed
        -:  234:
        -:  235:
function _ZN4Test18test_all_dictionarEv called 1 returned 100% blocks executed 53%
        1:  236:void Test::test_all_dictionar() {
        -:  237:
        1:  238:    RepoDictionar dictionar;
        1:  238-block  0
call    0 returned 1
        6:  239:    Carte carte = Carte("blala", "hihi", "bubu", 2000);
        1:  239-block  0
call    0 returned 1
branch  1 taken 1 (fallthrough)
branch  2 taken 0 (throw)
        1:  239-block  1
call    3 returned 1
branch  4 taken 1 (fallthrough)
branch  5 taken 0 (throw)
        1:  239-block  2
call    6 returned 1
branch  7 taken 1 (fallthrough)
branch  8 taken 0 (throw)
        1:  239-block  3
call    9 returned 1
branch 10 taken 1 (fallthrough)
branch 11 taken 0 (throw)
        1:  239-block  4
call   12 returned 1
        1:  239-block  5
call   13 returned 1
        1:  239-block  6
call   14 returned 1
    $$$$$:  239-block  7
call   15 never executed
    $$$$$:  239-block  8
    $$$$$:  239-block  9
    $$$$$:  239-block 10
call   16 never executed
    $$$$$:  239-block 11
    $$$$$:  239-block 12
    $$$$$:  239-block 13
call   17 never executed
    $$$$$:  239-block 14
    $$$$$:  239-block 15
    $$$$$:  239-block 16
        1:  240:    dictionar.add_carte(carte);
        1:  240-block  0
call    0 returned 1
branch  1 taken 1 (fallthrough)
branch  2 taken 0 (throw)
        -:  241:
        1:  242:    vector <Carte>& lista = dictionar.get_all();
        1:  242-block  0
call    0 returned 1
branch  1 taken 1 (fallthrough)
branch  2 taken 0 (throw)
        -:  243:
       1*:  244:    assert(lista.size() == dictionar.get_lungime());
        1:  244-block  0
call    0 returned 1
call    1 returned 1
branch  2 taken 0 (fallthrough)
branch  3 taken 1
    %%%%%:  244-block  1
call    4 never executed
        1:  244-block  2
        -:  245:
        1:  246:}
        1:  246-block  0
call    0 returned 1
call    1 returned 1
    $$$$$:  246-block  1
call    2 never executed
    $$$$$:  246-block  2
call    3 never executed
        -:  247:
        -:  248:
        -:  249:
        -:  250:
        -:  251:
function _ZN4Test16test_service_addEv called 1 returned 100% blocks executed 52%
        1:  252:void Test::test_service_add() {
        -:  253:
        1:  254:    ListaCarti carti;
        1:  255:    CarteService service{carti};
        1:  255-block  0
call    0 returned 1
        6:  256:    Carte carte = Carte("Harry Potter", "JK", "SF", 2000);
        1:  256-block  0
call    0 returned 1
branch  1 taken 1 (fallthrough)
branch  2 taken 0 (throw)
        1:  256-block  1
call    3 returned 1
branch  4 taken 1 (fallthrough)
branch  5 taken 0 (throw)
        1:  256-block  2
call    6 returned 1
branch  7 taken 1 (fallthrough)
branch  8 taken 0 (throw)
        1:  256-block  3
call    9 returned 1
branch 10 taken 1 (fallthrough)
branch 11 taken 0 (throw)
        1:  256-block  4
call   12 returned 1
        1:  256-block  5
call   13 returned 1
        1:  256-block  6
call   14 returned 1
    $$$$$:  256-block  7
call   15 never executed
    $$$$$:  256-block  8
    $$$$$:  256-block  9
    $$$$$:  256-block 10
call   16 never executed
    $$$$$:  256-block 11
    $$$$$:  256-block 12
    $$$$$:  256-block 13
call   17 never executed
    $$$$$:  256-block 14
    $$$$$:  256-block 15
    $$$$$:  256-block 16
        1:  257:    service.adaugare(carte);
        1:  257-block  0
call    0 returned 1
branch  1 taken 1 (fallthrough)
branch  2 taken 0 (throw)
        -:  258:
       1*:  259:    assert(service.get_all()[service.get_lung() - 1].get_titlu() == "Harry Potter");
        1:  259-block  0
call    0 returned 1
branch  1 taken 1 (fallthrough)
branch  2 taken 0 (throw)
        1:  259-block  1
call    3 returned 1
branch  4 taken 1 (fallthrough)
branch  5 taken 0 (throw)
        1:  259-block  2
call    6 returned 1
call    7 returned 1
branch  8 taken 1 (fallthrough)
branch  9 taken 0 (throw)
        1:  259-block  3
call   10 returned 1
branch 11 taken 1 (fallthrough)
branch 12 taken 0 (throw)
        1:  259-block  4
branch 13 taken 0 (fallthrough)
branch 14 taken 1
    %%%%%:  259-block  5
call   15 never executed
        1:  259-block  6
        1:  259-block  7
branch 16 taken 1 (fallthrough)
branch 17 taken 0
        1:  259-block  8
call   18 returned 1
    $$$$$:  259-block  9
branch 19 never executed (fallthrough)
branch 20 never executed
    $$$$$:  259-block 10
call   21 never executed
    $$$$$:  259-block 11
        -:  260:
        1:  261:}
        1:  261-block  0
call    0 returned 1
call    1 returned 1
call    2 returned 1
    $$$$$:  261-block  1
call    3 never executed
    $$$$$:  261-block  2
call    4 never executed
    $$$$$:  261-block  3
call    5 never executed
        -:  262:
function _ZN4Test23test_service_modificareEv called 1 returned 100% blocks executed 50%
        1:  263:void Test::test_service_modificare() {
        -:  264:
        1:  265:    ListaCarti carti;
        1:  266:    CarteService service{carti};
        1:  266-block  0
call    0 returned 1
        6:  267:    Carte carte1 = Carte("Harry Potter", "JK", "SF", 2000);
        1:  267-block  0
call    0 returned 1
branch  1 taken 1 (fallthrough)
branch  2 taken 0 (throw)
        1:  267-block  1
call    3 returned 1
branch  4 taken 1 (fallthrough)
branch  5 taken 0 (throw)
        1:  267-block  2
call    6 returned 1
branch  7 taken 1 (fallthrough)
branch  8 taken 0 (throw)
        1:  267-block  3
call    9 returned 1
branch 10 taken 1 (fallthrough)
branch 11 taken 0 (throw)
        1:  267-block  4
call   12 returned 1
        1:  267-block  5
call   13 returned 1
        1:  267-block  6
call   14 returned 1
    $$$$$:  267-block  7
call   15 never executed
    $$$$$:  267-block  8
    $$$$$:  267-block  9
    $$$$$:  267-block 10
call   16 never executed
    $$$$$:  267-block 11
    $$$$$:  267-block 12
    $$$$$:  267-block 13
call   17 never executed
    $$$$$:  267-block 14
    $$$$$:  267-block 15
    $$$$$:  267-block 16
        6:  268:    Carte carte2 = Carte("Blala", "JK", "SF", 2000);
        1:  268-block  0
        1:  268-block  1
call    0 returned 1
branch  1 taken 1 (fallthrough)
branch  2 taken 0 (throw)
        1:  268-block  2
call    3 returned 1
branch  4 taken 1 (fallthrough)
branch  5 taken 0 (throw)
        1:  268-block  3
call    6 returned 1
branch  7 taken 1 (fallthrough)
branch  8 taken 0 (throw)
        1:  268-block  4
call    9 returned 1
branch 10 taken 1 (fallthrough)
branch 11 taken 0 (throw)
        1:  268-block  5
call   12 returned 1
        1:  268-block  6
call   13 returned 1
        1:  268-block  7
call   14 returned 1
    $$$$$:  268-block  8
call   15 never executed
    $$$$$:  268-block  9
    $$$$$:  268-block 10
    $$$$$:  268-block 11
call   16 never executed
    $$$$$:  268-block 12
    $$$$$:  268-block 13
    $$$$$:  268-block 14
call   17 never executed
    $$$$$:  268-block 15
    $$$$$:  268-block 16
    $$$$$:  268-block 17
        1:  269:    service.adaugare(carte1);
        1:  269-block  0
call    0 returned 1
branch  1 taken 1 (fallthrough)
branch  2 taken 0 (throw)
        -:  270:
        1:  271:    service.modificare(carte1, carte2);
        1:  271-block  0
call    0 returned 1
branch  1 taken 1 (fallthrough)
branch  2 taken 0 (throw)
        -:  272:
       1*:  273:    assert(service.get_all()[service.get_lung() - 1].get_titlu() == "Blala");
        1:  273-block  0
call    0 returned 1
branch  1 taken 1 (fallthrough)
branch  2 taken 0 (throw)
        1:  273-block  1
call    3 returned 1
branch  4 taken 1 (fallthrough)
branch  5 taken 0 (throw)
        1:  273-block  2
call    6 returned 1
call    7 returned 1
branch  8 taken 1 (fallthrough)
branch  9 taken 0 (throw)
        1:  273-block  3
call   10 returned 1
branch 11 taken 1 (fallthrough)
branch 12 taken 0 (throw)
        1:  273-block  4
branch 13 taken 0 (fallthrough)
branch 14 taken 1
    %%%%%:  273-block  5
call   15 never executed
        1:  273-block  6
        1:  273-block  7
branch 16 taken 1 (fallthrough)
branch 17 taken 0
        1:  273-block  8
call   18 returned 1
    $$$$$:  273-block  9
branch 19 never executed (fallthrough)
branch 20 never executed
    $$$$$:  273-block 10
call   21 never executed
    $$$$$:  273-block 11
        -:  274:
        1:  275:}
        1:  275-block  0
call    0 returned 1
call    1 returned 1
call    2 returned 1
call    3 returned 1
    $$$$$:  275-block  1
call    4 never executed
    $$$$$:  275-block  2
call    5 never executed
    $$$$$:  275-block  3
call    6 never executed
    $$$$$:  275-block  4
call    7 never executed
        -:  276:
function _ZN4Test21test_service_stergereEv called 1 returned 100% blocks executed 51%
        1:  277:void Test::test_service_stergere() {
        -:  278:
        1:  279:    ListaCarti carti;
        1:  280:    CarteService service{carti};
        1:  280-block  0
call    0 returned 1
        6:  281:    Carte carte = Carte("Harry Potter", "JK", "SF", 2000);
        1:  281-block  0
call    0 returned 1
branch  1 taken 1 (fallthrough)
branch  2 taken 0 (throw)
        1:  281-block  1
call    3 returned 1
branch  4 taken 1 (fallthrough)
branch  5 taken 0 (throw)
        1:  281-block  2
call    6 returned 1
branch  7 taken 1 (fallthrough)
branch  8 taken 0 (throw)
        1:  281-block  3
call    9 returned 1
branch 10 taken 1 (fallthrough)
branch 11 taken 0 (throw)
        1:  281-block  4
call   12 returned 1
        1:  281-block  5
call   13 returned 1
        1:  281-block  6
call   14 returned 1
    $$$$$:  281-block  7
call   15 never executed
    $$$$$:  281-block  8
    $$$$$:  281-block  9
    $$$$$:  281-block 10
call   16 never executed
    $$$$$:  281-block 11
    $$$$$:  281-block 12
    $$$$$:  281-block 13
call   17 never executed
    $$$$$:  281-block 14
    $$$$$:  281-block 15
    $$$$$:  281-block 16
        1:  282:    service.adaugare(carte);
        1:  282-block  0
call    0 returned 1
branch  1 taken 1 (fallthrough)
branch  2 taken 0 (throw)
        -:  283:
        1:  284:    service.stergere(carte);
        1:  284-block  0
call    0 returned 1
branch  1 taken 1 (fallthrough)
branch  2 taken 0 (throw)
       1*:  285:    assert(service.get_lung() == 0);
        1:  285-block  0
call    0 returned 1
branch  1 taken 1 (fallthrough)
branch  2 taken 0 (throw)
        1:  285-block  1
branch  3 taken 0 (fallthrough)
branch  4 taken 1
    %%%%%:  285-block  2
call    5 never executed
        1:  285-block  3
        -:  286:
        1:  287:}
        1:  287-block  0
call    0 returned 1
call    1 returned 1
call    2 returned 1
    $$$$$:  287-block  1
call    3 never executed
    $$$$$:  287-block  2
call    4 never executed
    $$$$$:  287-block  3
call    5 never executed
        -:  288:
function _ZN4Test17test_service_findEv called 1 returned 100% blocks executed 48%
        1:  289:void Test::test_service_find() {
        -:  290:
        1:  291:    ListaCarti carti;
        1:  292:    CarteService service{carti};
        1:  292-block  0
call    0 returned 1
        6:  293:    Carte carte = Carte("Harry Potter", "JK", "SF", 2000);
        1:  293-block  0
call    0 returned 1
branch  1 taken 1 (fallthrough)
branch  2 taken 0 (throw)
        1:  293-block  1
call    3 returned 1
branch  4 taken 1 (fallthrough)
branch  5 taken 0 (throw)
        1:  293-block  2
call    6 returned 1
branch  7 taken 1 (fallthrough)
branch  8 taken 0 (throw)
        1:  293-block  3
call    9 returned 1
branch 10 taken 1 (fallthrough)
branch 11 taken 0 (throw)
        1:  293-block  4
call   12 returned 1
        1:  293-block  5
call   13 returned 1
        1:  293-block  6
call   14 returned 1
    $$$$$:  293-block  7
call   15 never executed
    $$$$$:  293-block  8
    $$$$$:  293-block  9
    $$$$$:  293-block 10
call   16 never executed
    $$$$$:  293-block 11
    $$$$$:  293-block 12
    $$$$$:  293-block 13
call   17 never executed
    $$$$$:  293-block 14
    $$$$$:  293-block 15
    $$$$$:  293-block 16
        1:  294:    service.adaugare(carte);
        1:  294-block  0
call    0 returned 1
branch  1 taken 1 (fallthrough)
branch  2 taken 0 (throw)
        -:  295:
        5:  296:    Carte carte1 = *service.gasire_carte("Harry Potter", "JK", "SF", 2000);
        1:  296-block  0
call    0 returned 1
branch  1 taken 1 (fallthrough)
branch  2 taken 0 (throw)
        1:  296-block  1
call    3 returned 1
branch  4 taken 1 (fallthrough)
branch  5 taken 0 (throw)
        1:  296-block  2
call    6 returned 1
branch  7 taken 1 (fallthrough)
branch  8 taken 0 (throw)
        1:  296-block  3
call    9 returned 1
branch 10 taken 1 (fallthrough)
branch 11 taken 0 (throw)
        1:  296-block  4
call   12 returned 1
branch 13 taken 1 (fallthrough)
branch 14 taken 0 (throw)
        1:  296-block  5
call   15 returned 1
        1:  296-block  6
call   16 returned 1
        1:  296-block  7
call   17 returned 1
    $$$$$:  296-block  8
call   18 never executed
    $$$$$:  296-block  9
    $$$$$:  296-block 10
    $$$$$:  296-block 11
call   19 never executed
    $$$$$:  296-block 12
    $$$$$:  296-block 13
    $$$$$:  296-block 14
call   20 never executed
    $$$$$:  296-block 15
    $$$$$:  296-block 16
       1*:  297:    assert(carte1.get_titlu() == "Harry Potter");
        1:  297-block  0
call    0 returned 1
branch  1 taken 1 (fallthrough)
branch  2 taken 0 (throw)
        1:  297-block  1
call    3 returned 1
branch  4 taken 1 (fallthrough)
branch  5 taken 0 (throw)
        1:  297-block  2
branch  6 taken 0 (fallthrough)
branch  7 taken 1
    %%%%%:  297-block  3
call    8 never executed
        1:  297-block  4
        1:  297-block  5
branch  9 taken 1 (fallthrough)
branch 10 taken 0
        1:  297-block  6
call   11 returned 1
    $$$$$:  297-block  7
branch 12 never executed (fallthrough)
branch 13 never executed
    $$$$$:  297-block  8
call   14 never executed
    $$$$$:  297-block  9
        -:  298:
        1:  299:}
        1:  299-block  0
call    0 returned 1
call    1 returned 1
call    2 returned 1
call    3 returned 1
    $$$$$:  299-block  1
call    4 never executed
    $$$$$:  299-block  2
call    5 never executed
    $$$$$:  299-block  3
call    6 never executed
    $$$$$:  299-block  4
call    7 never executed
        -:  300:
        -:  301:
function _ZN4Test19test_filtrare_titluEv called 1 returned 100% blocks executed 50%
        1:  302:void Test::test_filtrare_titlu() {
        -:  303:
        1:  304:    vector<Carte> copie;
        1:  305:    int lungime=0;
        -:  306:
        1:  307:    ListaCarti carti;
        1:  308:    CarteService service{carti};
        1:  308-block  0
call    0 returned 1
        6:  309:    Carte carte = Carte("Harry Potter", "JK", "SF", 2000);
        1:  309-block  0
call    0 returned 1
branch  1 taken 1 (fallthrough)
branch  2 taken 0 (throw)
        1:  309-block  1
call    3 returned 1
branch  4 taken 1 (fallthrough)
branch  5 taken 0 (throw)
        1:  309-block  2
call    6 returned 1
branch  7 taken 1 (fallthrough)
branch  8 taken 0 (throw)
        1:  309-block  3
call    9 returned 1
branch 10 taken 1 (fallthrough)
branch 11 taken 0 (throw)
        1:  309-block  4
call   12 returned 1
        1:  309-block  5
call   13 returned 1
        1:  309-block  6
call   14 returned 1
    $$$$$:  309-block  7
call   15 never executed
    $$$$$:  309-block  8
    $$$$$:  309-block  9
    $$$$$:  309-block 10
call   16 never executed
    $$$$$:  309-block 11
    $$$$$:  309-block 12
    $$$$$:  309-block 13
call   17 never executed
    $$$$$:  309-block 14
    $$$$$:  309-block 15
    $$$$$:  309-block 16
        1:  310:    service.adaugare(carte);
        1:  310-block  0
call    0 returned 1
branch  1 taken 1 (fallthrough)
branch  2 taken 0 (throw)
        6:  311:    carte = Carte("Blala", "JK", "SF", 2000);
        1:  311-block  0
        1:  311-block  1
call    0 returned 1
branch  1 taken 1 (fallthrough)
branch  2 taken 0 (throw)
        1:  311-block  2
call    3 returned 1
branch  4 taken 1 (fallthrough)
branch  5 taken 0 (throw)
        1:  311-block  3
call    6 returned 1
branch  7 taken 1 (fallthrough)
branch  8 taken 0 (throw)
        1:  311-block  4
call    9 returned 1
branch 10 taken 1 (fallthrough)
branch 11 taken 0 (throw)
        1:  311-block  5
call   12 returned 1
branch 13 taken 1 (fallthrough)
branch 14 taken 0 (throw)
        1:  311-block  6
call   15 returned 1
call   16 returned 1
        1:  311-block  7
call   17 returned 1
        1:  311-block  8
call   18 returned 1
    $$$$$:  311-block  9
call   19 never executed
    $$$$$:  311-block 10
call   20 never executed
    $$$$$:  311-block 11
    $$$$$:  311-block 12
    $$$$$:  311-block 13
call   21 never executed
    $$$$$:  311-block 14
    $$$$$:  311-block 15
    $$$$$:  311-block 16
call   22 never executed
    $$$$$:  311-block 17
    $$$$$:  311-block 18
    $$$$$:  311-block 19
    $$$$$:  311-block 20
        1:  312:    service.adaugare(carte);
        1:  312-block  0
call    0 returned 1
branch  1 taken 1 (fallthrough)
branch  2 taken 0 (throw)
        -:  313:
        1:  314:    service.filtrare_titlu("Harry Potter", copie, lungime);
        1:  314-block  0
call    0 returned 1
branch  1 taken 1 (fallthrough)
branch  2 taken 0 (throw)
        1:  314-block  1
call    3 returned 1
branch  4 taken 1 (fallthrough)
branch  5 taken 0 (throw)
        1:  314-block  2
call    6 returned 1
    $$$$$:  314-block  3
call    7 never executed
    $$$$$:  314-block  4
    $$$$$:  314-block  5
       1*:  315:    assert(copie[0].get_titlu() == "Harry Potter");
        1:  315-block  0
call    0 returned 1
call    1 returned 1
branch  2 taken 1 (fallthrough)
branch  3 taken 0 (throw)
        1:  315-block  1
call    4 returned 1
branch  5 taken 1 (fallthrough)
branch  6 taken 0 (throw)
        1:  315-block  2
branch  7 taken 0 (fallthrough)
branch  8 taken 1
    %%%%%:  315-block  3
call    9 never executed
        1:  315-block  4
        1:  315-block  5
branch 10 taken 1 (fallthrough)
branch 11 taken 0
        1:  315-block  6
call   12 returned 1
    $$$$$:  315-block  7
branch 13 never executed (fallthrough)
branch 14 never executed
    $$$$$:  315-block  8
call   15 never executed
    $$$$$:  315-block  9
       1*:  316:    assert(lungime == 1);
        1:  316-block  0
branch  0 taken 0 (fallthrough)
branch  1 taken 1
    %%%%%:  316-block  1
call    2 never executed
        1:  316-block  2
       1*:  317:    assert(copie.size() == 1);
        1:  317-block  0
call    0 returned 1
branch  1 taken 0 (fallthrough)
branch  2 taken 1
    %%%%%:  317-block  1
call    3 never executed
        1:  317-block  2
        -:  318:
        1:  319:}
        1:  319-block  0
call    0 returned 1
call    1 returned 1
call    2 returned 1
call    3 returned 1
    $$$$$:  319-block  1
call    4 never executed
    $$$$$:  319-block  2
call    5 never executed
    $$$$$:  319-block  3
call    6 never executed
    $$$$$:  319-block  4
call    7 never executed
        -:  320:
function _ZN4Test16test_filtrare_anEv called 1 returned 100% blocks executed 50%
        1:  321:void Test::test_filtrare_an() {
        -:  322:
        1:  323:    vector<Carte> copie;
        1:  324:    int lungime=0;
        -:  325:
        1:  326:    ListaCarti carti;
        1:  327:    CarteService service{carti};
        1:  327-block  0
call    0 returned 1
        6:  328:    Carte carte = Carte("Harry Potter", "JK", "SF", 10000);
        1:  328-block  0
call    0 returned 1
branch  1 taken 1 (fallthrough)
branch  2 taken 0 (throw)
        1:  328-block  1
call    3 returned 1
branch  4 taken 1 (fallthrough)
branch  5 taken 0 (throw)
        1:  328-block  2
call    6 returned 1
branch  7 taken 1 (fallthrough)
branch  8 taken 0 (throw)
        1:  328-block  3
call    9 returned 1
branch 10 taken 1 (fallthrough)
[...]
        1:  530-block  5
call   11 returned 1
    $$$$$:  530-block  6
branch 12 never executed (fallthrough)
branch 13 never executed
    $$$$$:  530-block  7
call   14 never executed
    $$$$$:  530-block  8
        1:  531:    }
        1:  531-block  0
call    0 returned 1
    $$$$$:  531-block  1
call    1 never executed
        -:  532:
        6:  533:    Carte carte3 = Carte("bb", "b", "a", 1);
        1:  533-block  0
        1:  533-block  1
call    0 returned 1
branch  1 taken 1 (fallthrough)
branch  2 taken 0 (throw)
        1:  533-block  2
call    3 returned 1
branch  4 taken 1 (fallthrough)
branch  5 taken 0 (throw)
        1:  533-block  3
call    6 returned 1
branch  7 taken 1 (fallthrough)
branch  8 taken 0 (throw)
        1:  533-block  4
call    9 returned 1
branch 10 taken 1 (fallthrough)
branch 11 taken 0 (throw)
        1:  533-block  5
call   12 returned 1
        1:  533-block  6
call   13 returned 1
        1:  533-block  7
call   14 returned 1
    $$$$$:  533-block  8
call   15 never executed
    $$$$$:  533-block  9
    $$$$$:  533-block 10
    $$$$$:  533-block 11
call   16 never executed
    $$$$$:  533-block 12
    $$$$$:  533-block 13
    $$$$$:  533-block 14
call   17 never executed
    $$$$$:  533-block 15
    $$$$$:  533-block 16
    $$$$$:  533-block 17
        -:  534:
        -:  535:    try {
        1:  536:        service.adaugare(carte3);
        1:  536-block  0
call    0 returned 1
branch  1 taken 0 (fallthrough)
branch  2 taken 1 (throw)
        1:  537:    }catch (const Exceptions& exceptie){
        1:  537-block  0
branch  0 taken 0 (fallthrough)
branch  1 taken 1
        1:  537-block  1
call    2 returned 1
        1:  538:        assert(exceptie.get_message() == "Date invalide!");
call    0 returned 1
branch  1 taken 1 (fallthrough)
branch  2 taken 0 (throw)
        1:  538-block  0
call    3 returned 1
branch  4 taken 1 (fallthrough)
branch  5 taken 0 (throw)
        1:  538-block  1
branch  6 taken 0 (fallthrough)
branch  7 taken 1
    $$$$$:  538-block  2
call    8 never executed
        1:  538-block  3
        1:  538-block  4
branch  9 taken 1 (fallthrough)
branch 10 taken 0
        1:  538-block  5
call   11 returned 1
    $$$$$:  538-block  6
branch 12 never executed (fallthrough)
branch 13 never executed
    $$$$$:  538-block  7
call   14 never executed
    $$$$$:  538-block  8
        1:  539:    }
        1:  539-block  0
call    0 returned 1
    $$$$$:  539-block  1
call    1 never executed
        -:  540:
        6:  541:    Carte carte4 = Carte("bb", "bb", "a", 1);
        1:  541-block  0
        1:  541-block  1
call    0 returned 1
branch  1 taken 1 (fallthrough)
branch  2 taken 0 (throw)
        1:  541-block  2
call    3 returned 1
branch  4 taken 1 (fallthrough)
branch  5 taken 0 (throw)
        1:  541-block  3
call    6 returned 1
branch  7 taken 1 (fallthrough)
branch  8 taken 0 (throw)
        1:  541-block  4
call    9 returned 1
branch 10 taken 1 (fallthrough)
branch 11 taken 0 (throw)
        1:  541-block  5
call   12 returned 1
        1:  541-block  6
call   13 returned 1
        1:  541-block  7
call   14 returned 1
    $$$$$:  541-block  8
call   15 never executed
    $$$$$:  541-block  9
    $$$$$:  541-block 10
    $$$$$:  541-block 11
call   16 never executed
    $$$$$:  541-block 12
    $$$$$:  541-block 13
    $$$$$:  541-block 14
call   17 never executed
    $$$$$:  541-block 15
    $$$$$:  541-block 16
    $$$$$:  541-block 17
        -:  542:
        -:  543:    try {
        1:  544:        service.adaugare(carte4);
        1:  544-block  0
call    0 returned 1
branch  1 taken 0 (fallthrough)
branch  2 taken 1 (throw)
        1:  545:    }catch (const Exceptions& exceptie){
        1:  545-block  0
branch  0 taken 0 (fallthrough)
branch  1 taken 1
        1:  545-block  1
call    2 returned 1
        1:  546:        assert(exceptie.get_message() == "Date invalide!");
call    0 returned 1
branch  1 taken 1 (fallthrough)
branch  2 taken 0 (throw)
        1:  546-block  0
call    3 returned 1
branch  4 taken 1 (fallthrough)
branch  5 taken 0 (throw)
        1:  546-block  1
branch  6 taken 0 (fallthrough)
branch  7 taken 1
    $$$$$:  546-block  2
call    8 never executed
        1:  546-block  3
        1:  546-block  4
branch  9 taken 1 (fallthrough)
branch 10 taken 0
        1:  546-block  5
call   11 returned 1
    $$$$$:  546-block  6
branch 12 never executed (fallthrough)
branch 13 never executed
    $$$$$:  546-block  7
call   14 never executed
    $$$$$:  546-block  8
        1:  547:    }
        1:  547-block  0
call    0 returned 1
    $$$$$:  547-block  1
call    1 never executed
        -:  548:
        6:  549:    Carte carte5 = Carte("bb", "bb", "aa", 1);
        1:  549-block  0
        1:  549-block  1
call    0 returned 1
branch  1 taken 1 (fallthrough)
branch  2 taken 0 (throw)
        1:  549-block  2
call    3 returned 1
branch  4 taken 1 (fallthrough)
branch  5 taken 0 (throw)
        1:  549-block  3
call    6 returned 1
branch  7 taken 1 (fallthrough)
branch  8 taken 0 (throw)
        1:  549-block  4
call    9 returned 1
branch 10 taken 1 (fallthrough)
branch 11 taken 0 (throw)
        1:  549-block  5
call   12 returned 1
        1:  549-block  6
call   13 returned 1
        1:  549-block  7
call   14 returned 1
    $$$$$:  549-block  8
call   15 never executed
    $$$$$:  549-block  9
    $$$$$:  549-block 10
    $$$$$:  549-block 11
call   16 never executed
    $$$$$:  549-block 12
    $$$$$:  549-block 13
    $$$$$:  549-block 14
call   17 never executed
    $$$$$:  549-block 15
    $$$$$:  549-block 16
    $$$$$:  549-block 17
        -:  550:
        -:  551:    try {
        1:  552:        service.adaugare(carte5);
        1:  552-block  0
call    0 returned 1
branch  1 taken 0 (fallthrough)
branch  2 taken 1 (throw)
        1:  553:    }catch (const Exceptions& exceptie){
        1:  553-block  0
branch  0 taken 0 (fallthrough)
branch  1 taken 1
        1:  553-block  1
call    2 returned 1
        1:  554:        assert(exceptie.get_message() == "Date invalide!");
call    0 returned 1
branch  1 taken 1 (fallthrough)
branch  2 taken 0 (throw)
        1:  554-block  0
call    3 returned 1
branch  4 taken 1 (fallthrough)
branch  5 taken 0 (throw)
        1:  554-block  1
branch  6 taken 0 (fallthrough)
branch  7 taken 1
    $$$$$:  554-block  2
call    8 never executed
        1:  554-block  3
        1:  554-block  4
branch  9 taken 1 (fallthrough)
branch 10 taken 0
        1:  554-block  5
call   11 returned 1
    $$$$$:  554-block  6
branch 12 never executed (fallthrough)
branch 13 never executed
    $$$$$:  554-block  7
call   14 never executed
    $$$$$:  554-block  8
        1:  555:    }
        1:  555-block  0
call    0 returned 1
    $$$$$:  555-block  1
call    1 never executed
        -:  556:
        6:  557:    Carte carte1 = Carte("bbb", "bbbb", "aaaa", 2000);
        1:  557-block  0
        1:  557-block  1
call    0 returned 1
branch  1 taken 1 (fallthrough)
branch  2 taken 0 (throw)
        1:  557-block  2
call    3 returned 1
branch  4 taken 1 (fallthrough)
branch  5 taken 0 (throw)
        1:  557-block  3
call    6 returned 1
branch  7 taken 1 (fallthrough)
branch  8 taken 0 (throw)
        1:  557-block  4
call    9 returned 1
branch 10 taken 1 (fallthrough)
branch 11 taken 0 (throw)
        1:  557-block  5
call   12 returned 1
        1:  557-block  6
call   13 returned 1
        1:  557-block  7
call   14 returned 1
    $$$$$:  557-block  8
call   15 never executed
    $$$$$:  557-block  9
    $$$$$:  557-block 10
    $$$$$:  557-block 11
call   16 never executed
    $$$$$:  557-block 12
    $$$$$:  557-block 13
    $$$$$:  557-block 14
call   17 never executed
    $$$$$:  557-block 15
    $$$$$:  557-block 16
    $$$$$:  557-block 17
        6:  558:    Carte carte2 = Carte("bbb", "bbbb", "aaaa", 2000);
        1:  558-block  0
        1:  558-block  1
call    0 returned 1
branch  1 taken 1 (fallthrough)
branch  2 taken 0 (throw)
        1:  558-block  2
call    3 returned 1
branch  4 taken 1 (fallthrough)
branch  5 taken 0 (throw)
        1:  558-block  3
call    6 returned 1
branch  7 taken 1 (fallthrough)
branch  8 taken 0 (throw)
        1:  558-block  4
call    9 returned 1
branch 10 taken 1 (fallthrough)
branch 11 taken 0 (throw)
        1:  558-block  5
call   12 returned 1
        1:  558-block  6
call   13 returned 1
        1:  558-block  7
call   14 returned 1
    $$$$$:  558-block  8
call   15 never executed
    $$$$$:  558-block  9
    $$$$$:  558-block 10
    $$$$$:  558-block 11
call   16 never executed
    $$$$$:  558-block 12
    $$$$$:  558-block 13
    $$$$$:  558-block 14
call   17 never executed
    $$$$$:  558-block 15
    $$$$$:  558-block 16
    $$$$$:  558-block 17
        1:  559:    service.adaugare(carte1);
        1:  559-block  0
call    0 returned 1
branch  1 taken 1 (fallthrough)
branch  2 taken 0 (throw)
        -:  560:
        -:  561:    try {
        1:  562:        service.adaugare(carte2);
        1:  562-block  0
call    0 returned 1
branch  1 taken 0 (fallthrough)
branch  2 taken 1 (throw)
        1:  563:    }catch (const Exceptions& exceptie){
        1:  563-block  0
branch  0 taken 0 (fallthrough)
branch  1 taken 1
        1:  563-block  1
call    2 returned 1
        1:  564:        assert(exceptie.get_message() == "Cartea exista deja!");
call    0 returned 1
branch  1 taken 1 (fallthrough)
branch  2 taken 0 (throw)
        1:  564-block  0
call    3 returned 1
branch  4 taken 1 (fallthrough)
branch  5 taken 0 (throw)
        1:  564-block  1
branch  6 taken 0 (fallthrough)
branch  7 taken 1
    $$$$$:  564-block  2
call    8 never executed
        1:  564-block  3
        1:  564-block  4
branch  9 taken 1 (fallthrough)
branch 10 taken 0
        1:  564-block  5
call   11 returned 1
    $$$$$:  564-block  6
branch 12 never executed (fallthrough)
branch 13 never executed
    $$$$$:  564-block  7
call   14 never executed
    $$$$$:  564-block  8
        1:  565:    }
        1:  565-block  0
call    0 returned 1
    $$$$$:  565-block  1
call    1 never executed
        -:  566:
        -:  567:    try {
        1:  568:        service.modificare(carte1, carte);
        1:  568-block  0
call    0 returned 1
branch  1 taken 0 (fallthrough)
branch  2 taken 1 (throw)
        1:  569:    }catch (const Exceptions& exceptie){
        1:  569-block  0
branch  0 taken 0 (fallthrough)
branch  1 taken 1
        1:  569-block  1
call    2 returned 1
        1:  570:        assert(exceptie.get_message() == "Date invalide!");
call    0 returned 1
branch  1 taken 1 (fallthrough)
branch  2 taken 0 (throw)
        1:  570-block  0
call    3 returned 1
branch  4 taken 1 (fallthrough)
branch  5 taken 0 (throw)
        1:  570-block  1
branch  6 taken 0 (fallthrough)
branch  7 taken 1
    $$$$$:  570-block  2
call    8 never executed
        1:  570-block  3
        1:  570-block  4
branch  9 taken 1 (fallthrough)
branch 10 taken 0
        1:  570-block  5
call   11 returned 1
    $$$$$:  570-block  6
branch 12 never executed (fallthrough)
branch 13 never executed
    $$$$$:  570-block  7
call   14 never executed
    $$$$$:  570-block  8
        1:  571:    }
        1:  571-block  0
call    0 returned 1
    $$$$$:  571-block  1
call    1 never executed
        -:  572:
        -:  573:    try{
        1:  574:        service.modificare(carte, carte1);
        1:  574-block  0
call    0 returned 1
branch  1 taken 0 (fallthrough)
branch  2 taken 1 (throw)
        1:  575:    }catch (const Exceptions& execptie){
        1:  575-block  0
branch  0 taken 0 (fallthrough)
branch  1 taken 1
        1:  575-block  1
call    2 returned 1
        1:  576:        assert(execptie.get_message() == "Cartea nu exista!");
call    0 returned 1
branch  1 taken 1 (fallthrough)
branch  2 taken 0 (throw)
        1:  576-block  0
call    3 returned 1
branch  4 taken 1 (fallthrough)
branch  5 taken 0 (throw)
        1:  576-block  1
branch  6 taken 0 (fallthrough)
branch  7 taken 1
    $$$$$:  576-block  2
call    8 never executed
        1:  576-block  3
        1:  576-block  4
branch  9 taken 1 (fallthrough)
branch 10 taken 0
        1:  576-block  5
call   11 returned 1
    $$$$$:  576-block  6
branch 12 never executed (fallthrough)
branch 13 never executed
    $$$$$:  576-block  7
call   14 never executed
    $$$$$:  576-block  8
        1:  577:    }
        1:  577-block  0
call    0 returned 1
    $$$$$:  577-block  1
call    1 never executed
        -:  578:
        1:  579:}
        1:  579-block  0
call    0 returned 1
call    1 returned 1
call    2 returned 1
call    3 returned 1
call    4 returned 1
call    5 returned 1
call    6 returned 1
call    7 returned 1
call    8 returned 1
    $$$$$:  579-block  1
call    9 never executed
    $$$$$:  579-block  2
call   10 never executed
    $$$$$:  579-block  3
call   11 never executed
    $$$$$:  579-block  4
call   12 never executed
    $$$$$:  579-block  5
call   13 never executed
    $$$$$:  579-block  6
call   14 never executed
    $$$$$:  579-block  7
call   15 never executed
    $$$$$:  579-block  8
call   16 never executed
    $$$$$:  579-block  9
call   17 never executed
        -:  580:
        -:  581:
function _ZN4Test10test_mesajEv called 1 returned 100% blocks executed 55%
        1:  582:void Test::test_mesaj() {
        -:  583:
        1:  584:    IndexInvalid exceptie1;
        1:  584-block  0
call    0 returned 1
       1*:  585:    assert(exceptie1.get_message() == "Pozitie invalida!");
call    0 returned 1
branch  1 taken 1 (fallthrough)
branch  2 taken 0 (throw)
        1:  585-block  0
call    3 returned 1
branch  4 taken 1 (fallthrough)
branch  5 taken 0 (throw)
        1:  585-block  1
branch  6 taken 0 (fallthrough)
branch  7 taken 1
    %%%%%:  585-block  2
call    8 never executed
        1:  585-block  3
        1:  585-block  4
branch  9 taken 1 (fallthrough)
branch 10 taken 0
        1:  585-block  5
call   11 returned 1
    $$$$$:  585-block  6
branch 12 never executed (fallthrough)
branch 13 never executed
    $$$$$:  585-block  7
call   14 never executed
    $$$$$:  585-block  8
        -:  586:
        1:  587:    CarteExistenta exceptie2;
        1:  587-block  0
call    0 returned 1
       1*:  588:    assert(exceptie2.get_message() == "Cartea exista deja!");
call    0 returned 1
branch  1 taken 1 (fallthrough)
branch  2 taken 0 (throw)
        1:  588-block  0
call    3 returned 1
branch  4 taken 1 (fallthrough)
branch  5 taken 0 (throw)
        1:  588-block  1
branch  6 taken 0 (fallthrough)
branch  7 taken 1
    %%%%%:  588-block  2
call    8 never executed
        1:  588-block  3
        1:  588-block  4
branch  9 taken 1 (fallthrough)
branch 10 taken 0
        1:  588-block  5
call   11 returned 1
    $$$$$:  588-block  6
branch 12 never executed (fallthrough)
branch 13 never executed
    $$$$$:  588-block  7
call   14 never executed
    $$$$$:  588-block  8
        -:  589:
        1:  590:    Dateinvalide exceptie3;
        1:  590-block  0
call    0 returned 1
       1*:  591:    assert(exceptie3.get_message() == "Date invalide!");
call    0 returned 1
branch  1 taken 1 (fallthrough)
branch  2 taken 0 (throw)
        1:  591-block  0
call    3 returned 1
branch  4 taken 1 (fallthrough)
branch  5 taken 0 (throw)
        1:  591-block  1
branch  6 taken 0 (fallthrough)
branch  7 taken 1
    %%%%%:  591-block  2
call    8 never executed
        1:  591-block  3
        1:  591-block  4
branch  9 taken 1 (fallthrough)
branch 10 taken 0
        1:  591-block  5
call   11 returned 1
    $$$$$:  591-block  6
branch 12 never executed (fallthrough)
branch 13 never executed
    $$$$$:  591-block  7
call   14 never executed
    $$$$$:  591-block  8
        -:  592:
        1:  593:    CarteaNuExista exceptie4;
        1:  593-block  0
call    0 returned 1
       1*:  594:    assert(exceptie4.get_message() == "Cartea nu exista!");
call    0 returned 1
branch  1 taken 1 (fallthrough)
branch  2 taken 0 (throw)
        1:  594-block  0
call    3 returned 1
branch  4 taken 1 (fallthrough)
branch  5 taken 0 (throw)
        1:  594-block  1
branch  6 taken 0 (fallthrough)
branch  7 taken 1
    %%%%%:  594-block  2
call    8 never executed
        1:  594-block  3
        1:  594-block  4
branch  9 taken 1 (fallthrough)
branch 10 taken 0
        1:  594-block  5
call   11 returned 1
    $$$$$:  594-block  6
branch 12 never executed (fallthrough)
branch 13 never executed
    $$$$$:  594-block  7
call   14 never executed
    $$$$$:  594-block  8
        -:  595:
        -:  596:
        1:  597:}
        1:  597-block  0
call    0 returned 1
call    1 returned 1
call    2 returned 1
call    3 returned 1
    $$$$$:  597-block  1
call    4 never executed
    $$$$$:  597-block  2
call    5 never executed
    $$$$$:  597-block  3
call    6 never executed
    $$$$$:  597-block  4
call    7 never executed
        -:  598:
        -:  599:
        -:  600:
function _ZN4Test8test_allEv called 1 returned 100% blocks executed 100%
        1:  601:void Test::test_all() {
        -:  602:
        1:  603:    test_create_carte();
        1:  603-block  0
call    0 returned 1
        1:  604:    test_get_titlu();
call    0 returned 1
        1:  605:    test_get_autor();
call    0 returned 1
        1:  606:    test_get_gen();
call    0 returned 1
        1:  607:    test_get_an();
call    0 returned 1
        1:  608:    test_set_titlu();
call    0 returned 1
        1:  609:    test_set_autor();
call    0 returned 1
        1:  610:    test_set_gen();
call    0 returned 1
        1:  611:    test_set_an();
call    0 returned 1
        -:  612:
        1:  613:    test_adaugare_carte();
call    0 returned 1
        1:  614:    test_modificare_carte();
call    0 returned 1
        1:  615:    test_stergere_carte();
call    0 returned 1
        1:  616:    test_find_carte();
call    0 returned 1
        1:  617:    test_add_file();
call    0 returned 1
        1:  618:    test_modifica_file();
call    0 returned 1
        1:  619:    test_sterge_file();
call    0 returned 1
        1:  620:    test_add_dictionar();
call    0 returned 1
        1:  621:    test_modificare_dictionar();
call    0 returned 1
        1:  622:    test_sterge_dictionar();
call    0 returned 1
        1:  623:    test_find_dictionar();
call    0 returned 1
        1:  624:    test_all_dictionar();
call    0 returned 1
        -:  625:
        1:  626:    test_service_add();
call    0 returned 1
        1:  627:    test_service_modificare();
call    0 returned 1
        1:  628:    test_service_stergere();
call    0 returned 1
        1:  629:    test_service_find();
call    0 returned 1
        1:  630:    test_filtrare_titlu();
call    0 returned 1
        1:  631:    test_filtrare_an();
call    0 returned 1
        1:  632:    test_comparare();
call    0 returned 1
        1:  633:    test_sortare();
call    0 returned 1
        1:  634:    test_get_all();
call    0 returned 1
        1:  635:    test_raport();
call    0 returned 1
        1:  636:    test_find_carte_titlu();
call    0 returned 1
        1:  637:    test_undo();
call    0 returned 1
        -:  638:
        1:  639:    test_adauga_cos_cos();
call    0 returned 1
        1:  640:    test_golire_cos_cos();
call    0 returned 1
        1:  641:    test_carti_random_cos();
call    0 returned 1
        1:  642:    test_export_cos_cos();
call    0 returned 1
        -:  643:
        1:  644:    test_validari();
call    0 returned 1
        1:  645:    test_mesaj();
call    0 returned 1
        -:  646:
        1:  647:}
        -:  648:
        -:  649:
        -:  650:
        -:  651:
        -:  652:
        -:  653:
        -:  654:
        -:  655:
        -:  656:
        -:  657:
        -:  658:
        -:  659:
        -:  660:
        -:  661:
        -:  662:
        -:  663:
        -:  664:
        -:  665:
        -:  666:
        -:  667:
